/home/user/hcc_lab2/install/tello_localization/lib/python3.8/site-packages/tello_localization/control_tello_ekf.py
/home/user/hcc_lab2/install/tello_localization/lib/python3.8/site-packages/tello_localization/__init__.py
/home/user/hcc_lab2/install/tello_localization/lib/python3.8/site-packages/tello_localization/ekf_localization_node.py
/home/user/hcc_lab2/install/tello_localization/lib/python3.8/site-packages/tello_localization/tag_tf_broadcaster.py
/home/user/hcc_lab2/install/tello_localization/lib/python3.8/site-packages/tello_localization/apriltag_detector_node.py
/home/user/hcc_lab2/install/tello_localization/lib/python3.8/site-packages/tello_localization/__pycache__/control_tello_ekf.cpython-38.pyc
/home/user/hcc_lab2/install/tello_localization/lib/python3.8/site-packages/tello_localization/__pycache__/__init__.cpython-38.pyc
/home/user/hcc_lab2/install/tello_localization/lib/python3.8/site-packages/tello_localization/__pycache__/ekf_localization_node.cpython-38.pyc
/home/user/hcc_lab2/install/tello_localization/lib/python3.8/site-packages/tello_localization/__pycache__/tag_tf_broadcaster.cpython-38.pyc
/home/user/hcc_lab2/install/tello_localization/lib/python3.8/site-packages/tello_localization/__pycache__/apriltag_detector_node.cpython-38.pyc
/home/user/hcc_lab2/install/tello_localization/share/tello_localization/package.xml
/home/user/hcc_lab2/install/tello_localization/share/tello_localization/launch/localization_launch.py
/home/user/hcc_lab2/install/tello_localization/share/tello_localization/rviz/config.rviz
/home/user/hcc_lab2/install/tello_localization/share/tello_localization/map/apriltag_map.yaml
/home/user/hcc_lab2/install/tello_localization/lib/python3.8/site-packages/tello_localization-0.1.0-py3.8.egg-info/top_level.txt
/home/user/hcc_lab2/install/tello_localization/lib/python3.8/site-packages/tello_localization-0.1.0-py3.8.egg-info/requires.txt
/home/user/hcc_lab2/install/tello_localization/lib/python3.8/site-packages/tello_localization-0.1.0-py3.8.egg-info/entry_points.txt
/home/user/hcc_lab2/install/tello_localization/lib/python3.8/site-packages/tello_localization-0.1.0-py3.8.egg-info/PKG-INFO
/home/user/hcc_lab2/install/tello_localization/lib/python3.8/site-packages/tello_localization-0.1.0-py3.8.egg-info/SOURCES.txt
/home/user/hcc_lab2/install/tello_localization/lib/python3.8/site-packages/tello_localization-0.1.0-py3.8.egg-info/zip-safe
/home/user/hcc_lab2/install/tello_localization/lib/python3.8/site-packages/tello_localization-0.1.0-py3.8.egg-info/dependency_links.txt
/home/user/hcc_lab2/install/tello_localization/lib/tello_localization/apriltag_detector_node
/home/user/hcc_lab2/install/tello_localization/lib/tello_localization/control_tello_ekf
/home/user/hcc_lab2/install/tello_localization/lib/tello_localization/ekf_localization_node
/home/user/hcc_lab2/install/tello_localization/lib/tello_localization/tag_tf_broadcaster
