[0.520s] DEBUG:colcon:Command line arguments: ['/usr/bin/colcon', 'build', '--event-handlers', 'console_direct+', '--packages-skip', 'tello_gazebo']
[0.520s] DEBUG:colcon:Parsed command line arguments: Namespace(allow_overriding=[], ament_cmake_args=None, base_paths=['.'], build_base='build', catkin_cmake_args=None, catkin_skip_building_tests=False, cmake_args=None, cmake_clean_cache=False, cmake_clean_first=False, cmake_force_configure=False, cmake_target=None, cmake_target_skip_unavailable=False, continue_on_error=False, event_handlers=['console_direct+'], executor='parallel', ignore_user_meta=False, install_base='install', log_base=None, log_level=None, main=<bound method BuildVerb.main of <colcon_core.verb.build.BuildVerb object at 0x7fee24e447f0>>, merge_install=False, metas=['./colcon.meta'], packages_above=None, packages_above_and_dependencies=None, packages_above_depth=None, packages_end=None, packages_ignore=None, packages_ignore_regex=None, packages_select=None, packages_select_build_failed=False, packages_select_by_dep=None, packages_select_regex=None, packages_select_test_failures=False, packages_skip=['tello_gazebo'], packages_skip_build_finished=False, packages_skip_by_dep=None, packages_skip_regex=None, packages_skip_test_passed=False, packages_skip_up_to=None, packages_start=None, packages_up_to=None, packages_up_to_regex=None, parallel_workers=4, paths=None, symlink_install=False, test_result_base=None, verb_extension=<colcon_core.verb.build.BuildVerb object at 0x7fee24e447f0>, verb_name='build', verb_parser=<colcon_defaults.argument_parser.defaults.DefaultArgumentsDecorator object at 0x7fee24e44cd0>)
[0.707s] Level 1:colcon.colcon_core.package_discovery:discover_packages(colcon_meta) check parameters
[0.707s] Level 1:colcon.colcon_core.package_discovery:discover_packages(recursive) check parameters
[0.707s] Level 1:colcon.colcon_core.package_discovery:discover_packages(ignore) check parameters
[0.707s] Level 1:colcon.colcon_core.package_discovery:discover_packages(path) check parameters
[0.707s] Level 1:colcon.colcon_core.package_discovery:discover_packages(colcon_meta) discover
[0.707s] Level 1:colcon.colcon_core.package_discovery:discover_packages(recursive) discover
[0.707s] INFO:colcon.colcon_core.package_discovery:Crawling recursively for packages in '/home/user/hcc_lab2'
[0.708s] Level 1:colcon.colcon_core.package_identification:_identify(.) by extensions ['ignore', 'ignore_ament_install']
[0.708s] Level 1:colcon.colcon_core.package_identification:_identify(.) by extension 'ignore'
[0.708s] Level 1:colcon.colcon_core.package_identification:_identify(.) by extension 'ignore_ament_install'
[0.708s] Level 1:colcon.colcon_core.package_identification:_identify(.) by extensions ['colcon_pkg']
[0.708s] Level 1:colcon.colcon_core.package_identification:_identify(.) by extension 'colcon_pkg'
[0.708s] Level 1:colcon.colcon_core.package_identification:_identify(.) by extensions ['colcon_meta']
[0.708s] Level 1:colcon.colcon_core.package_identification:_identify(.) by extension 'colcon_meta'
[0.708s] Level 1:colcon.colcon_core.package_identification:_identify(.) by extensions ['ros']
[0.708s] Level 1:colcon.colcon_core.package_identification:_identify(.) by extension 'ros'
[0.724s] Level 1:colcon.colcon_core.package_identification:_identify(.) by extensions ['cmake', 'python']
[0.725s] Level 1:colcon.colcon_core.package_identification:_identify(.) by extension 'cmake'
[0.725s] Level 1:colcon.colcon_core.package_identification:_identify(.) by extension 'python'
[0.725s] Level 1:colcon.colcon_core.package_identification:_identify(.) by extensions ['python_setup_py']
[0.725s] Level 1:colcon.colcon_core.package_identification:_identify(.) by extension 'python_setup_py'
[0.725s] Level 1:colcon.colcon_core.package_identification:_identify(build) by extensions ['ignore', 'ignore_ament_install']
[0.725s] Level 1:colcon.colcon_core.package_identification:_identify(build) by extension 'ignore'
[0.725s] Level 1:colcon.colcon_core.package_identification:_identify(build) ignored
[0.725s] Level 1:colcon.colcon_core.package_identification:_identify(install) by extensions ['ignore', 'ignore_ament_install']
[0.725s] Level 1:colcon.colcon_core.package_identification:_identify(install) by extension 'ignore'
[0.725s] Level 1:colcon.colcon_core.package_identification:_identify(install) ignored
[0.726s] Level 1:colcon.colcon_core.package_identification:_identify(log) by extensions ['ignore', 'ignore_ament_install']
[0.726s] Level 1:colcon.colcon_core.package_identification:_identify(log) by extension 'ignore'
[0.726s] Level 1:colcon.colcon_core.package_identification:_identify(log) ignored
[0.726s] Level 1:colcon.colcon_core.package_identification:_identify(src) by extensions ['ignore', 'ignore_ament_install']
[0.726s] Level 1:colcon.colcon_core.package_identification:_identify(src) by extension 'ignore'
[0.726s] Level 1:colcon.colcon_core.package_identification:_identify(src) by extension 'ignore_ament_install'
[0.726s] Level 1:colcon.colcon_core.package_identification:_identify(src) by extensions ['colcon_pkg']
[0.726s] Level 1:colcon.colcon_core.package_identification:_identify(src) by extension 'colcon_pkg'
[0.726s] Level 1:colcon.colcon_core.package_identification:_identify(src) by extensions ['colcon_meta']
[0.726s] Level 1:colcon.colcon_core.package_identification:_identify(src) by extension 'colcon_meta'
[0.726s] Level 1:colcon.colcon_core.package_identification:_identify(src) by extensions ['ros']
[0.726s] Level 1:colcon.colcon_core.package_identification:_identify(src) by extension 'ros'
[0.726s] Level 1:colcon.colcon_core.package_identification:_identify(src) by extensions ['cmake', 'python']
[0.726s] Level 1:colcon.colcon_core.package_identification:_identify(src) by extension 'cmake'
[0.726s] Level 1:colcon.colcon_core.package_identification:_identify(src) by extension 'python'
[0.726s] Level 1:colcon.colcon_core.package_identification:_identify(src) by extensions ['python_setup_py']
[0.726s] Level 1:colcon.colcon_core.package_identification:_identify(src) by extension 'python_setup_py'
[0.727s] Level 1:colcon.colcon_core.package_identification:_identify(src/ros2_shared) by extensions ['ignore', 'ignore_ament_install']
[0.727s] Level 1:colcon.colcon_core.package_identification:_identify(src/ros2_shared) by extension 'ignore'
[0.727s] Level 1:colcon.colcon_core.package_identification:_identify(src/ros2_shared) by extension 'ignore_ament_install'
[0.727s] Level 1:colcon.colcon_core.package_identification:_identify(src/ros2_shared) by extensions ['colcon_pkg']
[0.727s] Level 1:colcon.colcon_core.package_identification:_identify(src/ros2_shared) by extension 'colcon_pkg'
[0.727s] Level 1:colcon.colcon_core.package_identification:_identify(src/ros2_shared) by extensions ['colcon_meta']
[0.727s] Level 1:colcon.colcon_core.package_identification:_identify(src/ros2_shared) by extension 'colcon_meta'
[0.727s] Level 1:colcon.colcon_core.package_identification:_identify(src/ros2_shared) by extensions ['ros']
[0.727s] Level 1:colcon.colcon_core.package_identification:_identify(src/ros2_shared) by extension 'ros'
[0.730s] DEBUG:colcon.colcon_core.package_identification:Package 'src/ros2_shared' with type 'ros.ament_cmake' and name 'ros2_shared'
[0.731s] Level 1:colcon.colcon_core.package_identification:_identify(src/tello_localization) by extensions ['ignore', 'ignore_ament_install']
[0.731s] Level 1:colcon.colcon_core.package_identification:_identify(src/tello_localization) by extension 'ignore'
[0.731s] Level 1:colcon.colcon_core.package_identification:_identify(src/tello_localization) by extension 'ignore_ament_install'
[0.731s] Level 1:colcon.colcon_core.package_identification:_identify(src/tello_localization) by extensions ['colcon_pkg']
[0.731s] Level 1:colcon.colcon_core.package_identification:_identify(src/tello_localization) by extension 'colcon_pkg'
[0.731s] Level 1:colcon.colcon_core.package_identification:_identify(src/tello_localization) by extensions ['colcon_meta']
[0.731s] Level 1:colcon.colcon_core.package_identification:_identify(src/tello_localization) by extension 'colcon_meta'
[0.731s] Level 1:colcon.colcon_core.package_identification:_identify(src/tello_localization) by extensions ['ros']
[0.731s] Level 1:colcon.colcon_core.package_identification:_identify(src/tello_localization) by extension 'ros'
[0.732s] DEBUG:colcon.colcon_core.package_identification:Package 'src/tello_localization' with type 'ros.ament_python' and name 'tello_localization'
[0.732s] Level 1:colcon.colcon_core.package_identification:_identify(src/tello_ros) by extensions ['ignore', 'ignore_ament_install']
[0.732s] Level 1:colcon.colcon_core.package_identification:_identify(src/tello_ros) by extension 'ignore'
[0.732s] Level 1:colcon.colcon_core.package_identification:_identify(src/tello_ros) by extension 'ignore_ament_install'
[0.732s] Level 1:colcon.colcon_core.package_identification:_identify(src/tello_ros) by extensions ['colcon_pkg']
[0.732s] Level 1:colcon.colcon_core.package_identification:_identify(src/tello_ros) by extension 'colcon_pkg'
[0.732s] Level 1:colcon.colcon_core.package_identification:_identify(src/tello_ros) by extensions ['colcon_meta']
[0.732s] Level 1:colcon.colcon_core.package_identification:_identify(src/tello_ros) by extension 'colcon_meta'
[0.732s] Level 1:colcon.colcon_core.package_identification:_identify(src/tello_ros) by extensions ['ros']
[0.732s] Level 1:colcon.colcon_core.package_identification:_identify(src/tello_ros) by extension 'ros'
[0.733s] Level 1:colcon.colcon_core.package_identification:_identify(src/tello_ros) by extensions ['cmake', 'python']
[0.733s] Level 1:colcon.colcon_core.package_identification:_identify(src/tello_ros) by extension 'cmake'
[0.733s] Level 1:colcon.colcon_core.package_identification:_identify(src/tello_ros) by extension 'python'
[0.733s] Level 1:colcon.colcon_core.package_identification:_identify(src/tello_ros) by extensions ['python_setup_py']
[0.733s] Level 1:colcon.colcon_core.package_identification:_identify(src/tello_ros) by extension 'python_setup_py'
[0.733s] Level 1:colcon.colcon_core.package_identification:_identify(src/tello_ros/tello_description) by extensions ['ignore', 'ignore_ament_install']
[0.733s] Level 1:colcon.colcon_core.package_identification:_identify(src/tello_ros/tello_description) by extension 'ignore'
[0.733s] Level 1:colcon.colcon_core.package_identification:_identify(src/tello_ros/tello_description) by extension 'ignore_ament_install'
[0.733s] Level 1:colcon.colcon_core.package_identification:_identify(src/tello_ros/tello_description) by extensions ['colcon_pkg']
[0.733s] Level 1:colcon.colcon_core.package_identification:_identify(src/tello_ros/tello_description) by extension 'colcon_pkg'
[0.733s] Level 1:colcon.colcon_core.package_identification:_identify(src/tello_ros/tello_description) by extensions ['colcon_meta']
[0.733s] Level 1:colcon.colcon_core.package_identification:_identify(src/tello_ros/tello_description) by extension 'colcon_meta'
[0.733s] Level 1:colcon.colcon_core.package_identification:_identify(src/tello_ros/tello_description) by extensions ['ros']
[0.733s] Level 1:colcon.colcon_core.package_identification:_identify(src/tello_ros/tello_description) by extension 'ros'
[0.734s] DEBUG:colcon.colcon_core.package_identification:Package 'src/tello_ros/tello_description' with type 'ros.ament_cmake' and name 'tello_description'
[0.734s] Level 1:colcon.colcon_core.package_identification:_identify(src/tello_ros/tello_driver) by extensions ['ignore', 'ignore_ament_install']
[0.734s] Level 1:colcon.colcon_core.package_identification:_identify(src/tello_ros/tello_driver) by extension 'ignore'
[0.734s] Level 1:colcon.colcon_core.package_identification:_identify(src/tello_ros/tello_driver) by extension 'ignore_ament_install'
[0.734s] Level 1:colcon.colcon_core.package_identification:_identify(src/tello_ros/tello_driver) by extensions ['colcon_pkg']
[0.735s] Level 1:colcon.colcon_core.package_identification:_identify(src/tello_ros/tello_driver) by extension 'colcon_pkg'
[0.735s] Level 1:colcon.colcon_core.package_identification:_identify(src/tello_ros/tello_driver) by extensions ['colcon_meta']
[0.735s] Level 1:colcon.colcon_core.package_identification:_identify(src/tello_ros/tello_driver) by extension 'colcon_meta'
[0.735s] Level 1:colcon.colcon_core.package_identification:_identify(src/tello_ros/tello_driver) by extensions ['ros']
[0.735s] Level 1:colcon.colcon_core.package_identification:_identify(src/tello_ros/tello_driver) by extension 'ros'
[0.736s] DEBUG:colcon.colcon_core.package_identification:Package 'src/tello_ros/tello_driver' with type 'ros.ament_cmake' and name 'tello_driver'
[0.737s] Level 1:colcon.colcon_core.package_identification:_identify(src/tello_ros/tello_gazebo) by extensions ['ignore', 'ignore_ament_install']
[0.737s] Level 1:colcon.colcon_core.package_identification:_identify(src/tello_ros/tello_gazebo) by extension 'ignore'
[0.737s] Level 1:colcon.colcon_core.package_identification:_identify(src/tello_ros/tello_gazebo) by extension 'ignore_ament_install'
[0.737s] Level 1:colcon.colcon_core.package_identification:_identify(src/tello_ros/tello_gazebo) by extensions ['colcon_pkg']
[0.737s] Level 1:colcon.colcon_core.package_identification:_identify(src/tello_ros/tello_gazebo) by extension 'colcon_pkg'
[0.737s] Level 1:colcon.colcon_core.package_identification:_identify(src/tello_ros/tello_gazebo) by extensions ['colcon_meta']
[0.737s] Level 1:colcon.colcon_core.package_identification:_identify(src/tello_ros/tello_gazebo) by extension 'colcon_meta'
[0.737s] Level 1:colcon.colcon_core.package_identification:_identify(src/tello_ros/tello_gazebo) by extensions ['ros']
[0.737s] Level 1:colcon.colcon_core.package_identification:_identify(src/tello_ros/tello_gazebo) by extension 'ros'
[0.738s] DEBUG:colcon.colcon_core.package_identification:Package 'src/tello_ros/tello_gazebo' with type 'ros.ament_cmake' and name 'tello_gazebo'
[0.739s] Level 1:colcon.colcon_core.package_identification:_identify(src/tello_ros/tello_msgs) by extensions ['ignore', 'ignore_ament_install']
[0.739s] Level 1:colcon.colcon_core.package_identification:_identify(src/tello_ros/tello_msgs) by extension 'ignore'
[0.739s] Level 1:colcon.colcon_core.package_identification:_identify(src/tello_ros/tello_msgs) by extension 'ignore_ament_install'
[0.739s] Level 1:colcon.colcon_core.package_identification:_identify(src/tello_ros/tello_msgs) by extensions ['colcon_pkg']
[0.739s] Level 1:colcon.colcon_core.package_identification:_identify(src/tello_ros/tello_msgs) by extension 'colcon_pkg'
[0.739s] Level 1:colcon.colcon_core.package_identification:_identify(src/tello_ros/tello_msgs) by extensions ['colcon_meta']
[0.739s] Level 1:colcon.colcon_core.package_identification:_identify(src/tello_ros/tello_msgs) by extension 'colcon_meta'
[0.739s] Level 1:colcon.colcon_core.package_identification:_identify(src/tello_ros/tello_msgs) by extensions ['ros']
[0.739s] Level 1:colcon.colcon_core.package_identification:_identify(src/tello_ros/tello_msgs) by extension 'ros'
[0.740s] DEBUG:colcon.colcon_core.package_identification:Package 'src/tello_ros/tello_msgs' with type 'ros.ament_cmake' and name 'tello_msgs'
[0.740s] Level 1:colcon.colcon_core.package_discovery:discover_packages(recursive) using defaults
[0.740s] Level 1:colcon.colcon_core.package_discovery:discover_packages(ignore) discover
[0.740s] Level 1:colcon.colcon_core.package_discovery:discover_packages(ignore) using defaults
[0.740s] Level 1:colcon.colcon_core.package_discovery:discover_packages(path) discover
[0.740s] Level 1:colcon.colcon_core.package_discovery:discover_packages(path) using defaults
[0.762s] INFO:colcon.colcon_core.package_selection:Skipping package 'tello_gazebo' in 'src/tello_ros/tello_gazebo'
[0.763s] Level 1:colcon.colcon_core.package_discovery:discover_packages(prefix_path) check parameters
[0.763s] Level 1:colcon.colcon_core.package_discovery:discover_packages(prefix_path) discover
[0.771s] DEBUG:colcon.colcon_installed_package_information.package_discovery:Found 257 installed packages in /opt/ros/foxy
[0.774s] Level 1:colcon.colcon_core.package_discovery:discover_packages(prefix_path) using defaults
[0.956s] Level 5:colcon.colcon_core.verb:set package 'ros2_shared' build argument 'cmake_args' from command line to 'None'
[0.956s] Level 5:colcon.colcon_core.verb:set package 'ros2_shared' build argument 'cmake_target' from command line to 'None'
[0.956s] Level 5:colcon.colcon_core.verb:set package 'ros2_shared' build argument 'cmake_target_skip_unavailable' from command line to 'False'
[0.956s] Level 5:colcon.colcon_core.verb:set package 'ros2_shared' build argument 'cmake_clean_cache' from command line to 'False'
[0.956s] Level 5:colcon.colcon_core.verb:set package 'ros2_shared' build argument 'cmake_clean_first' from command line to 'False'
[0.956s] Level 5:colcon.colcon_core.verb:set package 'ros2_shared' build argument 'cmake_force_configure' from command line to 'False'
[0.956s] Level 5:colcon.colcon_core.verb:set package 'ros2_shared' build argument 'ament_cmake_args' from command line to 'None'
[0.956s] Level 5:colcon.colcon_core.verb:set package 'ros2_shared' build argument 'catkin_cmake_args' from command line to 'None'
[0.956s] Level 5:colcon.colcon_core.verb:set package 'ros2_shared' build argument 'catkin_skip_building_tests' from command line to 'False'
[0.956s] DEBUG:colcon.colcon_core.verb:Building package 'ros2_shared' with the following arguments: {'ament_cmake_args': None, 'build_base': '/home/user/hcc_lab2/build/ros2_shared', 'catkin_cmake_args': None, 'catkin_skip_building_tests': False, 'cmake_args': None, 'cmake_clean_cache': False, 'cmake_clean_first': False, 'cmake_force_configure': False, 'cmake_target': None, 'cmake_target_skip_unavailable': False, 'install_base': '/home/user/hcc_lab2/install/ros2_shared', 'merge_install': False, 'path': '/home/user/hcc_lab2/src/ros2_shared', 'symlink_install': False, 'test_result_base': None}
[0.957s] Level 5:colcon.colcon_core.verb:set package 'tello_description' build argument 'cmake_args' from command line to 'None'
[0.957s] Level 5:colcon.colcon_core.verb:set package 'tello_description' build argument 'cmake_target' from command line to 'None'
[0.957s] Level 5:colcon.colcon_core.verb:set package 'tello_description' build argument 'cmake_target_skip_unavailable' from command line to 'False'
[0.957s] Level 5:colcon.colcon_core.verb:set package 'tello_description' build argument 'cmake_clean_cache' from command line to 'False'
[0.957s] Level 5:colcon.colcon_core.verb:set package 'tello_description' build argument 'cmake_clean_first' from command line to 'False'
[0.957s] Level 5:colcon.colcon_core.verb:set package 'tello_description' build argument 'cmake_force_configure' from command line to 'False'
[0.957s] Level 5:colcon.colcon_core.verb:set package 'tello_description' build argument 'ament_cmake_args' from command line to 'None'
[0.957s] Level 5:colcon.colcon_core.verb:set package 'tello_description' build argument 'catkin_cmake_args' from command line to 'None'
[0.957s] Level 5:colcon.colcon_core.verb:set package 'tello_description' build argument 'catkin_skip_building_tests' from command line to 'False'
[0.957s] DEBUG:colcon.colcon_core.verb:Building package 'tello_description' with the following arguments: {'ament_cmake_args': None, 'build_base': '/home/user/hcc_lab2/build/tello_description', 'catkin_cmake_args': None, 'catkin_skip_building_tests': False, 'cmake_args': None, 'cmake_clean_cache': False, 'cmake_clean_first': False, 'cmake_force_configure': False, 'cmake_target': None, 'cmake_target_skip_unavailable': False, 'install_base': '/home/user/hcc_lab2/install/tello_description', 'merge_install': False, 'path': '/home/user/hcc_lab2/src/tello_ros/tello_description', 'symlink_install': False, 'test_result_base': None}
[0.957s] Level 5:colcon.colcon_core.verb:set package 'tello_localization' build argument 'cmake_args' from command line to 'None'
[0.957s] Level 5:colcon.colcon_core.verb:set package 'tello_localization' build argument 'cmake_target' from command line to 'None'
[0.957s] Level 5:colcon.colcon_core.verb:set package 'tello_localization' build argument 'cmake_target_skip_unavailable' from command line to 'False'
[0.957s] Level 5:colcon.colcon_core.verb:set package 'tello_localization' build argument 'cmake_clean_cache' from command line to 'False'
[0.957s] Level 5:colcon.colcon_core.verb:set package 'tello_localization' build argument 'cmake_clean_first' from command line to 'False'
[0.957s] Level 5:colcon.colcon_core.verb:set package 'tello_localization' build argument 'cmake_force_configure' from command line to 'False'
[0.957s] Level 5:colcon.colcon_core.verb:set package 'tello_localization' build argument 'ament_cmake_args' from command line to 'None'
[0.957s] Level 5:colcon.colcon_core.verb:set package 'tello_localization' build argument 'catkin_cmake_args' from command line to 'None'
[0.957s] Level 5:colcon.colcon_core.verb:set package 'tello_localization' build argument 'catkin_skip_building_tests' from command line to 'False'
[0.957s] DEBUG:colcon.colcon_core.verb:Building package 'tello_localization' with the following arguments: {'ament_cmake_args': None, 'build_base': '/home/user/hcc_lab2/build/tello_localization', 'catkin_cmake_args': None, 'catkin_skip_building_tests': False, 'cmake_args': None, 'cmake_clean_cache': False, 'cmake_clean_first': False, 'cmake_force_configure': False, 'cmake_target': None, 'cmake_target_skip_unavailable': False, 'install_base': '/home/user/hcc_lab2/install/tello_localization', 'merge_install': False, 'path': '/home/user/hcc_lab2/src/tello_localization', 'symlink_install': False, 'test_result_base': None}
[0.958s] Level 5:colcon.colcon_core.verb:set package 'tello_msgs' build argument 'cmake_args' from command line to 'None'
[0.958s] Level 5:colcon.colcon_core.verb:set package 'tello_msgs' build argument 'cmake_target' from command line to 'None'
[0.958s] Level 5:colcon.colcon_core.verb:set package 'tello_msgs' build argument 'cmake_target_skip_unavailable' from command line to 'False'
[0.958s] Level 5:colcon.colcon_core.verb:set package 'tello_msgs' build argument 'cmake_clean_cache' from command line to 'False'
[0.958s] Level 5:colcon.colcon_core.verb:set package 'tello_msgs' build argument 'cmake_clean_first' from command line to 'False'
[0.958s] Level 5:colcon.colcon_core.verb:set package 'tello_msgs' build argument 'cmake_force_configure' from command line to 'False'
[0.958s] Level 5:colcon.colcon_core.verb:set package 'tello_msgs' build argument 'ament_cmake_args' from command line to 'None'
[0.958s] Level 5:colcon.colcon_core.verb:set package 'tello_msgs' build argument 'catkin_cmake_args' from command line to 'None'
[0.958s] Level 5:colcon.colcon_core.verb:set package 'tello_msgs' build argument 'catkin_skip_building_tests' from command line to 'False'
[0.958s] DEBUG:colcon.colcon_core.verb:Building package 'tello_msgs' with the following arguments: {'ament_cmake_args': None, 'build_base': '/home/user/hcc_lab2/build/tello_msgs', 'catkin_cmake_args': None, 'catkin_skip_building_tests': False, 'cmake_args': None, 'cmake_clean_cache': False, 'cmake_clean_first': False, 'cmake_force_configure': False, 'cmake_target': None, 'cmake_target_skip_unavailable': False, 'install_base': '/home/user/hcc_lab2/install/tello_msgs', 'merge_install': False, 'path': '/home/user/hcc_lab2/src/tello_ros/tello_msgs', 'symlink_install': False, 'test_result_base': None}
[0.959s] Level 5:colcon.colcon_core.verb:set package 'tello_driver' build argument 'cmake_args' from command line to 'None'
[0.959s] Level 5:colcon.colcon_core.verb:set package 'tello_driver' build argument 'cmake_target' from command line to 'None'
[0.959s] Level 5:colcon.colcon_core.verb:set package 'tello_driver' build argument 'cmake_target_skip_unavailable' from command line to 'False'
[0.959s] Level 5:colcon.colcon_core.verb:set package 'tello_driver' build argument 'cmake_clean_cache' from command line to 'False'
[0.959s] Level 5:colcon.colcon_core.verb:set package 'tello_driver' build argument 'cmake_clean_first' from command line to 'False'
[0.959s] Level 5:colcon.colcon_core.verb:set package 'tello_driver' build argument 'cmake_force_configure' from command line to 'False'
[0.959s] Level 5:colcon.colcon_core.verb:set package 'tello_driver' build argument 'ament_cmake_args' from command line to 'None'
[0.959s] Level 5:colcon.colcon_core.verb:set package 'tello_driver' build argument 'catkin_cmake_args' from command line to 'None'
[0.959s] Level 5:colcon.colcon_core.verb:set package 'tello_driver' build argument 'catkin_skip_building_tests' from command line to 'False'
[0.959s] DEBUG:colcon.colcon_core.verb:Building package 'tello_driver' with the following arguments: {'ament_cmake_args': None, 'build_base': '/home/user/hcc_lab2/build/tello_driver', 'catkin_cmake_args': None, 'catkin_skip_building_tests': False, 'cmake_args': None, 'cmake_clean_cache': False, 'cmake_clean_first': False, 'cmake_force_configure': False, 'cmake_target': None, 'cmake_target_skip_unavailable': False, 'install_base': '/home/user/hcc_lab2/install/tello_driver', 'merge_install': False, 'path': '/home/user/hcc_lab2/src/tello_ros/tello_driver', 'symlink_install': False, 'test_result_base': None}
[0.959s] INFO:colcon.colcon_core.executor:Executing jobs using 'parallel' executor
[0.962s] DEBUG:colcon.colcon_parallel_executor.executor.parallel:run_until_complete
[0.963s] INFO:colcon.colcon_ros.task.ament_cmake.build:Building ROS package in '/home/user/hcc_lab2/src/ros2_shared' with build type 'ament_cmake'
[0.964s] INFO:colcon.colcon_cmake.task.cmake.build:Building CMake package in '/home/user/hcc_lab2/src/ros2_shared'
[0.967s] INFO:colcon.colcon_core.plugin_system:Skipping extension 'colcon_core.shell.bat': Not used on non-Windows systems
[0.968s] INFO:colcon.colcon_core.shell:Skip shell extension 'powershell' for command environment: Not usable outside of PowerShell
[0.968s] DEBUG:colcon.colcon_core.shell:Skip shell extension 'dsv' for command environment
[0.978s] INFO:colcon.colcon_ros.task.ament_cmake.build:Building ROS package in '/home/user/hcc_lab2/src/tello_ros/tello_msgs' with build type 'ament_cmake'
[0.978s] INFO:colcon.colcon_cmake.task.cmake.build:Building CMake package in '/home/user/hcc_lab2/src/tello_ros/tello_msgs'
[0.979s] INFO:colcon.colcon_core.shell:Skip shell extension 'powershell' for command environment: Not usable outside of PowerShell
[0.980s] DEBUG:colcon.colcon_core.shell:Skip shell extension 'dsv' for command environment
[0.992s] INFO:colcon.colcon_ros.task.ament_cmake.build:Building ROS package in '/home/user/hcc_lab2/src/tello_ros/tello_description' with build type 'ament_cmake'
[0.992s] INFO:colcon.colcon_cmake.task.cmake.build:Building CMake package in '/home/user/hcc_lab2/src/tello_ros/tello_description'
[0.993s] INFO:colcon.colcon_core.shell:Skip shell extension 'powershell' for command environment: Not usable outside of PowerShell
[0.993s] DEBUG:colcon.colcon_core.shell:Skip shell extension 'dsv' for command environment
[1.002s] INFO:colcon.colcon_ros.task.ament_python.build:Building ROS package in '/home/user/hcc_lab2/src/tello_localization' with build type 'ament_python'
[1.003s] Level 1:colcon.colcon_core.shell:create_environment_hook('tello_localization', 'ament_prefix_path')
[1.003s] INFO:colcon.colcon_core.shell:Creating environment hook '/home/user/hcc_lab2/install/tello_localization/share/tello_localization/hook/ament_prefix_path.ps1'
[1.006s] INFO:colcon.colcon_core.shell:Creating environment descriptor '/home/user/hcc_lab2/install/tello_localization/share/tello_localization/hook/ament_prefix_path.dsv'
[1.009s] INFO:colcon.colcon_core.shell:Creating environment hook '/home/user/hcc_lab2/install/tello_localization/share/tello_localization/hook/ament_prefix_path.sh'
[1.011s] INFO:colcon.colcon_core.shell:Skip shell extension 'powershell' for command environment: Not usable outside of PowerShell
[1.011s] DEBUG:colcon.colcon_core.shell:Skip shell extension 'dsv' for command environment
[1.040s] DEBUG:colcon.colcon_core.event_handler.log_command:Invoking command in '/home/user/hcc_lab2/build/ros2_shared': CMAKE_PREFIX_PATH=/opt/ros/foxy /usr/bin/cmake /home/user/hcc_lab2/src/ros2_shared -DCMAKE_INSTALL_PREFIX=/home/user/hcc_lab2/install/ros2_shared
[1.054s] DEBUG:colcon.colcon_core.event_handler.log_command:Invoking command in '/home/user/hcc_lab2/build/tello_msgs': CMAKE_PREFIX_PATH=/opt/ros/foxy /usr/bin/cmake /home/user/hcc_lab2/src/tello_ros/tello_msgs -DCMAKE_INSTALL_PREFIX=/home/user/hcc_lab2/install/tello_msgs
[1.056s] DEBUG:colcon.colcon_core.event_handler.log_command:Invoking command in '/home/user/hcc_lab2/build/tello_description': CMAKE_PREFIX_PATH=/opt/ros/foxy /usr/bin/cmake /home/user/hcc_lab2/src/tello_ros/tello_description -DCMAKE_INSTALL_PREFIX=/home/user/hcc_lab2/install/tello_description
[1.413s] WARNING:colcon.colcon_ros.task.ament_python.build:Package 'tello_localization' doesn't explicitly install a marker in the package index (colcon-ros currently does it implicitly but that fallback will be removed in the future)
[1.413s] INFO:colcon.colcon_core.task.python.build:Building Python package in '/home/user/hcc_lab2/src/tello_localization'
[1.414s] INFO:colcon.colcon_core.shell:Skip shell extension 'powershell' for command environment: Not usable outside of PowerShell
[1.414s] DEBUG:colcon.colcon_core.shell:Skip shell extension 'dsv' for command environment
[1.874s] DEBUG:colcon.colcon_core.event_handler.log_command:Invoked command in '/home/user/hcc_lab2/build/tello_description' returned '0': CMAKE_PREFIX_PATH=/opt/ros/foxy /usr/bin/cmake /home/user/hcc_lab2/src/tello_ros/tello_description -DCMAKE_INSTALL_PREFIX=/home/user/hcc_lab2/install/tello_description
[1.876s] DEBUG:colcon.colcon_core.event_handler.log_command:Invoking command in '/home/user/hcc_lab2/build/tello_description': CMAKE_PREFIX_PATH=/opt/ros/foxy /usr/bin/cmake --build /home/user/hcc_lab2/build/tello_description -- -j4 -l4
[2.074s] DEBUG:colcon.colcon_core.event_handler.log_command:Invoking command in '/home/user/hcc_lab2/src/tello_localization': PYTHONPATH=/home/user/hcc_lab2/build/tello_localization/prefix_override:/usr/lib/python3/dist-packages/colcon_core/task/python/colcon_distutils_commands:/home/user/hcc_lab2/install/tello_localization/lib/python3.8/site-packages:${PYTHONPATH} /usr/bin/python3 -W ignore:setup.py install is deprecated -W ignore:easy_install command is deprecated setup.py egg_info --egg-base ../../build/tello_localization build --build-base /home/user/hcc_lab2/build/tello_localization/build install --record /home/user/hcc_lab2/build/tello_localization/install.log --single-version-externally-managed install_data
[2.625s] DEBUG:colcon.colcon_core.event_handler.log_command:Invoked command in '/home/user/hcc_lab2/build/tello_description' returned '0': CMAKE_PREFIX_PATH=/opt/ros/foxy /usr/bin/cmake --build /home/user/hcc_lab2/build/tello_description -- -j4 -l4
[2.651s] DEBUG:colcon.colcon_core.event_handler.log_command:Invoking command in '/home/user/hcc_lab2/build/tello_description': CMAKE_PREFIX_PATH=/opt/ros/foxy /usr/bin/cmake --install /home/user/hcc_lab2/build/tello_description
[2.698s] Level 1:colcon.colcon_core.environment:create_environment_scripts_only(tello_description)
[2.704s] Level 1:colcon.colcon_core.environment:checking '/home/user/hcc_lab2/install/tello_description' for CMake module files
[2.705s] Level 1:colcon.colcon_core.environment:checking '/home/user/hcc_lab2/install/tello_description' for CMake config files
[2.706s] Level 1:colcon.colcon_core.shell:create_environment_hook('tello_description', 'cmake_prefix_path')
[2.706s] INFO:colcon.colcon_core.shell:Creating environment hook '/home/user/hcc_lab2/install/tello_description/share/tello_description/hook/cmake_prefix_path.ps1'
[2.707s] INFO:colcon.colcon_core.shell:Creating environment descriptor '/home/user/hcc_lab2/install/tello_description/share/tello_description/hook/cmake_prefix_path.dsv'
[2.707s] INFO:colcon.colcon_core.shell:Creating environment hook '/home/user/hcc_lab2/install/tello_description/share/tello_description/hook/cmake_prefix_path.sh'
[2.708s] Level 1:colcon.colcon_core.environment:checking '/home/user/hcc_lab2/install/tello_description/bin'
[2.708s] Level 1:colcon.colcon_core.environment:checking '/home/user/hcc_lab2/install/tello_description/lib/pkgconfig/tello_description.pc'
[2.709s] Level 1:colcon.colcon_core.environment:checking '/home/user/hcc_lab2/install/tello_description/lib/python3.8/site-packages'
[2.709s] Level 1:colcon.colcon_core.environment:checking '/home/user/hcc_lab2/install/tello_description/bin'
[2.710s] INFO:colcon.colcon_core.shell:Creating package script '/home/user/hcc_lab2/install/tello_description/share/tello_description/package.ps1'
[2.711s] INFO:colcon.colcon_core.shell:Creating package descriptor '/home/user/hcc_lab2/install/tello_description/share/tello_description/package.dsv'
[2.716s] DEBUG:colcon.colcon_core.event_handler.log_command:Invoked command in '/home/user/hcc_lab2/build/tello_description' returned '0': CMAKE_PREFIX_PATH=/opt/ros/foxy /usr/bin/cmake --install /home/user/hcc_lab2/build/tello_description
[2.716s] INFO:colcon.colcon_core.shell:Creating package script '/home/user/hcc_lab2/install/tello_description/share/tello_description/package.sh'
[2.719s] INFO:colcon.colcon_core.shell:Creating package script '/home/user/hcc_lab2/install/tello_description/share/tello_description/package.bash'
[2.721s] INFO:colcon.colcon_core.shell:Creating package script '/home/user/hcc_lab2/install/tello_description/share/tello_description/package.zsh'
[2.722s] Level 1:colcon.colcon_core.environment:create_file_with_runtime_dependencies(/home/user/hcc_lab2/install/tello_description/share/colcon-core/packages/tello_description)
[2.723s] Level 1:colcon.colcon_core.environment:create_environment_scripts_only(tello_description)
[2.723s] Level 1:colcon.colcon_core.environment:checking '/home/user/hcc_lab2/install/tello_description' for CMake module files
[2.724s] Level 1:colcon.colcon_core.environment:checking '/home/user/hcc_lab2/install/tello_description' for CMake config files
[2.724s] Level 1:colcon.colcon_core.shell:create_environment_hook('tello_description', 'cmake_prefix_path')
[2.724s] INFO:colcon.colcon_core.shell:Creating environment hook '/home/user/hcc_lab2/install/tello_description/share/tello_description/hook/cmake_prefix_path.ps1'
[2.725s] INFO:colcon.colcon_core.shell:Creating environment descriptor '/home/user/hcc_lab2/install/tello_description/share/tello_description/hook/cmake_prefix_path.dsv'
[2.726s] INFO:colcon.colcon_core.shell:Creating environment hook '/home/user/hcc_lab2/install/tello_description/share/tello_description/hook/cmake_prefix_path.sh'
[2.727s] Level 1:colcon.colcon_core.environment:checking '/home/user/hcc_lab2/install/tello_description/bin'
[2.727s] Level 1:colcon.colcon_core.environment:checking '/home/user/hcc_lab2/install/tello_description/lib/pkgconfig/tello_description.pc'
[2.727s] Level 1:colcon.colcon_core.environment:checking '/home/user/hcc_lab2/install/tello_description/lib/python3.8/site-packages'
[2.727s] Level 1:colcon.colcon_core.environment:checking '/home/user/hcc_lab2/install/tello_description/bin'
[2.728s] INFO:colcon.colcon_core.shell:Creating package script '/home/user/hcc_lab2/install/tello_description/share/tello_description/package.ps1'
[2.729s] INFO:colcon.colcon_core.shell:Creating package descriptor '/home/user/hcc_lab2/install/tello_description/share/tello_description/package.dsv'
[2.730s] INFO:colcon.colcon_core.shell:Creating package script '/home/user/hcc_lab2/install/tello_description/share/tello_description/package.sh'
[2.731s] INFO:colcon.colcon_core.shell:Creating package script '/home/user/hcc_lab2/install/tello_description/share/tello_description/package.bash'
[2.732s] INFO:colcon.colcon_core.shell:Creating package script '/home/user/hcc_lab2/install/tello_description/share/tello_description/package.zsh'
[2.732s] Level 1:colcon.colcon_core.environment:create_file_with_runtime_dependencies(/home/user/hcc_lab2/install/tello_description/share/colcon-core/packages/tello_description)
[2.784s] Level 1:colcon.colcon_core.environment:checking '/home/user/hcc_lab2/install/tello_localization' for CMake module files
[2.787s] DEBUG:colcon.colcon_core.event_handler.log_command:Invoked command in '/home/user/hcc_lab2/src/tello_localization' returned '0': PYTHONPATH=/home/user/hcc_lab2/build/tello_localization/prefix_override:/usr/lib/python3/dist-packages/colcon_core/task/python/colcon_distutils_commands:/home/user/hcc_lab2/install/tello_localization/lib/python3.8/site-packages:${PYTHONPATH} /usr/bin/python3 -W ignore:setup.py install is deprecated -W ignore:easy_install command is deprecated setup.py egg_info --egg-base ../../build/tello_localization build --build-base /home/user/hcc_lab2/build/tello_localization/build install --record /home/user/hcc_lab2/build/tello_localization/install.log --single-version-externally-managed install_data
[2.788s] Level 1:colcon.colcon_core.environment:checking '/home/user/hcc_lab2/install/tello_localization' for CMake config files
[2.790s] Level 1:colcon.colcon_core.environment:checking '/home/user/hcc_lab2/install/tello_localization/lib'
[2.790s] Level 1:colcon.colcon_core.environment:checking '/home/user/hcc_lab2/install/tello_localization/bin'
[2.790s] Level 1:colcon.colcon_core.environment:checking '/home/user/hcc_lab2/install/tello_localization/lib/pkgconfig/tello_localization.pc'
[2.791s] Level 1:colcon.colcon_core.environment:checking '/home/user/hcc_lab2/install/tello_localization/lib/python3.8/site-packages'
[2.791s] Level 1:colcon.colcon_core.shell:create_environment_hook('tello_localization', 'pythonpath')
[2.791s] INFO:colcon.colcon_core.shell:Creating environment hook '/home/user/hcc_lab2/install/tello_localization/share/tello_localization/hook/pythonpath.ps1'
[2.793s] INFO:colcon.colcon_core.shell:Creating environment descriptor '/home/user/hcc_lab2/install/tello_localization/share/tello_localization/hook/pythonpath.dsv'
[2.794s] INFO:colcon.colcon_core.shell:Creating environment hook '/home/user/hcc_lab2/install/tello_localization/share/tello_localization/hook/pythonpath.sh'
[2.795s] Level 1:colcon.colcon_core.environment:checking '/home/user/hcc_lab2/install/tello_localization/bin'
[2.795s] Level 1:colcon.colcon_core.environment:create_environment_scripts_only(tello_localization)
[2.796s] INFO:colcon.colcon_core.shell:Creating package script '/home/user/hcc_lab2/install/tello_localization/share/tello_localization/package.ps1'
[2.797s] INFO:colcon.colcon_core.shell:Creating package descriptor '/home/user/hcc_lab2/install/tello_localization/share/tello_localization/package.dsv'
[2.798s] INFO:colcon.colcon_core.shell:Creating package script '/home/user/hcc_lab2/install/tello_localization/share/tello_localization/package.sh'
[2.800s] INFO:colcon.colcon_core.shell:Creating package script '/home/user/hcc_lab2/install/tello_localization/share/tello_localization/package.bash'
[2.801s] INFO:colcon.colcon_core.shell:Creating package script '/home/user/hcc_lab2/install/tello_localization/share/tello_localization/package.zsh'
[2.802s] Level 1:colcon.colcon_core.environment:create_file_with_runtime_dependencies(/home/user/hcc_lab2/install/tello_localization/share/colcon-core/packages/tello_localization)
[4.214s] DEBUG:colcon.colcon_core.event_handler.log_command:Invoked command in '/home/user/hcc_lab2/build/ros2_shared' returned '0': CMAKE_PREFIX_PATH=/opt/ros/foxy /usr/bin/cmake /home/user/hcc_lab2/src/ros2_shared -DCMAKE_INSTALL_PREFIX=/home/user/hcc_lab2/install/ros2_shared
[4.215s] DEBUG:colcon.colcon_core.event_handler.log_command:Invoking command in '/home/user/hcc_lab2/build/ros2_shared': CMAKE_PREFIX_PATH=/opt/ros/foxy /usr/bin/cmake --build /home/user/hcc_lab2/build/ros2_shared -- -j4 -l4
[4.308s] DEBUG:colcon.colcon_core.event_handler.log_command:Invoked command in '/home/user/hcc_lab2/build/tello_msgs' returned '0': CMAKE_PREFIX_PATH=/opt/ros/foxy /usr/bin/cmake /home/user/hcc_lab2/src/tello_ros/tello_msgs -DCMAKE_INSTALL_PREFIX=/home/user/hcc_lab2/install/tello_msgs
[4.309s] DEBUG:colcon.colcon_core.event_handler.log_command:Invoking command in '/home/user/hcc_lab2/build/tello_msgs': CMAKE_PREFIX_PATH=/opt/ros/foxy /usr/bin/cmake --build /home/user/hcc_lab2/build/tello_msgs -- -j4 -l4
[4.319s] DEBUG:colcon.colcon_core.event_handler.log_command:Invoked command in '/home/user/hcc_lab2/build/ros2_shared' returned '0': CMAKE_PREFIX_PATH=/opt/ros/foxy /usr/bin/cmake --build /home/user/hcc_lab2/build/ros2_shared -- -j4 -l4
[4.327s] DEBUG:colcon.colcon_core.event_handler.log_command:Invoking command in '/home/user/hcc_lab2/build/ros2_shared': CMAKE_PREFIX_PATH=/opt/ros/foxy /usr/bin/cmake --install /home/user/hcc_lab2/build/ros2_shared
[4.365s] Level 1:colcon.colcon_core.environment:create_environment_scripts_only(ros2_shared)
[4.366s] Level 1:colcon.colcon_core.environment:checking '/home/user/hcc_lab2/install/ros2_shared' for CMake module files
[4.368s] DEBUG:colcon.colcon_core.event_handler.log_command:Invoked command in '/home/user/hcc_lab2/build/ros2_shared' returned '0': CMAKE_PREFIX_PATH=/opt/ros/foxy /usr/bin/cmake --install /home/user/hcc_lab2/build/ros2_shared
[4.368s] Level 1:colcon.colcon_core.environment:checking '/home/user/hcc_lab2/install/ros2_shared' for CMake config files
[4.369s] Level 1:colcon.colcon_core.shell:create_environment_hook('ros2_shared', 'cmake_prefix_path')
[4.369s] INFO:colcon.colcon_core.shell:Creating environment hook '/home/user/hcc_lab2/install/ros2_shared/share/ros2_shared/hook/cmake_prefix_path.ps1'
[4.370s] INFO:colcon.colcon_core.shell:Creating environment descriptor '/home/user/hcc_lab2/install/ros2_shared/share/ros2_shared/hook/cmake_prefix_path.dsv'
[4.370s] INFO:colcon.colcon_core.shell:Creating environment hook '/home/user/hcc_lab2/install/ros2_shared/share/ros2_shared/hook/cmake_prefix_path.sh'
[4.371s] Level 1:colcon.colcon_core.environment:checking '/home/user/hcc_lab2/install/ros2_shared/bin'
[4.371s] Level 1:colcon.colcon_core.environment:checking '/home/user/hcc_lab2/install/ros2_shared/lib/pkgconfig/ros2_shared.pc'
[4.372s] Level 1:colcon.colcon_core.environment:checking '/home/user/hcc_lab2/install/ros2_shared/lib/python3.8/site-packages'
[4.372s] Level 1:colcon.colcon_core.environment:checking '/home/user/hcc_lab2/install/ros2_shared/bin'
[4.373s] INFO:colcon.colcon_core.shell:Creating package script '/home/user/hcc_lab2/install/ros2_shared/share/ros2_shared/package.ps1'
[4.375s] INFO:colcon.colcon_core.shell:Creating package descriptor '/home/user/hcc_lab2/install/ros2_shared/share/ros2_shared/package.dsv'
[4.376s] INFO:colcon.colcon_core.shell:Creating package script '/home/user/hcc_lab2/install/ros2_shared/share/ros2_shared/package.sh'
[4.378s] INFO:colcon.colcon_core.shell:Creating package script '/home/user/hcc_lab2/install/ros2_shared/share/ros2_shared/package.bash'
[4.380s] INFO:colcon.colcon_core.shell:Creating package script '/home/user/hcc_lab2/install/ros2_shared/share/ros2_shared/package.zsh'
[4.382s] Level 1:colcon.colcon_core.environment:create_file_with_runtime_dependencies(/home/user/hcc_lab2/install/ros2_shared/share/colcon-core/packages/ros2_shared)
[4.384s] Level 1:colcon.colcon_core.environment:create_environment_scripts_only(ros2_shared)
[4.385s] Level 1:colcon.colcon_core.environment:checking '/home/user/hcc_lab2/install/ros2_shared' for CMake module files
[4.386s] Level 1:colcon.colcon_core.environment:checking '/home/user/hcc_lab2/install/ros2_shared' for CMake config files
[4.386s] Level 1:colcon.colcon_core.shell:create_environment_hook('ros2_shared', 'cmake_prefix_path')
[4.387s] INFO:colcon.colcon_core.shell:Creating environment hook '/home/user/hcc_lab2/install/ros2_shared/share/ros2_shared/hook/cmake_prefix_path.ps1'
[4.389s] INFO:colcon.colcon_core.shell:Creating environment descriptor '/home/user/hcc_lab2/install/ros2_shared/share/ros2_shared/hook/cmake_prefix_path.dsv'
[4.390s] INFO:colcon.colcon_core.shell:Creating environment hook '/home/user/hcc_lab2/install/ros2_shared/share/ros2_shared/hook/cmake_prefix_path.sh'
[4.393s] Level 1:colcon.colcon_core.environment:checking '/home/user/hcc_lab2/install/ros2_shared/bin'
[4.393s] Level 1:colcon.colcon_core.environment:checking '/home/user/hcc_lab2/install/ros2_shared/lib/pkgconfig/ros2_shared.pc'
[4.393s] Level 1:colcon.colcon_core.environment:checking '/home/user/hcc_lab2/install/ros2_shared/lib/python3.8/site-packages'
[4.393s] Level 1:colcon.colcon_core.environment:checking '/home/user/hcc_lab2/install/ros2_shared/bin'
[4.394s] INFO:colcon.colcon_core.shell:Creating package script '/home/user/hcc_lab2/install/ros2_shared/share/ros2_shared/package.ps1'
[4.395s] INFO:colcon.colcon_core.shell:Creating package descriptor '/home/user/hcc_lab2/install/ros2_shared/share/ros2_shared/package.dsv'
[4.397s] INFO:colcon.colcon_core.shell:Creating package script '/home/user/hcc_lab2/install/ros2_shared/share/ros2_shared/package.sh'
[4.399s] INFO:colcon.colcon_core.shell:Creating package script '/home/user/hcc_lab2/install/ros2_shared/share/ros2_shared/package.bash'
[4.400s] INFO:colcon.colcon_core.shell:Creating package script '/home/user/hcc_lab2/install/ros2_shared/share/ros2_shared/package.zsh'
[4.401s] Level 1:colcon.colcon_core.environment:create_file_with_runtime_dependencies(/home/user/hcc_lab2/install/ros2_shared/share/colcon-core/packages/ros2_shared)
[16.081s] DEBUG:colcon.colcon_core.event_handler.log_command:Invoked command in '/home/user/hcc_lab2/build/tello_msgs' returned '0': CMAKE_PREFIX_PATH=/opt/ros/foxy /usr/bin/cmake --build /home/user/hcc_lab2/build/tello_msgs -- -j4 -l4
[16.089s] DEBUG:colcon.colcon_core.event_handler.log_command:Invoking command in '/home/user/hcc_lab2/build/tello_msgs': CMAKE_PREFIX_PATH=/opt/ros/foxy /usr/bin/cmake --install /home/user/hcc_lab2/build/tello_msgs
[16.235s] Level 1:colcon.colcon_core.environment:create_environment_scripts_only(tello_msgs)
[16.236s] Level 1:colcon.colcon_core.environment:checking '/home/user/hcc_lab2/install/tello_msgs' for CMake module files
[16.237s] DEBUG:colcon.colcon_core.event_handler.log_command:Invoked command in '/home/user/hcc_lab2/build/tello_msgs' returned '0': CMAKE_PREFIX_PATH=/opt/ros/foxy /usr/bin/cmake --install /home/user/hcc_lab2/build/tello_msgs
[16.238s] Level 1:colcon.colcon_core.environment:checking '/home/user/hcc_lab2/install/tello_msgs' for CMake config files
[16.239s] Level 1:colcon.colcon_core.shell:create_environment_hook('tello_msgs', 'cmake_prefix_path')
[16.240s] INFO:colcon.colcon_core.shell:Creating environment hook '/home/user/hcc_lab2/install/tello_msgs/share/tello_msgs/hook/cmake_prefix_path.ps1'
[16.241s] INFO:colcon.colcon_core.shell:Creating environment descriptor '/home/user/hcc_lab2/install/tello_msgs/share/tello_msgs/hook/cmake_prefix_path.dsv'
[16.241s] INFO:colcon.colcon_core.shell:Creating environment hook '/home/user/hcc_lab2/install/tello_msgs/share/tello_msgs/hook/cmake_prefix_path.sh'
[16.242s] Level 1:colcon.colcon_core.environment:checking '/home/user/hcc_lab2/install/tello_msgs/lib'
[16.242s] Level 1:colcon.colcon_core.shell:create_environment_hook('tello_msgs', 'ld_library_path_lib')
[16.242s] INFO:colcon.colcon_core.shell:Creating environment hook '/home/user/hcc_lab2/install/tello_msgs/share/tello_msgs/hook/ld_library_path_lib.ps1'
[16.243s] INFO:colcon.colcon_core.shell:Creating environment descriptor '/home/user/hcc_lab2/install/tello_msgs/share/tello_msgs/hook/ld_library_path_lib.dsv'
[16.243s] INFO:colcon.colcon_core.shell:Creating environment hook '/home/user/hcc_lab2/install/tello_msgs/share/tello_msgs/hook/ld_library_path_lib.sh'
[16.244s] Level 1:colcon.colcon_core.environment:checking '/home/user/hcc_lab2/install/tello_msgs/bin'
[16.244s] Level 1:colcon.colcon_core.environment:checking '/home/user/hcc_lab2/install/tello_msgs/lib/pkgconfig/tello_msgs.pc'
[16.244s] Level 1:colcon.colcon_core.environment:checking '/home/user/hcc_lab2/install/tello_msgs/lib/python3.8/site-packages'
[16.245s] Level 1:colcon.colcon_core.shell:create_environment_hook('tello_msgs', 'pythonpath')
[16.245s] INFO:colcon.colcon_core.shell:Creating environment hook '/home/user/hcc_lab2/install/tello_msgs/share/tello_msgs/hook/pythonpath.ps1'
[16.245s] INFO:colcon.colcon_core.shell:Creating environment descriptor '/home/user/hcc_lab2/install/tello_msgs/share/tello_msgs/hook/pythonpath.dsv'
[16.246s] INFO:colcon.colcon_core.shell:Creating environment hook '/home/user/hcc_lab2/install/tello_msgs/share/tello_msgs/hook/pythonpath.sh'
[16.246s] Level 1:colcon.colcon_core.environment:checking '/home/user/hcc_lab2/install/tello_msgs/bin'
[16.247s] INFO:colcon.colcon_core.shell:Creating package script '/home/user/hcc_lab2/install/tello_msgs/share/tello_msgs/package.ps1'
[16.248s] INFO:colcon.colcon_core.shell:Creating package descriptor '/home/user/hcc_lab2/install/tello_msgs/share/tello_msgs/package.dsv'
[16.249s] INFO:colcon.colcon_core.shell:Creating package script '/home/user/hcc_lab2/install/tello_msgs/share/tello_msgs/package.sh'
[16.250s] INFO:colcon.colcon_core.shell:Creating package script '/home/user/hcc_lab2/install/tello_msgs/share/tello_msgs/package.bash'
[16.250s] INFO:colcon.colcon_core.shell:Creating package script '/home/user/hcc_lab2/install/tello_msgs/share/tello_msgs/package.zsh'
[16.251s] Level 1:colcon.colcon_core.environment:create_file_with_runtime_dependencies(/home/user/hcc_lab2/install/tello_msgs/share/colcon-core/packages/tello_msgs)
[16.252s] Level 1:colcon.colcon_core.environment:create_environment_scripts_only(tello_msgs)
[16.252s] Level 1:colcon.colcon_core.environment:checking '/home/user/hcc_lab2/install/tello_msgs' for CMake module files
[16.253s] Level 1:colcon.colcon_core.environment:checking '/home/user/hcc_lab2/install/tello_msgs' for CMake config files
[16.254s] Level 1:colcon.colcon_core.shell:create_environment_hook('tello_msgs', 'cmake_prefix_path')
[16.254s] INFO:colcon.colcon_core.shell:Creating environment hook '/home/user/hcc_lab2/install/tello_msgs/share/tello_msgs/hook/cmake_prefix_path.ps1'
[16.255s] INFO:colcon.colcon_core.shell:Creating environment descriptor '/home/user/hcc_lab2/install/tello_msgs/share/tello_msgs/hook/cmake_prefix_path.dsv'
[16.256s] INFO:colcon.colcon_core.shell:Creating environment hook '/home/user/hcc_lab2/install/tello_msgs/share/tello_msgs/hook/cmake_prefix_path.sh'
[16.257s] Level 1:colcon.colcon_core.environment:checking '/home/user/hcc_lab2/install/tello_msgs/lib'
[16.257s] Level 1:colcon.colcon_core.shell:create_environment_hook('tello_msgs', 'ld_library_path_lib')
[16.257s] INFO:colcon.colcon_core.shell:Creating environment hook '/home/user/hcc_lab2/install/tello_msgs/share/tello_msgs/hook/ld_library_path_lib.ps1'
[16.258s] INFO:colcon.colcon_core.shell:Creating environment descriptor '/home/user/hcc_lab2/install/tello_msgs/share/tello_msgs/hook/ld_library_path_lib.dsv'
[16.259s] INFO:colcon.colcon_core.shell:Creating environment hook '/home/user/hcc_lab2/install/tello_msgs/share/tello_msgs/hook/ld_library_path_lib.sh'
[16.260s] Level 1:colcon.colcon_core.environment:checking '/home/user/hcc_lab2/install/tello_msgs/bin'
[16.260s] Level 1:colcon.colcon_core.environment:checking '/home/user/hcc_lab2/install/tello_msgs/lib/pkgconfig/tello_msgs.pc'
[16.260s] Level 1:colcon.colcon_core.environment:checking '/home/user/hcc_lab2/install/tello_msgs/lib/python3.8/site-packages'
[16.260s] Level 1:colcon.colcon_core.shell:create_environment_hook('tello_msgs', 'pythonpath')
[16.261s] INFO:colcon.colcon_core.shell:Creating environment hook '/home/user/hcc_lab2/install/tello_msgs/share/tello_msgs/hook/pythonpath.ps1'
[16.262s] INFO:colcon.colcon_core.shell:Creating environment descriptor '/home/user/hcc_lab2/install/tello_msgs/share/tello_msgs/hook/pythonpath.dsv'
[16.263s] INFO:colcon.colcon_core.shell:Creating environment hook '/home/user/hcc_lab2/install/tello_msgs/share/tello_msgs/hook/pythonpath.sh'
[16.264s] Level 1:colcon.colcon_core.environment:checking '/home/user/hcc_lab2/install/tello_msgs/bin'
[16.265s] INFO:colcon.colcon_core.shell:Creating package script '/home/user/hcc_lab2/install/tello_msgs/share/tello_msgs/package.ps1'
[16.266s] INFO:colcon.colcon_core.shell:Creating package descriptor '/home/user/hcc_lab2/install/tello_msgs/share/tello_msgs/package.dsv'
[16.267s] INFO:colcon.colcon_core.shell:Creating package script '/home/user/hcc_lab2/install/tello_msgs/share/tello_msgs/package.sh'
[16.269s] INFO:colcon.colcon_core.shell:Creating package script '/home/user/hcc_lab2/install/tello_msgs/share/tello_msgs/package.bash'
[16.269s] INFO:colcon.colcon_core.shell:Creating package script '/home/user/hcc_lab2/install/tello_msgs/share/tello_msgs/package.zsh'
[16.271s] Level 1:colcon.colcon_core.environment:create_file_with_runtime_dependencies(/home/user/hcc_lab2/install/tello_msgs/share/colcon-core/packages/tello_msgs)
[16.272s] INFO:colcon.colcon_ros.task.ament_cmake.build:Building ROS package in '/home/user/hcc_lab2/src/tello_ros/tello_driver' with build type 'ament_cmake'
[16.272s] INFO:colcon.colcon_cmake.task.cmake.build:Building CMake package in '/home/user/hcc_lab2/src/tello_ros/tello_driver'
[16.272s] INFO:colcon.colcon_core.shell:Skip shell extension 'powershell' for command environment: Not usable outside of PowerShell
[16.274s] DEBUG:colcon.colcon_core.shell:Skip shell extension 'dsv' for command environment
[16.309s] DEBUG:colcon.colcon_core.event_handler.log_command:Invoking command in '/home/user/hcc_lab2/build/tello_driver': AMENT_PREFIX_PATH=/home/user/hcc_lab2/install/tello_msgs:/home/user/hcc_lab2/install/ros2_shared:${AMENT_PREFIX_PATH} CMAKE_PREFIX_PATH=/home/user/hcc_lab2/install/tello_msgs:/home/user/hcc_lab2/install/ros2_shared:/opt/ros/foxy LD_LIBRARY_PATH=/home/user/hcc_lab2/install/tello_msgs/lib:${LD_LIBRARY_PATH} PYTHONPATH=/home/user/hcc_lab2/install/tello_msgs/lib/python3.8/site-packages:${PYTHONPATH} /usr/bin/cmake /home/user/hcc_lab2/src/tello_ros/tello_driver -DCMAKE_INSTALL_PREFIX=/home/user/hcc_lab2/install/tello_driver
[20.420s] DEBUG:colcon.colcon_core.event_handler.log_command:Invoked command in '/home/user/hcc_lab2/build/tello_driver' returned '0': AMENT_PREFIX_PATH=/home/user/hcc_lab2/install/tello_msgs:/home/user/hcc_lab2/install/ros2_shared:${AMENT_PREFIX_PATH} CMAKE_PREFIX_PATH=/home/user/hcc_lab2/install/tello_msgs:/home/user/hcc_lab2/install/ros2_shared:/opt/ros/foxy LD_LIBRARY_PATH=/home/user/hcc_lab2/install/tello_msgs/lib:${LD_LIBRARY_PATH} PYTHONPATH=/home/user/hcc_lab2/install/tello_msgs/lib/python3.8/site-packages:${PYTHONPATH} /usr/bin/cmake /home/user/hcc_lab2/src/tello_ros/tello_driver -DCMAKE_INSTALL_PREFIX=/home/user/hcc_lab2/install/tello_driver
[20.421s] DEBUG:colcon.colcon_core.event_handler.log_command:Invoking command in '/home/user/hcc_lab2/build/tello_driver': AMENT_PREFIX_PATH=/home/user/hcc_lab2/install/tello_msgs:/home/user/hcc_lab2/install/ros2_shared:${AMENT_PREFIX_PATH} CMAKE_PREFIX_PATH=/home/user/hcc_lab2/install/tello_msgs:/home/user/hcc_lab2/install/ros2_shared:/opt/ros/foxy LD_LIBRARY_PATH=/home/user/hcc_lab2/install/tello_msgs/lib:${LD_LIBRARY_PATH} PYTHONPATH=/home/user/hcc_lab2/install/tello_msgs/lib/python3.8/site-packages:${PYTHONPATH} /usr/bin/cmake --build /home/user/hcc_lab2/build/tello_driver -- -j4 -l4
[54.393s] DEBUG:colcon.colcon_core.event_handler.log_command:Invoked command in '/home/user/hcc_lab2/build/tello_driver' returned '0': AMENT_PREFIX_PATH=/home/user/hcc_lab2/install/tello_msgs:/home/user/hcc_lab2/install/ros2_shared:${AMENT_PREFIX_PATH} CMAKE_PREFIX_PATH=/home/user/hcc_lab2/install/tello_msgs:/home/user/hcc_lab2/install/ros2_shared:/opt/ros/foxy LD_LIBRARY_PATH=/home/user/hcc_lab2/install/tello_msgs/lib:${LD_LIBRARY_PATH} PYTHONPATH=/home/user/hcc_lab2/install/tello_msgs/lib/python3.8/site-packages:${PYTHONPATH} /usr/bin/cmake --build /home/user/hcc_lab2/build/tello_driver -- -j4 -l4
[54.404s] DEBUG:colcon.colcon_core.event_handler.log_command:Invoking command in '/home/user/hcc_lab2/build/tello_driver': AMENT_PREFIX_PATH=/home/user/hcc_lab2/install/tello_msgs:/home/user/hcc_lab2/install/ros2_shared:${AMENT_PREFIX_PATH} CMAKE_PREFIX_PATH=/home/user/hcc_lab2/install/tello_msgs:/home/user/hcc_lab2/install/ros2_shared:/opt/ros/foxy LD_LIBRARY_PATH=/home/user/hcc_lab2/install/tello_msgs/lib:${LD_LIBRARY_PATH} PYTHONPATH=/home/user/hcc_lab2/install/tello_msgs/lib/python3.8/site-packages:${PYTHONPATH} /usr/bin/cmake --install /home/user/hcc_lab2/build/tello_driver
[54.487s] Level 1:colcon.colcon_core.environment:create_environment_scripts_only(tello_driver)
[54.488s] Level 1:colcon.colcon_core.environment:checking '/home/user/hcc_lab2/install/tello_driver' for CMake module files
[54.490s] DEBUG:colcon.colcon_core.event_handler.log_command:Invoked command in '/home/user/hcc_lab2/build/tello_driver' returned '0': AMENT_PREFIX_PATH=/home/user/hcc_lab2/install/tello_msgs:/home/user/hcc_lab2/install/ros2_shared:${AMENT_PREFIX_PATH} CMAKE_PREFIX_PATH=/home/user/hcc_lab2/install/tello_msgs:/home/user/hcc_lab2/install/ros2_shared:/opt/ros/foxy LD_LIBRARY_PATH=/home/user/hcc_lab2/install/tello_msgs/lib:${LD_LIBRARY_PATH} PYTHONPATH=/home/user/hcc_lab2/install/tello_msgs/lib/python3.8/site-packages:${PYTHONPATH} /usr/bin/cmake --install /home/user/hcc_lab2/build/tello_driver
[54.491s] Level 1:colcon.colcon_core.environment:checking '/home/user/hcc_lab2/install/tello_driver' for CMake config files
[54.492s] Level 1:colcon.colcon_core.shell:create_environment_hook('tello_driver', 'cmake_prefix_path')
[54.493s] INFO:colcon.colcon_core.shell:Creating environment hook '/home/user/hcc_lab2/install/tello_driver/share/tello_driver/hook/cmake_prefix_path.ps1'
[54.494s] INFO:colcon.colcon_core.shell:Creating environment descriptor '/home/user/hcc_lab2/install/tello_driver/share/tello_driver/hook/cmake_prefix_path.dsv'
[54.495s] INFO:colcon.colcon_core.shell:Creating environment hook '/home/user/hcc_lab2/install/tello_driver/share/tello_driver/hook/cmake_prefix_path.sh'
[54.496s] Level 1:colcon.colcon_core.environment:checking '/home/user/hcc_lab2/install/tello_driver/lib'
[54.496s] Level 1:colcon.colcon_core.shell:create_environment_hook('tello_driver', 'ld_library_path_lib')
[54.497s] INFO:colcon.colcon_core.shell:Creating environment hook '/home/user/hcc_lab2/install/tello_driver/share/tello_driver/hook/ld_library_path_lib.ps1'
[54.497s] INFO:colcon.colcon_core.shell:Creating environment descriptor '/home/user/hcc_lab2/install/tello_driver/share/tello_driver/hook/ld_library_path_lib.dsv'
[54.498s] INFO:colcon.colcon_core.shell:Creating environment hook '/home/user/hcc_lab2/install/tello_driver/share/tello_driver/hook/ld_library_path_lib.sh'
[54.498s] Level 1:colcon.colcon_core.environment:checking '/home/user/hcc_lab2/install/tello_driver/bin'
[54.498s] Level 1:colcon.colcon_core.environment:checking '/home/user/hcc_lab2/install/tello_driver/lib/pkgconfig/tello_driver.pc'
[54.499s] Level 1:colcon.colcon_core.environment:checking '/home/user/hcc_lab2/install/tello_driver/lib/python3.8/site-packages'
[54.499s] Level 1:colcon.colcon_core.environment:checking '/home/user/hcc_lab2/install/tello_driver/bin'
[54.500s] INFO:colcon.colcon_core.shell:Creating package script '/home/user/hcc_lab2/install/tello_driver/share/tello_driver/package.ps1'
[54.501s] INFO:colcon.colcon_core.shell:Creating package descriptor '/home/user/hcc_lab2/install/tello_driver/share/tello_driver/package.dsv'
[54.502s] INFO:colcon.colcon_core.shell:Creating package script '/home/user/hcc_lab2/install/tello_driver/share/tello_driver/package.sh'
[54.503s] INFO:colcon.colcon_core.shell:Creating package script '/home/user/hcc_lab2/install/tello_driver/share/tello_driver/package.bash'
[54.504s] INFO:colcon.colcon_core.shell:Creating package script '/home/user/hcc_lab2/install/tello_driver/share/tello_driver/package.zsh'
[54.504s] Level 1:colcon.colcon_core.environment:create_file_with_runtime_dependencies(/home/user/hcc_lab2/install/tello_driver/share/colcon-core/packages/tello_driver)
[54.505s] Level 1:colcon.colcon_core.environment:create_environment_scripts_only(tello_driver)
[54.506s] Level 1:colcon.colcon_core.environment:checking '/home/user/hcc_lab2/install/tello_driver' for CMake module files
[54.506s] Level 1:colcon.colcon_core.environment:checking '/home/user/hcc_lab2/install/tello_driver' for CMake config files
[54.507s] Level 1:colcon.colcon_core.shell:create_environment_hook('tello_driver', 'cmake_prefix_path')
[54.507s] INFO:colcon.colcon_core.shell:Creating environment hook '/home/user/hcc_lab2/install/tello_driver/share/tello_driver/hook/cmake_prefix_path.ps1'
[54.509s] INFO:colcon.colcon_core.shell:Creating environment descriptor '/home/user/hcc_lab2/install/tello_driver/share/tello_driver/hook/cmake_prefix_path.dsv'
[54.510s] INFO:colcon.colcon_core.shell:Creating environment hook '/home/user/hcc_lab2/install/tello_driver/share/tello_driver/hook/cmake_prefix_path.sh'
[54.513s] Level 1:colcon.colcon_core.environment:checking '/home/user/hcc_lab2/install/tello_driver/lib'
[54.513s] Level 1:colcon.colcon_core.shell:create_environment_hook('tello_driver', 'ld_library_path_lib')
[54.513s] INFO:colcon.colcon_core.shell:Creating environment hook '/home/user/hcc_lab2/install/tello_driver/share/tello_driver/hook/ld_library_path_lib.ps1'
[54.515s] INFO:colcon.colcon_core.shell:Creating environment descriptor '/home/user/hcc_lab2/install/tello_driver/share/tello_driver/hook/ld_library_path_lib.dsv'
[54.517s] INFO:colcon.colcon_core.shell:Creating environment hook '/home/user/hcc_lab2/install/tello_driver/share/tello_driver/hook/ld_library_path_lib.sh'
[54.519s] Level 1:colcon.colcon_core.environment:checking '/home/user/hcc_lab2/install/tello_driver/bin'
[54.519s] Level 1:colcon.colcon_core.environment:checking '/home/user/hcc_lab2/install/tello_driver/lib/pkgconfig/tello_driver.pc'
[54.519s] Level 1:colcon.colcon_core.environment:checking '/home/user/hcc_lab2/install/tello_driver/lib/python3.8/site-packages'
[54.519s] Level 1:colcon.colcon_core.environment:checking '/home/user/hcc_lab2/install/tello_driver/bin'
[54.520s] INFO:colcon.colcon_core.shell:Creating package script '/home/user/hcc_lab2/install/tello_driver/share/tello_driver/package.ps1'
[54.522s] INFO:colcon.colcon_core.shell:Creating package descriptor '/home/user/hcc_lab2/install/tello_driver/share/tello_driver/package.dsv'
[54.524s] INFO:colcon.colcon_core.shell:Creating package script '/home/user/hcc_lab2/install/tello_driver/share/tello_driver/package.sh'
[54.526s] INFO:colcon.colcon_core.shell:Creating package script '/home/user/hcc_lab2/install/tello_driver/share/tello_driver/package.bash'
[54.528s] INFO:colcon.colcon_core.shell:Creating package script '/home/user/hcc_lab2/install/tello_driver/share/tello_driver/package.zsh'
[54.529s] Level 1:colcon.colcon_core.environment:create_file_with_runtime_dependencies(/home/user/hcc_lab2/install/tello_driver/share/colcon-core/packages/tello_driver)
[54.531s] DEBUG:colcon.colcon_parallel_executor.executor.parallel:closing loop
[54.532s] DEBUG:colcon.colcon_parallel_executor.executor.parallel:loop closed
[54.532s] DEBUG:colcon.colcon_parallel_executor.executor.parallel:run_until_complete finished with '0'
[54.535s] DEBUG:colcon.colcon_core.event_reactor:joining thread
[54.550s] INFO:colcon.colcon_core.plugin_system:Skipping extension 'colcon_notification.desktop_notification.terminal_notifier': Not used on non-Darwin systems
[54.550s] INFO:colcon.colcon_core.plugin_system:Skipping extension 'colcon_notification.desktop_notification.win32': Not used on non-Windows systems
[54.550s] INFO:colcon.colcon_notification.desktop_notification:Sending desktop notification using 'notify2'
[54.572s] DEBUG:colcon.colcon_core.event_reactor:joined thread
[54.572s] INFO:colcon.colcon_core.shell:Creating prefix script '/home/user/hcc_lab2/install/local_setup.ps1'
[54.574s] INFO:colcon.colcon_core.shell:Creating prefix util module '/home/user/hcc_lab2/install/_local_setup_util_ps1.py'
[54.576s] INFO:colcon.colcon_core.shell:Creating prefix chain script '/home/user/hcc_lab2/install/setup.ps1'
[54.578s] INFO:colcon.colcon_core.shell:Creating prefix script '/home/user/hcc_lab2/install/local_setup.sh'
[54.579s] INFO:colcon.colcon_core.shell:Creating prefix util module '/home/user/hcc_lab2/install/_local_setup_util_sh.py'
[54.581s] INFO:colcon.colcon_core.shell:Creating prefix chain script '/home/user/hcc_lab2/install/setup.sh'
[54.582s] INFO:colcon.colcon_core.shell:Creating prefix script '/home/user/hcc_lab2/install/local_setup.bash'
[54.584s] INFO:colcon.colcon_core.shell:Creating prefix chain script '/home/user/hcc_lab2/install/setup.bash'
[54.585s] INFO:colcon.colcon_core.shell:Creating prefix script '/home/user/hcc_lab2/install/local_setup.zsh'
[54.586s] INFO:colcon.colcon_core.shell:Creating prefix chain script '/home/user/hcc_lab2/install/setup.zsh'
