[0.064s] Invoking command in '/home/user/hcc_lab2/build/tello_description': /usr/bin/cmake /home/user/hcc_lab2/src/tello_ros/tello_description -DCMAKE_INSTALL_PREFIX=/home/user/hcc_lab2/install/tello_description
[0.563s] -- The C compiler identification is GNU 9.4.0
[1.132s] -- The CXX compiler identification is GNU 9.4.0
[1.168s] -- Check for working C compiler: /usr/bin/cc
[1.352s] -- Check for working C compiler: /usr/bin/cc -- works
[1.357s] -- Detecting C compiler ABI info
[1.535s] -- Detecting C compiler ABI info - done
[1.562s] -- Detecting C compile features
[1.562s] -- Detecting C compile features - done
[1.569s] -- Check for working CXX compiler: /usr/bin/c++
[1.737s] -- Check for working CXX compiler: /usr/bin/c++ -- works
[1.741s] -- Detecting CXX compiler ABI info
[1.917s] -- Detecting CXX compiler ABI info - done
[1.945s] -- Detecting CXX compile features
[1.947s] -- Detecting CXX compile features - done
[1.979s] CMake Error at CMakeLists.txt:4 (find_package):
[1.979s]   By not providing "Findament_cmake.cmake" in CMAKE_MODULE_PATH this project
[1.979s]   has asked CMake to find a package configuration file provided by
[1.979s]   "ament_cmake", but CMake did not find one.
[1.979s] 
[1.980s]   Could not find a package configuration file provided by "ament_cmake" with
[1.980s]   any of the following names:
[1.980s] 
[1.980s]     ament_cmakeConfig.cmake
[1.980s]     ament_cmake-config.cmake
[1.980s] 
[1.980s]   Add the installation prefix of "ament_cmake" to CMAKE_PREFIX_PATH or set
[1.980s]   "ament_cmake_DIR" to a directory containing one of the above files.  If
[1.980s]   "ament_cmake" provides a separate development package or SDK, be sure it
[1.981s]   has been installed.
[1.981s] 
[1.981s] 
[1.981s] -- Configuring incomplete, errors occurred!
[1.981s] See also "/home/user/hcc_lab2/build/tello_description/CMakeFiles/CMakeOutput.log".
[1.992s] Invoked command in '/home/user/hcc_lab2/build/tello_description' returned '1': /usr/bin/cmake /home/user/hcc_lab2/src/tello_ros/tello_description -DCMAKE_INSTALL_PREFIX=/home/user/hcc_lab2/install/tello_description
