running egg_info
creating ../../build/tello_localization/tello_localization.egg-info
writing ../../build/tello_localization/tello_localization.egg-info/PKG-INFO
writing dependency_links to ../../build/tello_localization/tello_localization.egg-info/dependency_links.txt
writing entry points to ../../build/tello_localization/tello_localization.egg-info/entry_points.txt
writing requirements to ../../build/tello_localization/tello_localization.egg-info/requires.txt
writing top-level names to ../../build/tello_localization/tello_localization.egg-info/top_level.txt
writing manifest file '../../build/tello_localization/tello_localization.egg-info/SOURCES.txt'
reading manifest file '../../build/tello_localization/tello_localization.egg-info/SOURCES.txt'
writing manifest file '../../build/tello_localization/tello_localization.egg-info/SOURCES.txt'
running build
running build_py
creating /home/user/hcc_lab2/build/tello_localization/build
creating /home/user/hcc_lab2/build/tello_localization/build/lib
creating /home/user/hcc_lab2/build/tello_localization/build/lib/tello_localization
copying tello_localization/control_tello_ekf.py -> /home/user/hcc_lab2/build/tello_localization/build/lib/tello_localization
copying tello_localization/__init__.py -> /home/user/hcc_lab2/build/tello_localization/build/lib/tello_localization
copying tello_localization/ekf_localization_node.py -> /home/user/hcc_lab2/build/tello_localization/build/lib/tello_localization
copying tello_localization/tag_tf_broadcaster.py -> /home/user/hcc_lab2/build/tello_localization/build/lib/tello_localization
copying tello_localization/apriltag_detector_node.py -> /home/user/hcc_lab2/build/tello_localization/build/lib/tello_localization
running install
running install_lib
creating /home/user/hcc_lab2/install/tello_localization/lib/python3.8/site-packages/tello_localization
copying /home/user/hcc_lab2/build/tello_localization/build/lib/tello_localization/control_tello_ekf.py -> /home/user/hcc_lab2/install/tello_localization/lib/python3.8/site-packages/tello_localization
copying /home/user/hcc_lab2/build/tello_localization/build/lib/tello_localization/__init__.py -> /home/user/hcc_lab2/install/tello_localization/lib/python3.8/site-packages/tello_localization
copying /home/user/hcc_lab2/build/tello_localization/build/lib/tello_localization/ekf_localization_node.py -> /home/user/hcc_lab2/install/tello_localization/lib/python3.8/site-packages/tello_localization
copying /home/user/hcc_lab2/build/tello_localization/build/lib/tello_localization/tag_tf_broadcaster.py -> /home/user/hcc_lab2/install/tello_localization/lib/python3.8/site-packages/tello_localization
copying /home/user/hcc_lab2/build/tello_localization/build/lib/tello_localization/apriltag_detector_node.py -> /home/user/hcc_lab2/install/tello_localization/lib/python3.8/site-packages/tello_localization
byte-compiling /home/user/hcc_lab2/install/tello_localization/lib/python3.8/site-packages/tello_localization/control_tello_ekf.py to control_tello_ekf.cpython-38.pyc
byte-compiling /home/user/hcc_lab2/install/tello_localization/lib/python3.8/site-packages/tello_localization/__init__.py to __init__.cpython-38.pyc
byte-compiling /home/user/hcc_lab2/install/tello_localization/lib/python3.8/site-packages/tello_localization/ekf_localization_node.py to ekf_localization_node.cpython-38.pyc
byte-compiling /home/user/hcc_lab2/install/tello_localization/lib/python3.8/site-packages/tello_localization/tag_tf_broadcaster.py to tag_tf_broadcaster.cpython-38.pyc
byte-compiling /home/user/hcc_lab2/install/tello_localization/lib/python3.8/site-packages/tello_localization/apriltag_detector_node.py to apriltag_detector_node.cpython-38.pyc
running install_data
copying package.xml -> /home/user/hcc_lab2/install/tello_localization/share/tello_localization
creating /home/user/hcc_lab2/install/tello_localization/share/tello_localization/launch
copying launch/localization_launch.py -> /home/user/hcc_lab2/install/tello_localization/share/tello_localization/launch
creating /home/user/hcc_lab2/install/tello_localization/share/tello_localization/rviz
copying rviz/config.rviz -> /home/user/hcc_lab2/install/tello_localization/share/tello_localization/rviz
creating /home/user/hcc_lab2/install/tello_localization/share/tello_localization/map
copying map/apriltag_map.yaml -> /home/user/hcc_lab2/install/tello_localization/share/tello_localization/map
running install_egg_info
Copying ../../build/tello_localization/tello_localization.egg-info to /home/user/hcc_lab2/install/tello_localization/lib/python3.8/site-packages/tello_localization-0.1.0-py3.8.egg-info
running install_scripts
Installing apriltag_detector_node script to /home/user/hcc_lab2/install/tello_localization/lib/tello_localization
Installing control_tello_ekf script to /home/user/hcc_lab2/install/tello_localization/lib/tello_localization
Installing ekf_localization_node script to /home/user/hcc_lab2/install/tello_localization/lib/tello_localization
Installing tag_tf_broadcaster script to /home/user/hcc_lab2/install/tello_localization/lib/tello_localization
writing list of installed files to '/home/user/hcc_lab2/build/tello_localization/install.log'
