running egg_info
writing ../../build/tello_localization/tello_localization.egg-info/PKG-INFO
writing dependency_links to ../../build/tello_localization/tello_localization.egg-info/dependency_links.txt
writing entry points to ../../build/tello_localization/tello_localization.egg-info/entry_points.txt
writing requirements to ../../build/tello_localization/tello_localization.egg-info/requires.txt
writing top-level names to ../../build/tello_localization/tello_localization.egg-info/top_level.txt
reading manifest file '../../build/tello_localization/tello_localization.egg-info/SOURCES.txt'
writing manifest file '../../build/tello_localization/tello_localization.egg-info/SOURCES.txt'
running build
running build_py
copying tello_localization/ekf_localization_node.py -> /home/user/hcc_lab2/build/tello_localization/build/lib/tello_localization
copying tello_localization/apriltag_detector_node.py -> /home/user/hcc_lab2/build/tello_localization/build/lib/tello_localization
running install
running install_lib
copying /home/user/hcc_lab2/build/tello_localization/build/lib/tello_localization/ekf_localization_node.py -> /home/user/hcc_lab2/install/tello_localization/lib/python3.8/site-packages/tello_localization
copying /home/user/hcc_lab2/build/tello_localization/build/lib/tello_localization/apriltag_detector_node.py -> /home/user/hcc_lab2/install/tello_localization/lib/python3.8/site-packages/tello_localization
byte-compiling /home/user/hcc_lab2/install/tello_localization/lib/python3.8/site-packages/tello_localization/ekf_localization_node.py to ekf_localization_node.cpython-38.pyc
byte-compiling /home/user/hcc_lab2/install/tello_localization/lib/python3.8/site-packages/tello_localization/apriltag_detector_node.py to apriltag_detector_node.cpython-38.pyc
running install_data
running install_egg_info
removing '/home/user/hcc_lab2/install/tello_localization/lib/python3.8/site-packages/tello_localization-0.1.0-py3.8.egg-info' (and everything under it)
Copying ../../build/tello_localization/tello_localization.egg-info to /home/user/hcc_lab2/install/tello_localization/lib/python3.8/site-packages/tello_localization-0.1.0-py3.8.egg-info
running install_scripts
Installing apriltag_detector_node script to /home/user/hcc_lab2/install/tello_localization/lib/tello_localization
Installing control_tello_ekf script to /home/user/hcc_lab2/install/tello_localization/lib/tello_localization
Installing ekf_localization_node script to /home/user/hcc_lab2/install/tello_localization/lib/tello_localization
Installing tag_tf_broadcaster script to /home/user/hcc_lab2/install/tello_localization/lib/tello_localization
writing list of installed files to '/home/user/hcc_lab2/build/tello_localization/install.log'
