[0.975s] Invoking command in '/home/user/hcc_lab2/src/tello_localization': PYTHONPATH=/home/user/hcc_lab2/build/tello_localization/prefix_override:/usr/lib/python3/dist-packages/colcon_core/task/python/colcon_distutils_commands:/home/user/hcc_lab2/install/tello_localization/lib/python3.8/site-packages:${PYTHONPATH} /usr/bin/python3 -W ignore:setup.py install is deprecated -W ignore:easy_install command is deprecated setup.py egg_info --egg-base ../../build/tello_localization build --build-base /home/user/hcc_lab2/build/tello_localization/build install --record /home/user/hcc_lab2/build/tello_localization/install.log --single-version-externally-managed install_data
[1.283s] running egg_info
[1.285s] writing ../../build/tello_localization/tello_localization.egg-info/PKG-INFO
[1.288s] writing dependency_links to ../../build/tello_localization/tello_localization.egg-info/dependency_links.txt
[1.288s] writing entry points to ../../build/tello_localization/tello_localization.egg-info/entry_points.txt
[1.288s] writing requirements to ../../build/tello_localization/tello_localization.egg-info/requires.txt
[1.288s] writing top-level names to ../../build/tello_localization/tello_localization.egg-info/top_level.txt
[1.338s] reading manifest file '../../build/tello_localization/tello_localization.egg-info/SOURCES.txt'
[1.339s] writing manifest file '../../build/tello_localization/tello_localization.egg-info/SOURCES.txt'
[1.341s] running build
[1.341s] running build_py
[1.341s] copying tello_localization/ekf_localization_node.py -> /home/user/hcc_lab2/build/tello_localization/build/lib/tello_localization
[1.342s] copying tello_localization/apriltag_detector_node.py -> /home/user/hcc_lab2/build/tello_localization/build/lib/tello_localization
[1.342s] running install
[1.343s] running install_lib
[1.345s] copying /home/user/hcc_lab2/build/tello_localization/build/lib/tello_localization/ekf_localization_node.py -> /home/user/hcc_lab2/install/tello_localization/lib/python3.8/site-packages/tello_localization
[1.345s] copying /home/user/hcc_lab2/build/tello_localization/build/lib/tello_localization/apriltag_detector_node.py -> /home/user/hcc_lab2/install/tello_localization/lib/python3.8/site-packages/tello_localization
[1.347s] byte-compiling /home/user/hcc_lab2/install/tello_localization/lib/python3.8/site-packages/tello_localization/ekf_localization_node.py to ekf_localization_node.cpython-38.pyc
[1.348s] byte-compiling /home/user/hcc_lab2/install/tello_localization/lib/python3.8/site-packages/tello_localization/apriltag_detector_node.py to apriltag_detector_node.cpython-38.pyc
[1.349s] Sorry: TabError: inconsistent use of tabs and spaces in indentation (ekf_localization_node.py, line 67)
[1.352s] running install_data
[1.353s] running install_egg_info
[1.355s] removing '/home/user/hcc_lab2/install/tello_localization/lib/python3.8/site-packages/tello_localization-0.1.0-py3.8.egg-info' (and everything under it)
[1.356s] Copying ../../build/tello_localization/tello_localization.egg-info to /home/user/hcc_lab2/install/tello_localization/lib/python3.8/site-packages/tello_localization-0.1.0-py3.8.egg-info
[1.357s] running install_scripts
[1.384s] Installing apriltag_detector_node script to /home/user/hcc_lab2/install/tello_localization/lib/tello_localization
[1.388s] Installing control_tello_ekf script to /home/user/hcc_lab2/install/tello_localization/lib/tello_localization
[1.389s] Installing ekf_localization_node script to /home/user/hcc_lab2/install/tello_localization/lib/tello_localization
[1.389s] Installing tag_tf_broadcaster script to /home/user/hcc_lab2/install/tello_localization/lib/tello_localization
[1.389s] writing list of installed files to '/home/user/hcc_lab2/build/tello_localization/install.log'
[1.420s] Invoked command in '/home/user/hcc_lab2/src/tello_localization' returned '0': PYTHONPATH=/home/user/hcc_lab2/build/tello_localization/prefix_override:/usr/lib/python3/dist-packages/colcon_core/task/python/colcon_distutils_commands:/home/user/hcc_lab2/install/tello_localization/lib/python3.8/site-packages:${PYTHONPATH} /usr/bin/python3 -W ignore:setup.py install is deprecated -W ignore:easy_install command is deprecated setup.py egg_info --egg-base ../../build/tello_localization build --build-base /home/user/hcc_lab2/build/tello_localization/build install --record /home/user/hcc_lab2/build/tello_localization/install.log --single-version-externally-managed install_data
