[0.793s] DEBUG:colcon:Command line arguments: ['/usr/bin/colcon', 'build', '--event-handlers', 'console_direct+', '--packages-skip', 'tello_gazebo']
[0.793s] DEBUG:colcon:Parsed command line arguments: Namespace(allow_overriding=[], ament_cmake_args=None, base_paths=['.'], build_base='build', catkin_cmake_args=None, catkin_skip_building_tests=False, cmake_args=None, cmake_clean_cache=False, cmake_clean_first=False, cmake_force_configure=False, cmake_target=None, cmake_target_skip_unavailable=False, continue_on_error=False, event_handlers=['console_direct+'], executor='parallel', ignore_user_meta=False, install_base='install', log_base=None, log_level=None, main=<bound method BuildVerb.main of <colcon_core.verb.build.BuildVerb object at 0x7fed57984df0>>, merge_install=False, metas=['./colcon.meta'], packages_above=None, packages_above_and_dependencies=None, packages_above_depth=None, packages_end=None, packages_ignore=None, packages_ignore_regex=None, packages_select=None, packages_select_build_failed=False, packages_select_by_dep=None, packages_select_regex=None, packages_select_test_failures=False, packages_skip=['tello_gazebo'], packages_skip_build_finished=False, packages_skip_by_dep=None, packages_skip_regex=None, packages_skip_test_passed=False, packages_skip_up_to=None, packages_start=None, packages_up_to=None, packages_up_to_regex=None, parallel_workers=4, paths=None, symlink_install=False, test_result_base=None, verb_extension=<colcon_core.verb.build.BuildVerb object at 0x7fed57984df0>, verb_name='build', verb_parser=<colcon_defaults.argument_parser.defaults.DefaultArgumentsDecorator object at 0x7fed57995310>)
[1.082s] Level 1:colcon.colcon_core.package_discovery:discover_packages(colcon_meta) check parameters
[1.082s] Level 1:colcon.colcon_core.package_discovery:discover_packages(recursive) check parameters
[1.082s] Level 1:colcon.colcon_core.package_discovery:discover_packages(ignore) check parameters
[1.082s] Level 1:colcon.colcon_core.package_discovery:discover_packages(path) check parameters
[1.082s] Level 1:colcon.colcon_core.package_discovery:discover_packages(colcon_meta) discover
[1.082s] Level 1:colcon.colcon_core.package_discovery:discover_packages(recursive) discover
[1.082s] INFO:colcon.colcon_core.package_discovery:Crawling recursively for packages in '/home/user/hcc_lab2'
[1.082s] Level 1:colcon.colcon_core.package_identification:_identify(.) by extensions ['ignore', 'ignore_ament_install']
[1.083s] Level 1:colcon.colcon_core.package_identification:_identify(.) by extension 'ignore'
[1.083s] Level 1:colcon.colcon_core.package_identification:_identify(.) by extension 'ignore_ament_install'
[1.083s] Level 1:colcon.colcon_core.package_identification:_identify(.) by extensions ['colcon_pkg']
[1.083s] Level 1:colcon.colcon_core.package_identification:_identify(.) by extension 'colcon_pkg'
[1.083s] Level 1:colcon.colcon_core.package_identification:_identify(.) by extensions ['colcon_meta']
[1.083s] Level 1:colcon.colcon_core.package_identification:_identify(.) by extension 'colcon_meta'
[1.083s] Level 1:colcon.colcon_core.package_identification:_identify(.) by extensions ['ros']
[1.083s] Level 1:colcon.colcon_core.package_identification:_identify(.) by extension 'ros'
[1.112s] Level 1:colcon.colcon_core.package_identification:_identify(.) by extensions ['cmake', 'python']
[1.112s] Level 1:colcon.colcon_core.package_identification:_identify(.) by extension 'cmake'
[1.112s] Level 1:colcon.colcon_core.package_identification:_identify(.) by extension 'python'
[1.112s] Level 1:colcon.colcon_core.package_identification:_identify(.) by extensions ['python_setup_py']
[1.112s] Level 1:colcon.colcon_core.package_identification:_identify(.) by extension 'python_setup_py'
[1.112s] Level 1:colcon.colcon_core.package_identification:_identify(build) by extensions ['ignore', 'ignore_ament_install']
[1.113s] Level 1:colcon.colcon_core.package_identification:_identify(build) by extension 'ignore'
[1.113s] Level 1:colcon.colcon_core.package_identification:_identify(build) ignored
[1.113s] Level 1:colcon.colcon_core.package_identification:_identify(install) by extensions ['ignore', 'ignore_ament_install']
[1.113s] Level 1:colcon.colcon_core.package_identification:_identify(install) by extension 'ignore'
[1.113s] Level 1:colcon.colcon_core.package_identification:_identify(install) ignored
[1.113s] Level 1:colcon.colcon_core.package_identification:_identify(log) by extensions ['ignore', 'ignore_ament_install']
[1.113s] Level 1:colcon.colcon_core.package_identification:_identify(log) by extension 'ignore'
[1.113s] Level 1:colcon.colcon_core.package_identification:_identify(log) ignored
[1.113s] Level 1:colcon.colcon_core.package_identification:_identify(src) by extensions ['ignore', 'ignore_ament_install']
[1.114s] Level 1:colcon.colcon_core.package_identification:_identify(src) by extension 'ignore'
[1.114s] Level 1:colcon.colcon_core.package_identification:_identify(src) by extension 'ignore_ament_install'
[1.114s] Level 1:colcon.colcon_core.package_identification:_identify(src) by extensions ['colcon_pkg']
[1.114s] Level 1:colcon.colcon_core.package_identification:_identify(src) by extension 'colcon_pkg'
[1.114s] Level 1:colcon.colcon_core.package_identification:_identify(src) by extensions ['colcon_meta']
[1.114s] Level 1:colcon.colcon_core.package_identification:_identify(src) by extension 'colcon_meta'
[1.114s] Level 1:colcon.colcon_core.package_identification:_identify(src) by extensions ['ros']
[1.114s] Level 1:colcon.colcon_core.package_identification:_identify(src) by extension 'ros'
[1.114s] Level 1:colcon.colcon_core.package_identification:_identify(src) by extensions ['cmake', 'python']
[1.114s] Level 1:colcon.colcon_core.package_identification:_identify(src) by extension 'cmake'
[1.114s] Level 1:colcon.colcon_core.package_identification:_identify(src) by extension 'python'
[1.114s] Level 1:colcon.colcon_core.package_identification:_identify(src) by extensions ['python_setup_py']
[1.114s] Level 1:colcon.colcon_core.package_identification:_identify(src) by extension 'python_setup_py'
[1.115s] Level 1:colcon.colcon_core.package_identification:_identify(src/ros2_shared) by extensions ['ignore', 'ignore_ament_install']
[1.115s] Level 1:colcon.colcon_core.package_identification:_identify(src/ros2_shared) by extension 'ignore'
[1.115s] Level 1:colcon.colcon_core.package_identification:_identify(src/ros2_shared) by extension 'ignore_ament_install'
[1.115s] Level 1:colcon.colcon_core.package_identification:_identify(src/ros2_shared) by extensions ['colcon_pkg']
[1.115s] Level 1:colcon.colcon_core.package_identification:_identify(src/ros2_shared) by extension 'colcon_pkg'
[1.115s] Level 1:colcon.colcon_core.package_identification:_identify(src/ros2_shared) by extensions ['colcon_meta']
[1.115s] Level 1:colcon.colcon_core.package_identification:_identify(src/ros2_shared) by extension 'colcon_meta'
[1.115s] Level 1:colcon.colcon_core.package_identification:_identify(src/ros2_shared) by extensions ['ros']
[1.115s] Level 1:colcon.colcon_core.package_identification:_identify(src/ros2_shared) by extension 'ros'
[1.125s] DEBUG:colcon.colcon_core.package_identification:Package 'src/ros2_shared' with type 'ros.ament_cmake' and name 'ros2_shared'
[1.125s] Level 1:colcon.colcon_core.package_identification:_identify(src/tello_localization) by extensions ['ignore', 'ignore_ament_install']
[1.125s] Level 1:colcon.colcon_core.package_identification:_identify(src/tello_localization) by extension 'ignore'
[1.125s] Level 1:colcon.colcon_core.package_identification:_identify(src/tello_localization) by extension 'ignore_ament_install'
[1.125s] Level 1:colcon.colcon_core.package_identification:_identify(src/tello_localization) by extensions ['colcon_pkg']
[1.125s] Level 1:colcon.colcon_core.package_identification:_identify(src/tello_localization) by extension 'colcon_pkg'
[1.125s] Level 1:colcon.colcon_core.package_identification:_identify(src/tello_localization) by extensions ['colcon_meta']
[1.125s] Level 1:colcon.colcon_core.package_identification:_identify(src/tello_localization) by extension 'colcon_meta'
[1.126s] Level 1:colcon.colcon_core.package_identification:_identify(src/tello_localization) by extensions ['ros']
[1.126s] Level 1:colcon.colcon_core.package_identification:_identify(src/tello_localization) by extension 'ros'
[1.126s] DEBUG:colcon.colcon_core.package_identification:Package 'src/tello_localization' with type 'ros.ament_python' and name 'tello_localization'
[1.127s] Level 1:colcon.colcon_core.package_identification:_identify(src/tello_ros) by extensions ['ignore', 'ignore_ament_install']
[1.127s] Level 1:colcon.colcon_core.package_identification:_identify(src/tello_ros) by extension 'ignore'
[1.127s] Level 1:colcon.colcon_core.package_identification:_identify(src/tello_ros) by extension 'ignore_ament_install'
[1.127s] Level 1:colcon.colcon_core.package_identification:_identify(src/tello_ros) by extensions ['colcon_pkg']
[1.127s] Level 1:colcon.colcon_core.package_identification:_identify(src/tello_ros) by extension 'colcon_pkg'
[1.127s] Level 1:colcon.colcon_core.package_identification:_identify(src/tello_ros) by extensions ['colcon_meta']
[1.127s] Level 1:colcon.colcon_core.package_identification:_identify(src/tello_ros) by extension 'colcon_meta'
[1.127s] Level 1:colcon.colcon_core.package_identification:_identify(src/tello_ros) by extensions ['ros']
[1.127s] Level 1:colcon.colcon_core.package_identification:_identify(src/tello_ros) by extension 'ros'
[1.127s] Level 1:colcon.colcon_core.package_identification:_identify(src/tello_ros) by extensions ['cmake', 'python']
[1.127s] Level 1:colcon.colcon_core.package_identification:_identify(src/tello_ros) by extension 'cmake'
[1.127s] Level 1:colcon.colcon_core.package_identification:_identify(src/tello_ros) by extension 'python'
[1.128s] Level 1:colcon.colcon_core.package_identification:_identify(src/tello_ros) by extensions ['python_setup_py']
[1.128s] Level 1:colcon.colcon_core.package_identification:_identify(src/tello_ros) by extension 'python_setup_py'
[1.128s] Level 1:colcon.colcon_core.package_identification:_identify(src/tello_ros/tello_description) by extensions ['ignore', 'ignore_ament_install']
[1.128s] Level 1:colcon.colcon_core.package_identification:_identify(src/tello_ros/tello_description) by extension 'ignore'
[1.128s] Level 1:colcon.colcon_core.package_identification:_identify(src/tello_ros/tello_description) by extension 'ignore_ament_install'
[1.128s] Level 1:colcon.colcon_core.package_identification:_identify(src/tello_ros/tello_description) by extensions ['colcon_pkg']
[1.128s] Level 1:colcon.colcon_core.package_identification:_identify(src/tello_ros/tello_description) by extension 'colcon_pkg'
[1.128s] Level 1:colcon.colcon_core.package_identification:_identify(src/tello_ros/tello_description) by extensions ['colcon_meta']
[1.128s] Level 1:colcon.colcon_core.package_identification:_identify(src/tello_ros/tello_description) by extension 'colcon_meta'
[1.128s] Level 1:colcon.colcon_core.package_identification:_identify(src/tello_ros/tello_description) by extensions ['ros']
[1.128s] Level 1:colcon.colcon_core.package_identification:_identify(src/tello_ros/tello_description) by extension 'ros'
[1.129s] DEBUG:colcon.colcon_core.package_identification:Package 'src/tello_ros/tello_description' with type 'ros.ament_cmake' and name 'tello_description'
[1.129s] Level 1:colcon.colcon_core.package_identification:_identify(src/tello_ros/tello_driver) by extensions ['ignore', 'ignore_ament_install']
[1.129s] Level 1:colcon.colcon_core.package_identification:_identify(src/tello_ros/tello_driver) by extension 'ignore'
[1.129s] Level 1:colcon.colcon_core.package_identification:_identify(src/tello_ros/tello_driver) by extension 'ignore_ament_install'
[1.129s] Level 1:colcon.colcon_core.package_identification:_identify(src/tello_ros/tello_driver) by extensions ['colcon_pkg']
[1.129s] Level 1:colcon.colcon_core.package_identification:_identify(src/tello_ros/tello_driver) by extension 'colcon_pkg'
[1.129s] Level 1:colcon.colcon_core.package_identification:_identify(src/tello_ros/tello_driver) by extensions ['colcon_meta']
[1.129s] Level 1:colcon.colcon_core.package_identification:_identify(src/tello_ros/tello_driver) by extension 'colcon_meta'
[1.130s] Level 1:colcon.colcon_core.package_identification:_identify(src/tello_ros/tello_driver) by extensions ['ros']
[1.130s] Level 1:colcon.colcon_core.package_identification:_identify(src/tello_ros/tello_driver) by extension 'ros'
[1.132s] DEBUG:colcon.colcon_core.package_identification:Package 'src/tello_ros/tello_driver' with type 'ros.ament_cmake' and name 'tello_driver'
[1.132s] Level 1:colcon.colcon_core.package_identification:_identify(src/tello_ros/tello_gazebo) by extensions ['ignore', 'ignore_ament_install']
[1.132s] Level 1:colcon.colcon_core.package_identification:_identify(src/tello_ros/tello_gazebo) by extension 'ignore'
[1.132s] Level 1:colcon.colcon_core.package_identification:_identify(src/tello_ros/tello_gazebo) by extension 'ignore_ament_install'
[1.132s] Level 1:colcon.colcon_core.package_identification:_identify(src/tello_ros/tello_gazebo) by extensions ['colcon_pkg']
[1.132s] Level 1:colcon.colcon_core.package_identification:_identify(src/tello_ros/tello_gazebo) by extension 'colcon_pkg'
[1.132s] Level 1:colcon.colcon_core.package_identification:_identify(src/tello_ros/tello_gazebo) by extensions ['colcon_meta']
[1.132s] Level 1:colcon.colcon_core.package_identification:_identify(src/tello_ros/tello_gazebo) by extension 'colcon_meta'
[1.132s] Level 1:colcon.colcon_core.package_identification:_identify(src/tello_ros/tello_gazebo) by extensions ['ros']
[1.132s] Level 1:colcon.colcon_core.package_identification:_identify(src/tello_ros/tello_gazebo) by extension 'ros'
[1.134s] DEBUG:colcon.colcon_core.package_identification:Package 'src/tello_ros/tello_gazebo' with type 'ros.ament_cmake' and name 'tello_gazebo'
[1.134s] Level 1:colcon.colcon_core.package_identification:_identify(src/tello_ros/tello_msgs) by extensions ['ignore', 'ignore_ament_install']
[1.134s] Level 1:colcon.colcon_core.package_identification:_identify(src/tello_ros/tello_msgs) by extension 'ignore'
[1.134s] Level 1:colcon.colcon_core.package_identification:_identify(src/tello_ros/tello_msgs) by extension 'ignore_ament_install'
[1.135s] Level 1:colcon.colcon_core.package_identification:_identify(src/tello_ros/tello_msgs) by extensions ['colcon_pkg']
[1.135s] Level 1:colcon.colcon_core.package_identification:_identify(src/tello_ros/tello_msgs) by extension 'colcon_pkg'
[1.135s] Level 1:colcon.colcon_core.package_identification:_identify(src/tello_ros/tello_msgs) by extensions ['colcon_meta']
[1.135s] Level 1:colcon.colcon_core.package_identification:_identify(src/tello_ros/tello_msgs) by extension 'colcon_meta'
[1.135s] Level 1:colcon.colcon_core.package_identification:_identify(src/tello_ros/tello_msgs) by extensions ['ros']
[1.135s] Level 1:colcon.colcon_core.package_identification:_identify(src/tello_ros/tello_msgs) by extension 'ros'
[1.136s] DEBUG:colcon.colcon_core.package_identification:Package 'src/tello_ros/tello_msgs' with type 'ros.ament_cmake' and name 'tello_msgs'
[1.136s] Level 1:colcon.colcon_core.package_discovery:discover_packages(recursive) using defaults
[1.136s] Level 1:colcon.colcon_core.package_discovery:discover_packages(ignore) discover
[1.136s] Level 1:colcon.colcon_core.package_discovery:discover_packages(ignore) using defaults
[1.136s] Level 1:colcon.colcon_core.package_discovery:discover_packages(path) discover
[1.136s] Level 1:colcon.colcon_core.package_discovery:discover_packages(path) using defaults
[1.193s] INFO:colcon.colcon_core.package_selection:Skipping package 'tello_gazebo' in 'src/tello_ros/tello_gazebo'
[1.195s] Level 1:colcon.colcon_core.package_discovery:discover_packages(prefix_path) check parameters
[1.195s] Level 1:colcon.colcon_core.package_discovery:discover_packages(prefix_path) discover
[1.204s] Level 1:colcon.colcon_core.package_discovery:discover_packages(prefix_path) using defaults
[1.210s] Level 5:colcon.colcon_core.verb:set package 'ros2_shared' build argument 'cmake_args' from command line to 'None'
[1.210s] Level 5:colcon.colcon_core.verb:set package 'ros2_shared' build argument 'cmake_target' from command line to 'None'
[1.210s] Level 5:colcon.colcon_core.verb:set package 'ros2_shared' build argument 'cmake_target_skip_unavailable' from command line to 'False'
[1.210s] Level 5:colcon.colcon_core.verb:set package 'ros2_shared' build argument 'cmake_clean_cache' from command line to 'False'
[1.210s] Level 5:colcon.colcon_core.verb:set package 'ros2_shared' build argument 'cmake_clean_first' from command line to 'False'
[1.210s] Level 5:colcon.colcon_core.verb:set package 'ros2_shared' build argument 'cmake_force_configure' from command line to 'False'
[1.210s] Level 5:colcon.colcon_core.verb:set package 'ros2_shared' build argument 'ament_cmake_args' from command line to 'None'
[1.210s] Level 5:colcon.colcon_core.verb:set package 'ros2_shared' build argument 'catkin_cmake_args' from command line to 'None'
[1.210s] Level 5:colcon.colcon_core.verb:set package 'ros2_shared' build argument 'catkin_skip_building_tests' from command line to 'False'
[1.211s] DEBUG:colcon.colcon_core.verb:Building package 'ros2_shared' with the following arguments: {'ament_cmake_args': None, 'build_base': '/home/user/hcc_lab2/build/ros2_shared', 'catkin_cmake_args': None, 'catkin_skip_building_tests': False, 'cmake_args': None, 'cmake_clean_cache': False, 'cmake_clean_first': False, 'cmake_force_configure': False, 'cmake_target': None, 'cmake_target_skip_unavailable': False, 'install_base': '/home/user/hcc_lab2/install/ros2_shared', 'merge_install': False, 'path': '/home/user/hcc_lab2/src/ros2_shared', 'symlink_install': False, 'test_result_base': None}
[1.211s] Level 5:colcon.colcon_core.verb:set package 'tello_description' build argument 'cmake_args' from command line to 'None'
[1.211s] Level 5:colcon.colcon_core.verb:set package 'tello_description' build argument 'cmake_target' from command line to 'None'
[1.211s] Level 5:colcon.colcon_core.verb:set package 'tello_description' build argument 'cmake_target_skip_unavailable' from command line to 'False'
[1.211s] Level 5:colcon.colcon_core.verb:set package 'tello_description' build argument 'cmake_clean_cache' from command line to 'False'
[1.211s] Level 5:colcon.colcon_core.verb:set package 'tello_description' build argument 'cmake_clean_first' from command line to 'False'
[1.211s] Level 5:colcon.colcon_core.verb:set package 'tello_description' build argument 'cmake_force_configure' from command line to 'False'
[1.211s] Level 5:colcon.colcon_core.verb:set package 'tello_description' build argument 'ament_cmake_args' from command line to 'None'
[1.211s] Level 5:colcon.colcon_core.verb:set package 'tello_description' build argument 'catkin_cmake_args' from command line to 'None'
[1.211s] Level 5:colcon.colcon_core.verb:set package 'tello_description' build argument 'catkin_skip_building_tests' from command line to 'False'
[1.211s] DEBUG:colcon.colcon_core.verb:Building package 'tello_description' with the following arguments: {'ament_cmake_args': None, 'build_base': '/home/user/hcc_lab2/build/tello_description', 'catkin_cmake_args': None, 'catkin_skip_building_tests': False, 'cmake_args': None, 'cmake_clean_cache': False, 'cmake_clean_first': False, 'cmake_force_configure': False, 'cmake_target': None, 'cmake_target_skip_unavailable': False, 'install_base': '/home/user/hcc_lab2/install/tello_description', 'merge_install': False, 'path': '/home/user/hcc_lab2/src/tello_ros/tello_description', 'symlink_install': False, 'test_result_base': None}
[1.212s] Level 5:colcon.colcon_core.verb:set package 'tello_localization' build argument 'cmake_args' from command line to 'None'
[1.212s] Level 5:colcon.colcon_core.verb:set package 'tello_localization' build argument 'cmake_target' from command line to 'None'
[1.212s] Level 5:colcon.colcon_core.verb:set package 'tello_localization' build argument 'cmake_target_skip_unavailable' from command line to 'False'
[1.212s] Level 5:colcon.colcon_core.verb:set package 'tello_localization' build argument 'cmake_clean_cache' from command line to 'False'
[1.212s] Level 5:colcon.colcon_core.verb:set package 'tello_localization' build argument 'cmake_clean_first' from command line to 'False'
[1.212s] Level 5:colcon.colcon_core.verb:set package 'tello_localization' build argument 'cmake_force_configure' from command line to 'False'
[1.212s] Level 5:colcon.colcon_core.verb:set package 'tello_localization' build argument 'ament_cmake_args' from command line to 'None'
[1.212s] Level 5:colcon.colcon_core.verb:set package 'tello_localization' build argument 'catkin_cmake_args' from command line to 'None'
[1.212s] Level 5:colcon.colcon_core.verb:set package 'tello_localization' build argument 'catkin_skip_building_tests' from command line to 'False'
[1.212s] DEBUG:colcon.colcon_core.verb:Building package 'tello_localization' with the following arguments: {'ament_cmake_args': None, 'build_base': '/home/user/hcc_lab2/build/tello_localization', 'catkin_cmake_args': None, 'catkin_skip_building_tests': False, 'cmake_args': None, 'cmake_clean_cache': False, 'cmake_clean_first': False, 'cmake_force_configure': False, 'cmake_target': None, 'cmake_target_skip_unavailable': False, 'install_base': '/home/user/hcc_lab2/install/tello_localization', 'merge_install': False, 'path': '/home/user/hcc_lab2/src/tello_localization', 'symlink_install': False, 'test_result_base': None}
[1.213s] Level 5:colcon.colcon_core.verb:set package 'tello_msgs' build argument 'cmake_args' from command line to 'None'
[1.213s] Level 5:colcon.colcon_core.verb:set package 'tello_msgs' build argument 'cmake_target' from command line to 'None'
[1.213s] Level 5:colcon.colcon_core.verb:set package 'tello_msgs' build argument 'cmake_target_skip_unavailable' from command line to 'False'
[1.213s] Level 5:colcon.colcon_core.verb:set package 'tello_msgs' build argument 'cmake_clean_cache' from command line to 'False'
[1.213s] Level 5:colcon.colcon_core.verb:set package 'tello_msgs' build argument 'cmake_clean_first' from command line to 'False'
[1.213s] Level 5:colcon.colcon_core.verb:set package 'tello_msgs' build argument 'cmake_force_configure' from command line to 'False'
[1.213s] Level 5:colcon.colcon_core.verb:set package 'tello_msgs' build argument 'ament_cmake_args' from command line to 'None'
[1.213s] Level 5:colcon.colcon_core.verb:set package 'tello_msgs' build argument 'catkin_cmake_args' from command line to 'None'
[1.213s] Level 5:colcon.colcon_core.verb:set package 'tello_msgs' build argument 'catkin_skip_building_tests' from command line to 'False'
[1.213s] DEBUG:colcon.colcon_core.verb:Building package 'tello_msgs' with the following arguments: {'ament_cmake_args': None, 'build_base': '/home/user/hcc_lab2/build/tello_msgs', 'catkin_cmake_args': None, 'catkin_skip_building_tests': False, 'cmake_args': None, 'cmake_clean_cache': False, 'cmake_clean_first': False, 'cmake_force_configure': False, 'cmake_target': None, 'cmake_target_skip_unavailable': False, 'install_base': '/home/user/hcc_lab2/install/tello_msgs', 'merge_install': False, 'path': '/home/user/hcc_lab2/src/tello_ros/tello_msgs', 'symlink_install': False, 'test_result_base': None}
[1.213s] Level 5:colcon.colcon_core.verb:set package 'tello_driver' build argument 'cmake_args' from command line to 'None'
[1.213s] Level 5:colcon.colcon_core.verb:set package 'tello_driver' build argument 'cmake_target' from command line to 'None'
[1.214s] Level 5:colcon.colcon_core.verb:set package 'tello_driver' build argument 'cmake_target_skip_unavailable' from command line to 'False'
[1.214s] Level 5:colcon.colcon_core.verb:set package 'tello_driver' build argument 'cmake_clean_cache' from command line to 'False'
[1.214s] Level 5:colcon.colcon_core.verb:set package 'tello_driver' build argument 'cmake_clean_first' from command line to 'False'
[1.214s] Level 5:colcon.colcon_core.verb:set package 'tello_driver' build argument 'cmake_force_configure' from command line to 'False'
[1.214s] Level 5:colcon.colcon_core.verb:set package 'tello_driver' build argument 'ament_cmake_args' from command line to 'None'
[1.214s] Level 5:colcon.colcon_core.verb:set package 'tello_driver' build argument 'catkin_cmake_args' from command line to 'None'
[1.214s] Level 5:colcon.colcon_core.verb:set package 'tello_driver' build argument 'catkin_skip_building_tests' from command line to 'False'
[1.214s] DEBUG:colcon.colcon_core.verb:Building package 'tello_driver' with the following arguments: {'ament_cmake_args': None, 'build_base': '/home/user/hcc_lab2/build/tello_driver', 'catkin_cmake_args': None, 'catkin_skip_building_tests': False, 'cmake_args': None, 'cmake_clean_cache': False, 'cmake_clean_first': False, 'cmake_force_configure': False, 'cmake_target': None, 'cmake_target_skip_unavailable': False, 'install_base': '/home/user/hcc_lab2/install/tello_driver', 'merge_install': False, 'path': '/home/user/hcc_lab2/src/tello_ros/tello_driver', 'symlink_install': False, 'test_result_base': None}
[1.214s] INFO:colcon.colcon_core.executor:Executing jobs using 'parallel' executor
[1.216s] DEBUG:colcon.colcon_parallel_executor.executor.parallel:run_until_complete
[1.217s] INFO:colcon.colcon_ros.task.ament_cmake.build:Building ROS package in '/home/user/hcc_lab2/src/ros2_shared' with build type 'ament_cmake'
[1.217s] INFO:colcon.colcon_cmake.task.cmake.build:Building CMake package in '/home/user/hcc_lab2/src/ros2_shared'
[1.245s] INFO:colcon.colcon_core.plugin_system:Skipping extension 'colcon_core.shell.bat': Not used on non-Windows systems
[1.245s] INFO:colcon.colcon_core.shell:Skip shell extension 'powershell' for command environment: Not usable outside of PowerShell
[1.245s] DEBUG:colcon.colcon_core.shell:Skip shell extension 'dsv' for command environment
[1.254s] INFO:colcon.colcon_ros.task.ament_cmake.build:Building ROS package in '/home/user/hcc_lab2/src/tello_ros/tello_msgs' with build type 'ament_cmake'
[1.255s] INFO:colcon.colcon_cmake.task.cmake.build:Building CMake package in '/home/user/hcc_lab2/src/tello_ros/tello_msgs'
[1.255s] INFO:colcon.colcon_core.shell:Skip shell extension 'powershell' for command environment: Not usable outside of PowerShell
[1.255s] DEBUG:colcon.colcon_core.shell:Skip shell extension 'dsv' for command environment
[1.263s] INFO:colcon.colcon_ros.task.ament_cmake.build:Building ROS package in '/home/user/hcc_lab2/src/tello_ros/tello_description' with build type 'ament_cmake'
[1.265s] INFO:colcon.colcon_cmake.task.cmake.build:Building CMake package in '/home/user/hcc_lab2/src/tello_ros/tello_description'
[1.267s] INFO:colcon.colcon_core.shell:Skip shell extension 'powershell' for command environment: Not usable outside of PowerShell
[1.267s] DEBUG:colcon.colcon_core.shell:Skip shell extension 'dsv' for command environment
[1.275s] INFO:colcon.colcon_ros.task.ament_python.build:Building ROS package in '/home/user/hcc_lab2/src/tello_localization' with build type 'ament_python'
[1.276s] Level 1:colcon.colcon_core.shell:create_environment_hook('tello_localization', 'ament_prefix_path')
[1.277s] INFO:colcon.colcon_core.shell:Creating environment hook '/home/user/hcc_lab2/install/tello_localization/share/tello_localization/hook/ament_prefix_path.ps1'
[1.283s] INFO:colcon.colcon_core.shell:Creating environment descriptor '/home/user/hcc_lab2/install/tello_localization/share/tello_localization/hook/ament_prefix_path.dsv'
[1.285s] INFO:colcon.colcon_core.shell:Creating environment hook '/home/user/hcc_lab2/install/tello_localization/share/tello_localization/hook/ament_prefix_path.sh'
[1.287s] INFO:colcon.colcon_core.shell:Skip shell extension 'powershell' for command environment: Not usable outside of PowerShell
[1.288s] DEBUG:colcon.colcon_core.shell:Skip shell extension 'dsv' for command environment
[1.301s] DEBUG:colcon.colcon_core.event_handler.log_command:Invoking command in '/home/user/hcc_lab2/build/ros2_shared': /usr/bin/cmake /home/user/hcc_lab2/src/ros2_shared -DCMAKE_INSTALL_PREFIX=/home/user/hcc_lab2/install/ros2_shared
[1.323s] DEBUG:colcon.colcon_core.event_handler.log_command:Invoking command in '/home/user/hcc_lab2/build/tello_msgs': /usr/bin/cmake /home/user/hcc_lab2/src/tello_ros/tello_msgs -DCMAKE_INSTALL_PREFIX=/home/user/hcc_lab2/install/tello_msgs
[1.334s] DEBUG:colcon.colcon_core.event_handler.log_command:Invoking command in '/home/user/hcc_lab2/build/tello_description': /usr/bin/cmake /home/user/hcc_lab2/src/tello_ros/tello_description -DCMAKE_INSTALL_PREFIX=/home/user/hcc_lab2/install/tello_description
[1.664s] WARNING:colcon.colcon_ros.task.ament_python.build:Package 'tello_localization' doesn't explicitly install a marker in the package index (colcon-ros currently does it implicitly but that fallback will be removed in the future)
[1.665s] INFO:colcon.colcon_core.task.python.build:Building Python package in '/home/user/hcc_lab2/src/tello_localization'
[1.666s] INFO:colcon.colcon_core.shell:Skip shell extension 'powershell' for command environment: Not usable outside of PowerShell
[1.666s] DEBUG:colcon.colcon_core.shell:Skip shell extension 'dsv' for command environment
[2.831s] DEBUG:colcon.colcon_core.event_handler.log_command:Invoking command in '/home/user/hcc_lab2/src/tello_localization': PYTHONPATH=/home/user/hcc_lab2/build/tello_localization/prefix_override:/usr/lib/python3/dist-packages/colcon_core/task/python/colcon_distutils_commands:/home/user/hcc_lab2/install/tello_localization/lib/python3.8/site-packages: /usr/bin/python3 -W ignore:setup.py install is deprecated -W ignore:easy_install command is deprecated setup.py egg_info --egg-base ../../build/tello_localization build --build-base /home/user/hcc_lab2/build/tello_localization/build install --record /home/user/hcc_lab2/build/tello_localization/install.log --single-version-externally-managed install_data
[3.262s] DEBUG:colcon.colcon_core.event_handler.log_command:Invoked command in '/home/user/hcc_lab2/build/tello_description' returned '1': /usr/bin/cmake /home/user/hcc_lab2/src/tello_ros/tello_description -DCMAKE_INSTALL_PREFIX=/home/user/hcc_lab2/install/tello_description
[3.270s] DEBUG:colcon.colcon_core.event_handler.log_command:Invoked command in '/home/user/hcc_lab2/src/tello_localization' returned '0': PYTHONPATH=/home/user/hcc_lab2/build/tello_localization/prefix_override:/usr/lib/python3/dist-packages/colcon_core/task/python/colcon_distutils_commands:/home/user/hcc_lab2/install/tello_localization/lib/python3.8/site-packages: /usr/bin/python3 -W ignore:setup.py install is deprecated -W ignore:easy_install command is deprecated setup.py egg_info --egg-base ../../build/tello_localization build --build-base /home/user/hcc_lab2/build/tello_localization/build install --record /home/user/hcc_lab2/build/tello_localization/install.log --single-version-externally-managed install_data
[3.310s] Level 1:colcon.colcon_core.environment:checking '/home/user/hcc_lab2/install/tello_localization' for CMake module files
[3.311s] Level 1:colcon.colcon_core.environment:checking '/home/user/hcc_lab2/install/tello_localization' for CMake config files
[3.312s] Level 1:colcon.colcon_core.environment:checking '/home/user/hcc_lab2/install/tello_localization/lib'
[3.312s] Level 1:colcon.colcon_core.environment:checking '/home/user/hcc_lab2/install/tello_localization/bin'
[3.312s] Level 1:colcon.colcon_core.environment:checking '/home/user/hcc_lab2/install/tello_localization/lib/pkgconfig/tello_localization.pc'
[3.313s] Level 1:colcon.colcon_core.environment:checking '/home/user/hcc_lab2/install/tello_localization/lib/python3.8/site-packages'
[3.313s] Level 1:colcon.colcon_core.shell:create_environment_hook('tello_localization', 'pythonpath')
[3.313s] INFO:colcon.colcon_core.shell:Creating environment hook '/home/user/hcc_lab2/install/tello_localization/share/tello_localization/hook/pythonpath.ps1'
[3.318s] INFO:colcon.colcon_core.shell:Creating environment descriptor '/home/user/hcc_lab2/install/tello_localization/share/tello_localization/hook/pythonpath.dsv'
[3.319s] INFO:colcon.colcon_core.shell:Creating environment hook '/home/user/hcc_lab2/install/tello_localization/share/tello_localization/hook/pythonpath.sh'
[3.321s] Level 1:colcon.colcon_core.environment:checking '/home/user/hcc_lab2/install/tello_localization/bin'
[3.321s] Level 1:colcon.colcon_core.environment:create_environment_scripts_only(tello_localization)
[3.322s] INFO:colcon.colcon_core.shell:Creating package script '/home/user/hcc_lab2/install/tello_localization/share/tello_localization/package.ps1'
[3.325s] INFO:colcon.colcon_core.shell:Creating package descriptor '/home/user/hcc_lab2/install/tello_localization/share/tello_localization/package.dsv'
[3.326s] INFO:colcon.colcon_core.shell:Creating package script '/home/user/hcc_lab2/install/tello_localization/share/tello_localization/package.sh'
[3.329s] INFO:colcon.colcon_core.shell:Creating package script '/home/user/hcc_lab2/install/tello_localization/share/tello_localization/package.bash'
[3.332s] INFO:colcon.colcon_core.shell:Creating package script '/home/user/hcc_lab2/install/tello_localization/share/tello_localization/package.zsh'
[3.346s] Level 1:colcon.colcon_core.environment:create_file_with_runtime_dependencies(/home/user/hcc_lab2/install/tello_localization/share/colcon-core/packages/tello_localization)
[3.365s] DEBUG:colcon.colcon_core.event_handler.log_command:Invoked command in '/home/user/hcc_lab2/build/ros2_shared' returned '1': /usr/bin/cmake /home/user/hcc_lab2/src/ros2_shared -DCMAKE_INSTALL_PREFIX=/home/user/hcc_lab2/install/ros2_shared
[3.376s] DEBUG:colcon.colcon_core.event_handler.log_command:Invoked command in '/home/user/hcc_lab2/build/tello_msgs' returned '1': /usr/bin/cmake /home/user/hcc_lab2/src/tello_ros/tello_msgs -DCMAKE_INSTALL_PREFIX=/home/user/hcc_lab2/install/tello_msgs
[3.378s] Level 1:colcon.colcon_core.environment:create_environment_scripts_only(tello_description)
[3.379s] Level 1:colcon.colcon_core.environment:checking '/home/user/hcc_lab2/install/tello_description' for CMake module files
[3.380s] Level 1:colcon.colcon_core.environment:checking '/home/user/hcc_lab2/install/tello_description' for CMake config files
[3.380s] Level 1:colcon.colcon_core.environment:checking '/home/user/hcc_lab2/install/tello_description/bin'
[3.380s] Level 1:colcon.colcon_core.environment:checking '/home/user/hcc_lab2/install/tello_description/lib/pkgconfig/tello_description.pc'
[3.380s] Level 1:colcon.colcon_core.environment:checking '/home/user/hcc_lab2/install/tello_description/lib/python3.8/site-packages'
[3.381s] Level 1:colcon.colcon_core.environment:checking '/home/user/hcc_lab2/install/tello_description/bin'
[3.381s] INFO:colcon.colcon_core.shell:Creating package script '/home/user/hcc_lab2/install/tello_description/share/tello_description/package.ps1'
[3.382s] INFO:colcon.colcon_core.shell:Creating package descriptor '/home/user/hcc_lab2/install/tello_description/share/tello_description/package.dsv'
[3.383s] INFO:colcon.colcon_core.shell:Creating package script '/home/user/hcc_lab2/install/tello_description/share/tello_description/package.sh'
[3.383s] INFO:colcon.colcon_core.shell:Creating package script '/home/user/hcc_lab2/install/tello_description/share/tello_description/package.bash'
[3.384s] INFO:colcon.colcon_core.shell:Creating package script '/home/user/hcc_lab2/install/tello_description/share/tello_description/package.zsh'
[3.384s] Level 1:colcon.colcon_core.environment:create_file_with_runtime_dependencies(/home/user/hcc_lab2/install/tello_description/share/colcon-core/packages/tello_description)
[3.403s] DEBUG:colcon.colcon_parallel_executor.executor.parallel:closing loop
[3.403s] DEBUG:colcon.colcon_parallel_executor.executor.parallel:loop closed
[3.403s] DEBUG:colcon.colcon_parallel_executor.executor.parallel:run_until_complete finished with '1'
[3.404s] DEBUG:colcon.colcon_core.event_reactor:joining thread
[3.428s] INFO:colcon.colcon_core.plugin_system:Skipping extension 'colcon_notification.desktop_notification.terminal_notifier': Not used on non-Darwin systems
[3.428s] INFO:colcon.colcon_core.plugin_system:Skipping extension 'colcon_notification.desktop_notification.win32': Not used on non-Windows systems
[3.428s] INFO:colcon.colcon_notification.desktop_notification:Sending desktop notification using 'notify2'
[3.558s] DEBUG:colcon.colcon_core.event_reactor:joined thread
[3.559s] INFO:colcon.colcon_core.shell:Creating prefix script '/home/user/hcc_lab2/install/local_setup.ps1'
[3.564s] INFO:colcon.colcon_core.shell:Creating prefix util module '/home/user/hcc_lab2/install/_local_setup_util_ps1.py'
[3.567s] INFO:colcon.colcon_core.shell:Creating prefix chain script '/home/user/hcc_lab2/install/setup.ps1'
[3.570s] INFO:colcon.colcon_core.shell:Creating prefix script '/home/user/hcc_lab2/install/local_setup.sh'
[3.573s] INFO:colcon.colcon_core.shell:Creating prefix util module '/home/user/hcc_lab2/install/_local_setup_util_sh.py'
[3.573s] INFO:colcon.colcon_core.shell:Creating prefix chain script '/home/user/hcc_lab2/install/setup.sh'
[3.576s] INFO:colcon.colcon_core.shell:Creating prefix script '/home/user/hcc_lab2/install/local_setup.bash'
[3.579s] INFO:colcon.colcon_core.shell:Creating prefix chain script '/home/user/hcc_lab2/install/setup.bash'
[3.582s] INFO:colcon.colcon_core.shell:Creating prefix script '/home/user/hcc_lab2/install/local_setup.zsh'
[3.584s] INFO:colcon.colcon_core.shell:Creating prefix chain script '/home/user/hcc_lab2/install/setup.zsh'
