[0.030s] Invoking command in '/home/user/hcc_lab2/build/tello_driver': AMENT_PREFIX_PATH=/home/user/hcc_lab2/install/tello_msgs:/home/user/hcc_lab2/install/ros2_shared:${AMENT_PREFIX_PATH} CMAKE_PREFIX_PATH=/home/user/hcc_lab2/install/tello_msgs:/home/user/hcc_lab2/install/ros2_shared:/opt/ros/foxy LD_LIBRARY_PATH=/home/user/hcc_lab2/install/tello_msgs/lib:${LD_LIBRARY_PATH} PYTHONPATH=/home/user/hcc_lab2/install/tello_msgs/lib/python3.8/site-packages:${PYTHONPATH} /usr/bin/cmake /home/user/hcc_lab2/src/tello_ros/tello_driver -DCMAKE_INSTALL_PREFIX=/home/user/hcc_lab2/install/tello_driver
[0.151s] -- The C compiler identification is GNU 9.4.0
[0.265s] -- The CXX compiler identification is GNU 9.4.0
[0.273s] -- Check for working C compiler: /usr/bin/cc
[0.432s] -- Check for working C compiler: /usr/bin/cc -- works
[0.434s] -- Detecting C compiler ABI info
[0.598s] -- Detecting C compiler ABI info - done
[0.617s] -- Detecting C compile features
[0.618s] -- Detecting C compile features - done
[0.622s] -- Check for working CXX compiler: /usr/bin/c++
[0.803s] -- Check for working CXX compiler: /usr/bin/c++ -- works
[0.805s] -- Detecting CXX compiler ABI info
[0.990s] -- Detecting CXX compiler ABI info - done
[1.008s] -- Detecting CXX compile features
[1.010s] -- Detecting CXX compile features - done
[1.014s] -- Found ament_cmake: 0.9.12 (/opt/ros/foxy/share/ament_cmake/cmake)
[1.058s] -- Found PythonInterp: /usr/bin/python3 (found suitable version "3.8.10", minimum required is "3") 
[1.058s] -- Using PYTHON_EXECUTABLE: /usr/bin/python3
[1.374s] -- Found camera_calibration_parsers: 2.4.0 (/opt/ros/foxy/share/camera_calibration_parsers/cmake)
[1.469s] -- Using all available rosidl_typesupport_c: rosidl_typesupport_fastrtps_c;rosidl_typesupport_introspection_c
[1.482s] -- Found rosidl_adapter: 1.3.1 (/opt/ros/foxy/share/rosidl_adapter/cmake)
[1.675s] -- Found OpenSSL: /usr/lib/x86_64-linux-gnu/libcrypto.so (found version "1.1.1f")  
[1.734s] -- Found FastRTPS: /opt/ros/foxy/include  
[1.885s] -- Using all available rosidl_typesupport_cpp: rosidl_typesupport_fastrtps_cpp;rosidl_typesupport_introspection_cpp
[1.984s] -- Found rmw_implementation_cmake: 1.0.4 (/opt/ros/foxy/share/rmw_implementation_cmake/cmake)
[1.987s] -- Using RMW implementation 'rmw_fastrtps_cpp' as default
[1.989s] -- Looking for pthread.h
[2.156s] -- Looking for pthread.h - found
[2.157s] -- Performing Test CMAKE_HAVE_LIBC_PTHREAD
[2.326s] -- Performing Test CMAKE_HAVE_LIBC_PTHREAD - Failed
[2.327s] -- Looking for pthread_create in pthreads
[2.469s] -- Looking for pthread_create in pthreads - not found
[2.469s] -- Looking for pthread_create in pthread
[2.631s] -- Looking for pthread_create in pthread - found
[2.633s] -- Found Threads: TRUE  
[3.200s] -- Setting yaml-cpp_DIR to: '/opt/ros/foxy/share/yaml_cpp_vendor/cmake/../../../opt/yaml_cpp_vendor/lib/cmake/yaml-cpp'
[3.222s] -- Found class_loader: 2.0.3 (/opt/ros/foxy/share/class_loader/cmake)
[3.258s] -- Found cv_bridge: 3.0.7 (/opt/ros/foxy/share/cv_bridge/cmake)
[3.339s] -- Found OpenCV: /usr (found version "4.2.0") 
[3.347s] -- Found rclcpp_components: 2.4.3 (/opt/ros/foxy/share/rclcpp_components/cmake)
[3.498s] -- Found ros2_shared: 0.1.0 (/home/user/hcc_lab2/install/ros2_shared/share/ros2_shared/cmake)
[3.505s] -- Found tello_msgs: 0.1.0 (/home/user/hcc_lab2/install/tello_msgs/share/tello_msgs/cmake)
[3.861s] -- Configuring done
[4.077s] -- Generating done
[4.119s] -- Build files have been written to: /home/user/hcc_lab2/build/tello_driver
[4.141s] Invoked command in '/home/user/hcc_lab2/build/tello_driver' returned '0': AMENT_PREFIX_PATH=/home/user/hcc_lab2/install/tello_msgs:/home/user/hcc_lab2/install/ros2_shared:${AMENT_PREFIX_PATH} CMAKE_PREFIX_PATH=/home/user/hcc_lab2/install/tello_msgs:/home/user/hcc_lab2/install/ros2_shared:/opt/ros/foxy LD_LIBRARY_PATH=/home/user/hcc_lab2/install/tello_msgs/lib:${LD_LIBRARY_PATH} PYTHONPATH=/home/user/hcc_lab2/install/tello_msgs/lib/python3.8/site-packages:${PYTHONPATH} /usr/bin/cmake /home/user/hcc_lab2/src/tello_ros/tello_driver -DCMAKE_INSTALL_PREFIX=/home/user/hcc_lab2/install/tello_driver
[4.143s] Invoking command in '/home/user/hcc_lab2/build/tello_driver': AMENT_PREFIX_PATH=/home/user/hcc_lab2/install/tello_msgs:/home/user/hcc_lab2/install/ros2_shared:${AMENT_PREFIX_PATH} CMAKE_PREFIX_PATH=/home/user/hcc_lab2/install/tello_msgs:/home/user/hcc_lab2/install/ros2_shared:/opt/ros/foxy LD_LIBRARY_PATH=/home/user/hcc_lab2/install/tello_msgs/lib:${LD_LIBRARY_PATH} PYTHONPATH=/home/user/hcc_lab2/install/tello_msgs/lib/python3.8/site-packages:${PYTHONPATH} /usr/bin/cmake --build /home/user/hcc_lab2/build/tello_driver -- -j4 -l4
[4.241s] [35m[1mScanning dependencies of target tello_joy_main[0m
[4.242s] [35m[1mScanning dependencies of target tello_driver_main[0m
[4.242s] [35m[1mScanning dependencies of target tello_emulator[0m
[4.244s] [35m[1mScanning dependencies of target tello_driver_node[0m
[4.269s] [  4%] [32mBuilding CXX object CMakeFiles/tello_emulator.dir/src/tello_emulator.cpp.o[0m
[5.036s] [  9%] [32mBuilding CXX object CMakeFiles/tello_joy_main.dir/src/tello_joy_main.cpp.o[0m
[5.383s] [ 13%] [32mBuilding CXX object CMakeFiles/tello_driver_main.dir/src/tello_driver_main.cpp.o[0m
[5.398s] [ 18%] [32mBuilding CXX object CMakeFiles/tello_driver_node.dir/src/tello_driver_node.cpp.o[0m
[8.709s] [ 22%] [32m[1mLinking CXX executable tello_emulator[0m
[8.865s] [ 22%] Built target tello_emulator
[8.890s] [35m[1mScanning dependencies of target tello_joy_node[0m
[8.986s] [ 27%] [32mBuilding CXX object CMakeFiles/tello_joy_node.dir/src/tello_joy_node.cpp.o[0m
[10.439s] [ 31%] [32mBuilding CXX object CMakeFiles/tello_joy_main.dir/src/tello_joy_node.cpp.o[0m
[12.930s] [ 36%] [32mBuilding CXX object CMakeFiles/tello_driver_main.dir/src/tello_driver_node.cpp.o[0m
[21.811s] [ 40%] [32m[1mLinking CXX shared library libtello_joy_node.so[0m
[22.333s] [ 40%] Built target tello_joy_node
[22.352s] [ 45%] [32mBuilding CXX object CMakeFiles/tello_driver_main.dir/src/tello_socket.cpp.o[0m
[23.105s] [ 50%] [32m[1mLinking CXX executable tello_joy_main[0m
[23.359s] [ 54%] [32mBuilding CXX object CMakeFiles/tello_driver_node.dir/src/tello_socket.cpp.o[0m
[23.543s] [ 54%] Built target tello_joy_main
[23.565s] [ 59%] [32mBuilding CXX object CMakeFiles/tello_driver_node.dir/src/command_socket.cpp.o[0m
[26.311s] [ 63%] [32mBuilding CXX object CMakeFiles/tello_driver_main.dir/src/command_socket.cpp.o[0m
[27.256s] [ 68%] [32mBuilding CXX object CMakeFiles/tello_driver_node.dir/src/state_socket.cpp.o[0m
[27.812s] [ 72%] [32mBuilding CXX object CMakeFiles/tello_driver_node.dir/src/video_socket.cpp.o[0m
[28.621s] [ 77%] [32mBuilding CXX object CMakeFiles/tello_driver_main.dir/src/state_socket.cpp.o[0m
[30.640s] [ 81%] [32mBuilding CXX object CMakeFiles/tello_driver_main.dir/src/video_socket.cpp.o[0m
[32.359s] [ 86%] [32mBuilding CXX object CMakeFiles/tello_driver_node.dir/h264decoder/h264decoder.cpp.o[0m
[32.723s] [ 90%] [32mBuilding CXX object CMakeFiles/tello_driver_main.dir/h264decoder/h264decoder.cpp.o[0m
[34.199s] [ 95%] [32m[1mLinking CXX shared library libtello_driver_node.so[0m
[35.569s] [ 95%] Built target tello_driver_node
[35.927s] [100%] [32m[1mLinking CXX executable tello_driver_main[0m
[38.085s] [100%] Built target tello_driver_main
[38.114s] Invoked command in '/home/user/hcc_lab2/build/tello_driver' returned '0': AMENT_PREFIX_PATH=/home/user/hcc_lab2/install/tello_msgs:/home/user/hcc_lab2/install/ros2_shared:${AMENT_PREFIX_PATH} CMAKE_PREFIX_PATH=/home/user/hcc_lab2/install/tello_msgs:/home/user/hcc_lab2/install/ros2_shared:/opt/ros/foxy LD_LIBRARY_PATH=/home/user/hcc_lab2/install/tello_msgs/lib:${LD_LIBRARY_PATH} PYTHONPATH=/home/user/hcc_lab2/install/tello_msgs/lib/python3.8/site-packages:${PYTHONPATH} /usr/bin/cmake --build /home/user/hcc_lab2/build/tello_driver -- -j4 -l4
[38.124s] Invoking command in '/home/user/hcc_lab2/build/tello_driver': AMENT_PREFIX_PATH=/home/user/hcc_lab2/install/tello_msgs:/home/user/hcc_lab2/install/ros2_shared:${AMENT_PREFIX_PATH} CMAKE_PREFIX_PATH=/home/user/hcc_lab2/install/tello_msgs:/home/user/hcc_lab2/install/ros2_shared:/opt/ros/foxy LD_LIBRARY_PATH=/home/user/hcc_lab2/install/tello_msgs/lib:${LD_LIBRARY_PATH} PYTHONPATH=/home/user/hcc_lab2/install/tello_msgs/lib/python3.8/site-packages:${PYTHONPATH} /usr/bin/cmake --install /home/user/hcc_lab2/build/tello_driver
[38.142s] -- Install configuration: ""
[38.142s] -- Installing: /home/user/hcc_lab2/install/tello_driver/share/tello_driver/environment/library_path.sh
[38.143s] -- Installing: /home/user/hcc_lab2/install/tello_driver/share/tello_driver/environment/library_path.dsv
[38.143s] -- Installing: /home/user/hcc_lab2/install/tello_driver/lib/libtello_driver_node.so
[38.162s] -- Set runtime path of "/home/user/hcc_lab2/install/tello_driver/lib/libtello_driver_node.so" to ""
[38.162s] -- Installing: /home/user/hcc_lab2/install/tello_driver/lib/libtello_joy_node.so
[38.174s] -- Set runtime path of "/home/user/hcc_lab2/install/tello_driver/lib/libtello_joy_node.so" to ""
[38.175s] -- Installing: /home/user/hcc_lab2/install/tello_driver/lib/tello_driver/tello_driver_main
[38.185s] -- Set runtime path of "/home/user/hcc_lab2/install/tello_driver/lib/tello_driver/tello_driver_main" to ""
[38.186s] -- Installing: /home/user/hcc_lab2/install/tello_driver/lib/tello_driver/tello_joy_main
[38.192s] -- Set runtime path of "/home/user/hcc_lab2/install/tello_driver/lib/tello_driver/tello_joy_main" to ""
[38.194s] -- Installing: /home/user/hcc_lab2/install/tello_driver/lib/tello_driver/tello_emulator
[38.194s] -- Installing: /home/user/hcc_lab2/install/tello_driver/share/tello_driver/cfg
[38.194s] -- Installing: /home/user/hcc_lab2/install/tello_driver/share/tello_driver/cfg/camera_info.yaml
[38.195s] -- Installing: /home/user/hcc_lab2/install/tello_driver/share/tello_driver/launch
[38.195s] -- Installing: /home/user/hcc_lab2/install/tello_driver/share/tello_driver/launch/emulators_launch.py
[38.196s] -- Installing: /home/user/hcc_lab2/install/tello_driver/share/tello_driver/launch/emulator_launch.py
[38.196s] -- Installing: /home/user/hcc_lab2/install/tello_driver/share/tello_driver/launch/teleop_launch.py
[38.197s] -- Installing: /home/user/hcc_lab2/install/tello_driver/share/ament_index/resource_index/package_run_dependencies/tello_driver
[38.197s] -- Installing: /home/user/hcc_lab2/install/tello_driver/share/ament_index/resource_index/parent_prefix_path/tello_driver
[38.197s] -- Installing: /home/user/hcc_lab2/install/tello_driver/share/tello_driver/environment/ament_prefix_path.sh
[38.197s] -- Installing: /home/user/hcc_lab2/install/tello_driver/share/tello_driver/environment/ament_prefix_path.dsv
[38.198s] -- Installing: /home/user/hcc_lab2/install/tello_driver/share/tello_driver/environment/path.sh
[38.199s] -- Installing: /home/user/hcc_lab2/install/tello_driver/share/tello_driver/environment/path.dsv
[38.199s] -- Installing: /home/user/hcc_lab2/install/tello_driver/share/tello_driver/local_setup.bash
[38.200s] -- Installing: /home/user/hcc_lab2/install/tello_driver/share/tello_driver/local_setup.sh
[38.200s] -- Installing: /home/user/hcc_lab2/install/tello_driver/share/tello_driver/local_setup.zsh
[38.201s] -- Installing: /home/user/hcc_lab2/install/tello_driver/share/tello_driver/local_setup.dsv
[38.201s] -- Installing: /home/user/hcc_lab2/install/tello_driver/share/tello_driver/package.dsv
[38.202s] -- Installing: /home/user/hcc_lab2/install/tello_driver/share/ament_index/resource_index/packages/tello_driver
[38.202s] -- Installing: /home/user/hcc_lab2/install/tello_driver/share/ament_index/resource_index/rclcpp_components/tello_driver
[38.203s] -- Installing: /home/user/hcc_lab2/install/tello_driver/share/tello_driver/cmake/tello_driverConfig.cmake
[38.203s] -- Installing: /home/user/hcc_lab2/install/tello_driver/share/tello_driver/cmake/tello_driverConfig-version.cmake
[38.204s] -- Installing: /home/user/hcc_lab2/install/tello_driver/share/tello_driver/package.xml
[38.211s] Invoked command in '/home/user/hcc_lab2/build/tello_driver' returned '0': AMENT_PREFIX_PATH=/home/user/hcc_lab2/install/tello_msgs:/home/user/hcc_lab2/install/ros2_shared:${AMENT_PREFIX_PATH} CMAKE_PREFIX_PATH=/home/user/hcc_lab2/install/tello_msgs:/home/user/hcc_lab2/install/ros2_shared:/opt/ros/foxy LD_LIBRARY_PATH=/home/user/hcc_lab2/install/tello_msgs/lib:${LD_LIBRARY_PATH} PYTHONPATH=/home/user/hcc_lab2/install/tello_msgs/lib/python3.8/site-packages:${PYTHONPATH} /usr/bin/cmake --install /home/user/hcc_lab2/build/tello_driver
