[0.058s] Invoking command in '/home/user/hcc_lab2/build/tello_description': /usr/bin/cmake /home/user/hcc_lab2/src/tello_ros/tello_description -DCMAKE_INSTALL_PREFIX=/home/user/hcc_lab2/install/tello_description
[0.111s] CMake Error at CMakeLists.txt:4 (find_package):
[0.111s]   By not providing "Findament_cmake.cmake" in CMAKE_MODULE_PATH this project
[0.111s]   has asked CMake to find a package configuration file provided by
[0.111s]   "ament_cmake", but CMake did not find one.
[0.112s] 
[0.113s]   Could not find a package configuration file provided by "ament_cmake" with
[0.114s]   any of the following names:
[0.114s] 
[0.114s]     ament_cmakeConfig.cmake
[0.115s]     ament_cmake-config.cmake
[0.115s] 
[0.115s]   Add the installation prefix of "ament_cmake" to CMAKE_PREFIX_PATH or set
[0.115s]   "ament_cmake_DIR" to a directory containing one of the above files.  If
[0.116s]   "ament_cmake" provides a separate development package or SDK, be sure it
[0.116s]   has been installed.
[0.116s] 
[0.117s] 
[0.117s] -- Configuring incomplete, errors occurred!
[0.118s] See also "/home/user/hcc_lab2/build/tello_description/CMakeFiles/CMakeOutput.log".
[0.404s] Invoked command in '/home/user/hcc_lab2/build/tello_description' returned '1': /usr/bin/cmake /home/user/hcc_lab2/src/tello_ros/tello_description -DCMAKE_INSTALL_PREFIX=/home/user/hcc_lab2/install/tello_description
