[0.071s] Invoking command in '/home/user/hcc_lab2/build/tello_msgs': CMAKE_PREFIX_PATH=/opt/ros/foxy /usr/bin/cmake /home/user/hcc_lab2/src/tello_ros/tello_msgs -DCMAKE_INSTALL_PREFIX=/home/user/hcc_lab2/install/tello_msgs
[0.126s] -- Found ament_cmake: 0.9.12 (/opt/ros/foxy/share/ament_cmake/cmake)
[0.202s] -- Found PythonInterp: /usr/bin/python3 (found suitable version "3.8.10", minimum required is "3") 
[0.203s] -- Using PYTHON_EXECUTABLE: /usr/bin/python3
[0.628s] -- Found rosidl_default_generators: 1.0.1 (/opt/ros/foxy/share/rosidl_default_generators/cmake)
[0.661s] -- Using all available rosidl_typesupport_c: rosidl_typesupport_fastrtps_c;rosidl_typesupport_introspection_c
[0.700s] -- Found rosidl_adapter: 1.3.1 (/opt/ros/foxy/share/rosidl_adapter/cmake)
[1.184s] -- Found OpenSSL: /usr/lib/x86_64-linux-gnu/libcrypto.so (found version "1.1.1f")  
[1.305s] -- Found FastRTPS: /opt/ros/foxy/include  
[1.662s] -- Using all available rosidl_typesupport_cpp: rosidl_typesupport_fastrtps_cpp;rosidl_typesupport_introspection_cpp
[1.784s] -- Found std_msgs: 2.0.5 (/opt/ros/foxy/share/std_msgs/cmake)
[1.928s] -- Found PythonInterp: /usr/bin/python3 (found version "3.8.10") 
[2.287s] -- Found ament_cmake_ros: 0.9.2 (/opt/ros/foxy/share/ament_cmake_ros/cmake)
[2.679s] -- Using all available rosidl_typesupport_c: rosidl_typesupport_fastrtps_c;rosidl_typesupport_introspection_c
[2.804s] -- Using all available rosidl_typesupport_cpp: rosidl_typesupport_fastrtps_cpp;rosidl_typesupport_introspection_cpp
[2.863s] -- Found PythonInterp: /usr/bin/python3 (found suitable version "3.8.10", minimum required is "3.5") 
[2.871s] -- Found python_cmake_module: 0.8.1 (/opt/ros/foxy/share/python_cmake_module/cmake)
[2.931s] -- Found PythonLibs: /usr/lib/x86_64-linux-gnu/libpython3.8.so (found suitable version "3.8.10", minimum required is "3.5") 
[2.932s] -- Using PYTHON_EXECUTABLE: /usr/bin/python3
[2.932s] -- Using PYTHON_INCLUDE_DIRS: /usr/include/python3.8
[2.933s] -- Using PYTHON_LIBRARIES: /usr/lib/x86_64-linux-gnu/libpython3.8.so
[2.969s] -- Found PythonExtra: .so  
[3.126s] -- Configuring done
[3.278s] -- Generating done
[3.307s] -- Build files have been written to: /home/user/hcc_lab2/build/tello_msgs
[3.324s] Invoked command in '/home/user/hcc_lab2/build/tello_msgs' returned '0': CMAKE_PREFIX_PATH=/opt/ros/foxy /usr/bin/cmake /home/user/hcc_lab2/src/tello_ros/tello_msgs -DCMAKE_INSTALL_PREFIX=/home/user/hcc_lab2/install/tello_msgs
[3.326s] Invoking command in '/home/user/hcc_lab2/build/tello_msgs': CMAKE_PREFIX_PATH=/opt/ros/foxy /usr/bin/cmake --build /home/user/hcc_lab2/build/tello_msgs -- -j4 -l4
[3.425s] [35m[1mScanning dependencies of target tello_msgs__cpp[0m
[3.426s] [  2%] [34m[1mGenerating C code for ROS interfaces[0m
[3.452s] [  4%] [34m[1mGenerating C++ code for ROS interfaces[0m
[4.533s] [35m[1mScanning dependencies of target tello_msgs__rosidl_generator_c[0m
[4.572s] [  4%] Built target tello_msgs__cpp
[4.599s] [  6%] [34m[1mGenerating C++ type support dispatch for ROS interfaces[0m
[4.601s] [  8%] [34m[1mGenerating C++ introspection for ROS interfaces[0m
[4.602s] [ 10%] [34m[1mGenerating C++ type support for eProsima Fast-RTPS[0m
[4.620s] [ 12%] [32mBuilding C object CMakeFiles/tello_msgs__rosidl_generator_c.dir/rosidl_generator_c/tello_msgs/msg/detail/flight_data__functions.c.o[0m
[4.811s] [ 14%] [32mBuilding C object CMakeFiles/tello_msgs__rosidl_generator_c.dir/rosidl_generator_c/tello_msgs/msg/detail/tello_response__functions.c.o[0m
[4.916s] [ 17%] [32mBuilding C object CMakeFiles/tello_msgs__rosidl_generator_c.dir/rosidl_generator_c/tello_msgs/srv/detail/tello_action__functions.c.o[0m
[5.026s] [ 19%] [32m[1mLinking C shared library libtello_msgs__rosidl_generator_c.so[0m
[5.207s] [ 19%] Built target tello_msgs__rosidl_generator_c
[5.238s] [ 21%] [34m[1mGenerating C introspection for ROS interfaces[0m
[5.765s] [35m[1mScanning dependencies of target tello_msgs__rosidl_typesupport_cpp[0m
[5.856s] [ 23%] [32mBuilding CXX object CMakeFiles/tello_msgs__rosidl_typesupport_cpp.dir/rosidl_typesupport_cpp/tello_msgs/msg/flight_data__type_support.cpp.o[0m
[6.185s] [35m[1mScanning dependencies of target tello_msgs__rosidl_typesupport_introspection_cpp[0m
[6.248s] [ 25%] [32mBuilding CXX object CMakeFiles/tello_msgs__rosidl_typesupport_introspection_cpp.dir/rosidl_typesupport_introspection_cpp/tello_msgs/msg/detail/flight_data__type_support.cpp.o[0m
[6.318s] [35m[1mScanning dependencies of target tello_msgs__rosidl_typesupport_fastrtps_cpp[0m
[6.421s] [ 27%] [32mBuilding CXX object CMakeFiles/tello_msgs__rosidl_typesupport_fastrtps_cpp.dir/rosidl_typesupport_fastrtps_cpp/tello_msgs/msg/detail/dds_fastrtps/flight_data__type_support.cpp.o[0m
[6.626s] [35m[1mScanning dependencies of target tello_msgs__rosidl_typesupport_introspection_c[0m
[6.719s] [ 29%] [32mBuilding C object CMakeFiles/tello_msgs__rosidl_typesupport_introspection_c.dir/rosidl_typesupport_introspection_c/tello_msgs/msg/detail/flight_data__type_support.c.o[0m
[6.995s] [ 31%] [32mBuilding CXX object CMakeFiles/tello_msgs__rosidl_typesupport_cpp.dir/rosidl_typesupport_cpp/tello_msgs/msg/tello_response__type_support.cpp.o[0m
[7.039s] [ 34%] [32mBuilding C object CMakeFiles/tello_msgs__rosidl_typesupport_introspection_c.dir/rosidl_typesupport_introspection_c/tello_msgs/msg/detail/tello_response__type_support.c.o[0m
[7.114s] [ 36%] [32mBuilding C object CMakeFiles/tello_msgs__rosidl_typesupport_introspection_c.dir/rosidl_typesupport_introspection_c/tello_msgs/srv/detail/tello_action__type_support.c.o[0m
[7.201s] [ 38%] [32mBuilding CXX object CMakeFiles/tello_msgs__rosidl_typesupport_introspection_cpp.dir/rosidl_typesupport_introspection_cpp/tello_msgs/msg/detail/tello_response__type_support.cpp.o[0m
[7.216s] [ 40%] [32m[1mLinking C shared library libtello_msgs__rosidl_typesupport_introspection_c.so[0m
[7.298s] [ 40%] Built target tello_msgs__rosidl_typesupport_introspection_c
[7.324s] [ 42%] [34m[1mGenerating C type support dispatch for ROS interfaces[0m
[7.865s] [ 44%] [32mBuilding CXX object CMakeFiles/tello_msgs__rosidl_typesupport_fastrtps_cpp.dir/rosidl_typesupport_fastrtps_cpp/tello_msgs/msg/detail/dds_fastrtps/tello_response__type_support.cpp.o[0m
[7.872s] [ 46%] [32mBuilding CXX object CMakeFiles/tello_msgs__rosidl_typesupport_cpp.dir/rosidl_typesupport_cpp/tello_msgs/srv/tello_action__type_support.cpp.o[0m
[8.024s] [ 48%] [32mBuilding CXX object CMakeFiles/tello_msgs__rosidl_typesupport_introspection_cpp.dir/rosidl_typesupport_introspection_cpp/tello_msgs/srv/detail/tello_action__type_support.cpp.o[0m
[8.515s] [ 51%] [32m[1mLinking CXX shared library libtello_msgs__rosidl_typesupport_cpp.so[0m
[8.612s] [35m[1mScanning dependencies of target tello_msgs__rosidl_typesupport_c[0m
[8.648s] [ 51%] Built target tello_msgs__rosidl_typesupport_cpp
[8.653s] [ 53%] [32m[1mLinking CXX shared library libtello_msgs__rosidl_typesupport_introspection_cpp.so[0m
[8.662s] [ 55%] [32mBuilding CXX object CMakeFiles/tello_msgs__rosidl_typesupport_c.dir/rosidl_typesupport_c/tello_msgs/msg/flight_data__type_support.cpp.o[0m
[8.671s] [ 57%] [32mBuilding CXX object CMakeFiles/tello_msgs__rosidl_typesupport_c.dir/rosidl_typesupport_c/tello_msgs/msg/tello_response__type_support.cpp.o[0m
[8.737s] [ 59%] [32mBuilding CXX object CMakeFiles/tello_msgs__rosidl_typesupport_c.dir/rosidl_typesupport_c/tello_msgs/srv/tello_action__type_support.cpp.o[0m
[8.765s] [ 61%] [32mBuilding CXX object CMakeFiles/tello_msgs__rosidl_typesupport_fastrtps_cpp.dir/rosidl_typesupport_fastrtps_cpp/tello_msgs/srv/detail/dds_fastrtps/tello_action__type_support.cpp.o[0m
[8.838s] [ 63%] [32m[1mLinking CXX shared library libtello_msgs__rosidl_typesupport_c.so[0m
[8.845s] [ 63%] Built target tello_msgs__rosidl_typesupport_introspection_cpp
[8.953s] [ 63%] Built target tello_msgs__rosidl_typesupport_c
[9.602s] [ 65%] [32m[1mLinking CXX shared library libtello_msgs__rosidl_typesupport_fastrtps_cpp.so[0m
[9.831s] [ 65%] Built target tello_msgs__rosidl_typesupport_fastrtps_cpp
[9.865s] [ 68%] [34m[1mGenerating C type support for eProsima Fast-RTPS[0m
[11.007s] [35m[1mScanning dependencies of target tello_msgs__rosidl_typesupport_fastrtps_c[0m
[11.063s] [ 70%] [32mBuilding CXX object CMakeFiles/tello_msgs__rosidl_typesupport_fastrtps_c.dir/rosidl_typesupport_fastrtps_c/tello_msgs/msg/detail/tello_response__type_support_c.cpp.o[0m
[11.064s] [ 72%] [32mBuilding CXX object CMakeFiles/tello_msgs__rosidl_typesupport_fastrtps_c.dir/rosidl_typesupport_fastrtps_c/tello_msgs/msg/detail/flight_data__type_support_c.cpp.o[0m
[11.066s] [ 74%] [32mBuilding CXX object CMakeFiles/tello_msgs__rosidl_typesupport_fastrtps_c.dir/rosidl_typesupport_fastrtps_c/tello_msgs/srv/detail/tello_action__type_support_c.cpp.o[0m
[11.759s] [ 76%] [32m[1mLinking CXX shared library libtello_msgs__rosidl_typesupport_fastrtps_c.so[0m
[11.930s] [ 76%] Built target tello_msgs__rosidl_typesupport_fastrtps_c
[11.955s] [35m[1mScanning dependencies of target tello_msgs[0m
[11.982s] [ 76%] Built target tello_msgs
[12.008s] [35m[1mScanning dependencies of target tello_msgs__py[0m
[12.037s] [ 78%] [34m[1mGenerating Python code for ROS interfaces[0m
[14.104s] [ 78%] Built target tello_msgs__py
[14.127s] [35m[1mScanning dependencies of target tello_msgs__python[0m
[14.306s] [ 80%] [32mBuilding C object CMakeFiles/tello_msgs__python.dir/rosidl_generator_py/tello_msgs/msg/_flight_data_s.c.o[0m
[14.308s] [ 82%] [32mBuilding C object CMakeFiles/tello_msgs__python.dir/rosidl_generator_py/tello_msgs/srv/_tello_action_s.c.o[0m
[14.308s] [ 85%] [32mBuilding C object CMakeFiles/tello_msgs__python.dir/rosidl_generator_py/tello_msgs/msg/_tello_response_s.c.o[0m
[14.565s] [ 87%] [32m[1mLinking C shared library rosidl_generator_py/tello_msgs/libtello_msgs__python.so[0m
[14.671s] [ 87%] Built target tello_msgs__python
[14.696s] [35m[1mScanning dependencies of target tello_msgs__rosidl_typesupport_c__pyext[0m
[14.697s] [35m[1mScanning dependencies of target tello_msgs__rosidl_typesupport_fastrtps_c__pyext[0m
[14.697s] [35m[1mScanning dependencies of target tello_msgs__rosidl_typesupport_introspection_c__pyext[0m
[14.742s] [ 89%] [32mBuilding C object CMakeFiles/tello_msgs__rosidl_typesupport_c__pyext.dir/rosidl_generator_py/tello_msgs/_tello_msgs_s.ep.rosidl_typesupport_c.c.o[0m
[14.743s] [ 91%] [32mBuilding C object CMakeFiles/tello_msgs__rosidl_typesupport_introspection_c__pyext.dir/rosidl_generator_py/tello_msgs/_tello_msgs_s.ep.rosidl_typesupport_introspection_c.c.o[0m
[14.755s] [ 93%] [32mBuilding C object CMakeFiles/tello_msgs__rosidl_typesupport_fastrtps_c__pyext.dir/rosidl_generator_py/tello_msgs/_tello_msgs_s.ep.rosidl_typesupport_fastrtps_c.c.o[0m
[14.910s] [ 95%] [32m[1mLinking C shared library rosidl_generator_py/tello_msgs/tello_msgs_s__rosidl_typesupport_c.cpython-38-x86_64-linux-gnu.so[0m
[14.916s] [ 97%] [32m[1mLinking C shared library rosidl_generator_py/tello_msgs/tello_msgs_s__rosidl_typesupport_introspection_c.cpython-38-x86_64-linux-gnu.so[0m
[14.927s] [100%] [32m[1mLinking CXX shared library rosidl_generator_py/tello_msgs/tello_msgs_s__rosidl_typesupport_fastrtps_c.cpython-38-x86_64-linux-gnu.so[0m
[14.995s] [100%] Built target tello_msgs__rosidl_typesupport_c__pyext
[14.996s] [100%] Built target tello_msgs__rosidl_typesupport_introspection_c__pyext
[15.068s] [100%] Built target tello_msgs__rosidl_typesupport_fastrtps_c__pyext
[15.098s] Invoked command in '/home/user/hcc_lab2/build/tello_msgs' returned '0': CMAKE_PREFIX_PATH=/opt/ros/foxy /usr/bin/cmake --build /home/user/hcc_lab2/build/tello_msgs -- -j4 -l4
[15.105s] Invoking command in '/home/user/hcc_lab2/build/tello_msgs': CMAKE_PREFIX_PATH=/opt/ros/foxy /usr/bin/cmake --install /home/user/hcc_lab2/build/tello_msgs
[15.122s] -- Install configuration: ""
[15.124s] -- Installing: /home/user/hcc_lab2/install/tello_msgs/share/ament_index/resource_index/rosidl_interfaces/tello_msgs
[15.125s] -- Installing: /home/user/hcc_lab2/install/tello_msgs/include/tello_msgs
[15.125s] -- Installing: /home/user/hcc_lab2/install/tello_msgs/include/tello_msgs/srv
[15.125s] -- Installing: /home/user/hcc_lab2/install/tello_msgs/include/tello_msgs/srv/detail
[15.126s] -- Installing: /home/user/hcc_lab2/install/tello_msgs/include/tello_msgs/srv/detail/tello_action__type_support.h
[15.126s] -- Installing: /home/user/hcc_lab2/install/tello_msgs/include/tello_msgs/srv/detail/tello_action__functions.h
[15.126s] -- Installing: /home/user/hcc_lab2/install/tello_msgs/include/tello_msgs/srv/detail/tello_action__functions.c
[15.127s] -- Installing: /home/user/hcc_lab2/install/tello_msgs/include/tello_msgs/srv/detail/tello_action__struct.h
[15.127s] -- Installing: /home/user/hcc_lab2/install/tello_msgs/include/tello_msgs/srv/tello_action.h
[15.128s] -- Installing: /home/user/hcc_lab2/install/tello_msgs/include/tello_msgs/msg
[15.128s] -- Installing: /home/user/hcc_lab2/install/tello_msgs/include/tello_msgs/msg/tello_response.h
[15.128s] -- Installing: /home/user/hcc_lab2/install/tello_msgs/include/tello_msgs/msg/rosidl_generator_c__visibility_control.h
[15.129s] -- Installing: /home/user/hcc_lab2/install/tello_msgs/include/tello_msgs/msg/detail
[15.129s] -- Installing: /home/user/hcc_lab2/install/tello_msgs/include/tello_msgs/msg/detail/tello_response__functions.c
[15.129s] -- Installing: /home/user/hcc_lab2/install/tello_msgs/include/tello_msgs/msg/detail/flight_data__functions.c
[15.130s] -- Installing: /home/user/hcc_lab2/install/tello_msgs/include/tello_msgs/msg/detail/flight_data__type_support.h
[15.130s] -- Installing: /home/user/hcc_lab2/install/tello_msgs/include/tello_msgs/msg/detail/flight_data__struct.h
[15.130s] -- Installing: /home/user/hcc_lab2/install/tello_msgs/include/tello_msgs/msg/detail/tello_response__struct.h
[15.131s] -- Installing: /home/user/hcc_lab2/install/tello_msgs/include/tello_msgs/msg/detail/tello_response__type_support.h
[15.131s] -- Installing: /home/user/hcc_lab2/install/tello_msgs/include/tello_msgs/msg/detail/flight_data__functions.h
[15.131s] -- Installing: /home/user/hcc_lab2/install/tello_msgs/include/tello_msgs/msg/detail/tello_response__functions.h
[15.132s] -- Installing: /home/user/hcc_lab2/install/tello_msgs/include/tello_msgs/msg/flight_data.h
[15.132s] -- Installing: /home/user/hcc_lab2/install/tello_msgs/share/tello_msgs/environment/library_path.sh
[15.133s] -- Installing: /home/user/hcc_lab2/install/tello_msgs/share/tello_msgs/environment/library_path.dsv
[15.133s] -- Installing: /home/user/hcc_lab2/install/tello_msgs/lib/libtello_msgs__rosidl_generator_c.so
[15.134s] -- Set runtime path of "/home/user/hcc_lab2/install/tello_msgs/lib/libtello_msgs__rosidl_generator_c.so" to ""
[15.135s] -- Up-to-date: /home/user/hcc_lab2/install/tello_msgs/include/tello_msgs
[15.135s] -- Up-to-date: /home/user/hcc_lab2/install/tello_msgs/include/tello_msgs/srv
[15.135s] -- Up-to-date: /home/user/hcc_lab2/install/tello_msgs/include/tello_msgs/srv/detail
[15.136s] -- Installing: /home/user/hcc_lab2/install/tello_msgs/include/tello_msgs/srv/detail/tello_action__rosidl_typesupport_fastrtps_c.h
[15.136s] -- Up-to-date: /home/user/hcc_lab2/install/tello_msgs/include/tello_msgs/msg
[15.136s] -- Up-to-date: /home/user/hcc_lab2/install/tello_msgs/include/tello_msgs/msg/detail
[15.136s] -- Installing: /home/user/hcc_lab2/install/tello_msgs/include/tello_msgs/msg/detail/flight_data__rosidl_typesupport_fastrtps_c.h
[15.137s] -- Installing: /home/user/hcc_lab2/install/tello_msgs/include/tello_msgs/msg/detail/tello_response__rosidl_typesupport_fastrtps_c.h
[15.137s] -- Installing: /home/user/hcc_lab2/install/tello_msgs/include/tello_msgs/msg/rosidl_typesupport_fastrtps_c__visibility_control.h
[15.138s] -- Installing: /home/user/hcc_lab2/install/tello_msgs/lib/libtello_msgs__rosidl_typesupport_fastrtps_c.so
[15.138s] -- Set runtime path of "/home/user/hcc_lab2/install/tello_msgs/lib/libtello_msgs__rosidl_typesupport_fastrtps_c.so" to ""
[15.138s] -- Up-to-date: /home/user/hcc_lab2/install/tello_msgs/include/tello_msgs
[15.138s] -- Up-to-date: /home/user/hcc_lab2/install/tello_msgs/include/tello_msgs/srv
[15.139s] -- Up-to-date: /home/user/hcc_lab2/install/tello_msgs/include/tello_msgs/srv/detail
[15.139s] -- Installing: /home/user/hcc_lab2/install/tello_msgs/include/tello_msgs/srv/detail/dds_fastrtps
[15.140s] -- Installing: /home/user/hcc_lab2/install/tello_msgs/include/tello_msgs/srv/detail/tello_action__rosidl_typesupport_fastrtps_cpp.hpp
[15.140s] -- Up-to-date: /home/user/hcc_lab2/install/tello_msgs/include/tello_msgs/msg
[15.141s] -- Installing: /home/user/hcc_lab2/install/tello_msgs/include/tello_msgs/msg/rosidl_typesupport_fastrtps_cpp__visibility_control.h
[15.141s] -- Up-to-date: /home/user/hcc_lab2/install/tello_msgs/include/tello_msgs/msg/detail
[15.141s] -- Installing: /home/user/hcc_lab2/install/tello_msgs/include/tello_msgs/msg/detail/dds_fastrtps
[15.142s] -- Installing: /home/user/hcc_lab2/install/tello_msgs/include/tello_msgs/msg/detail/flight_data__rosidl_typesupport_fastrtps_cpp.hpp
[15.142s] -- Installing: /home/user/hcc_lab2/install/tello_msgs/include/tello_msgs/msg/detail/tello_response__rosidl_typesupport_fastrtps_cpp.hpp
[15.142s] -- Installing: /home/user/hcc_lab2/install/tello_msgs/lib/libtello_msgs__rosidl_typesupport_fastrtps_cpp.so
[15.143s] -- Set runtime path of "/home/user/hcc_lab2/install/tello_msgs/lib/libtello_msgs__rosidl_typesupport_fastrtps_cpp.so" to ""
[15.143s] -- Up-to-date: /home/user/hcc_lab2/install/tello_msgs/include/tello_msgs
[15.143s] -- Up-to-date: /home/user/hcc_lab2/install/tello_msgs/include/tello_msgs/srv
[15.144s] -- Up-to-date: /home/user/hcc_lab2/install/tello_msgs/include/tello_msgs/srv/detail
[15.144s] -- Installing: /home/user/hcc_lab2/install/tello_msgs/include/tello_msgs/srv/detail/tello_action__rosidl_typesupport_introspection_c.h
[15.144s] -- Installing: /home/user/hcc_lab2/install/tello_msgs/include/tello_msgs/srv/detail/tello_action__type_support.c
[15.145s] -- Up-to-date: /home/user/hcc_lab2/install/tello_msgs/include/tello_msgs/msg
[15.145s] -- Installing: /home/user/hcc_lab2/install/tello_msgs/include/tello_msgs/msg/rosidl_typesupport_introspection_c__visibility_control.h
[15.146s] -- Up-to-date: /home/user/hcc_lab2/install/tello_msgs/include/tello_msgs/msg/detail
[15.147s] -- Installing: /home/user/hcc_lab2/install/tello_msgs/include/tello_msgs/msg/detail/tello_response__rosidl_typesupport_introspection_c.h
[15.147s] -- Installing: /home/user/hcc_lab2/install/tello_msgs/include/tello_msgs/msg/detail/flight_data__type_support.c
[15.147s] -- Installing: /home/user/hcc_lab2/install/tello_msgs/include/tello_msgs/msg/detail/flight_data__rosidl_typesupport_introspection_c.h
[15.148s] -- Installing: /home/user/hcc_lab2/install/tello_msgs/include/tello_msgs/msg/detail/tello_response__type_support.c
[15.148s] -- Installing: /home/user/hcc_lab2/install/tello_msgs/lib/libtello_msgs__rosidl_typesupport_introspection_c.so
[15.148s] -- Set runtime path of "/home/user/hcc_lab2/install/tello_msgs/lib/libtello_msgs__rosidl_typesupport_introspection_c.so" to ""
[15.148s] -- Installing: /home/user/hcc_lab2/install/tello_msgs/lib/libtello_msgs__rosidl_typesupport_c.so
[15.149s] -- Set runtime path of "/home/user/hcc_lab2/install/tello_msgs/lib/libtello_msgs__rosidl_typesupport_c.so" to ""
[15.149s] -- Up-to-date: /home/user/hcc_lab2/install/tello_msgs/include/tello_msgs
[15.149s] -- Up-to-date: /home/user/hcc_lab2/install/tello_msgs/include/tello_msgs/srv
[15.149s] -- Installing: /home/user/hcc_lab2/install/tello_msgs/include/tello_msgs/srv/tello_action.hpp
[15.150s] -- Up-to-date: /home/user/hcc_lab2/install/tello_msgs/include/tello_msgs/srv/detail
[15.150s] -- Installing: /home/user/hcc_lab2/install/tello_msgs/include/tello_msgs/srv/detail/tello_action__type_support.hpp
[15.150s] -- Installing: /home/user/hcc_lab2/install/tello_msgs/include/tello_msgs/srv/detail/tello_action__builder.hpp
[15.150s] -- Installing: /home/user/hcc_lab2/install/tello_msgs/include/tello_msgs/srv/detail/tello_action__traits.hpp
[15.150s] -- Installing: /home/user/hcc_lab2/install/tello_msgs/include/tello_msgs/srv/detail/tello_action__struct.hpp
[15.150s] -- Up-to-date: /home/user/hcc_lab2/install/tello_msgs/include/tello_msgs/msg
[15.150s] -- Installing: /home/user/hcc_lab2/install/tello_msgs/include/tello_msgs/msg/flight_data.hpp
[15.150s] -- Installing: /home/user/hcc_lab2/install/tello_msgs/include/tello_msgs/msg/tello_response.hpp
[15.150s] -- Installing: /home/user/hcc_lab2/install/tello_msgs/include/tello_msgs/msg/rosidl_generator_cpp__visibility_control.hpp
[15.150s] -- Up-to-date: /home/user/hcc_lab2/install/tello_msgs/include/tello_msgs/msg/detail
[15.151s] -- Installing: /home/user/hcc_lab2/install/tello_msgs/include/tello_msgs/msg/detail/flight_data__struct.hpp
[15.151s] -- Installing: /home/user/hcc_lab2/install/tello_msgs/include/tello_msgs/msg/detail/flight_data__builder.hpp
[15.152s] -- Installing: /home/user/hcc_lab2/install/tello_msgs/include/tello_msgs/msg/detail/tello_response__type_support.hpp
[15.153s] -- Installing: /home/user/hcc_lab2/install/tello_msgs/include/tello_msgs/msg/detail/flight_data__traits.hpp
[15.153s] -- Installing: /home/user/hcc_lab2/install/tello_msgs/include/tello_msgs/msg/detail/tello_response__traits.hpp
[15.153s] -- Installing: /home/user/hcc_lab2/install/tello_msgs/include/tello_msgs/msg/detail/tello_response__struct.hpp
[15.153s] -- Installing: /home/user/hcc_lab2/install/tello_msgs/include/tello_msgs/msg/detail/flight_data__type_support.hpp
[15.154s] -- Installing: /home/user/hcc_lab2/install/tello_msgs/include/tello_msgs/msg/detail/tello_response__builder.hpp
[15.154s] -- Up-to-date: /home/user/hcc_lab2/install/tello_msgs/include/tello_msgs
[15.154s] -- Up-to-date: /home/user/hcc_lab2/install/tello_msgs/include/tello_msgs/srv
[15.155s] -- Up-to-date: /home/user/hcc_lab2/install/tello_msgs/include/tello_msgs/srv/detail
[15.155s] -- Installing: /home/user/hcc_lab2/install/tello_msgs/include/tello_msgs/srv/detail/tello_action__type_support.cpp
[15.155s] -- Installing: /home/user/hcc_lab2/install/tello_msgs/include/tello_msgs/srv/detail/tello_action__rosidl_typesupport_introspection_cpp.hpp
[15.155s] -- Up-to-date: /home/user/hcc_lab2/install/tello_msgs/include/tello_msgs/msg
[15.155s] -- Up-to-date: /home/user/hcc_lab2/install/tello_msgs/include/tello_msgs/msg/detail
[15.156s] -- Installing: /home/user/hcc_lab2/install/tello_msgs/include/tello_msgs/msg/detail/flight_data__rosidl_typesupport_introspection_cpp.hpp
[15.156s] -- Installing: /home/user/hcc_lab2/install/tello_msgs/include/tello_msgs/msg/detail/tello_response__type_support.cpp
[15.156s] -- Installing: /home/user/hcc_lab2/install/tello_msgs/include/tello_msgs/msg/detail/tello_response__rosidl_typesupport_introspection_cpp.hpp
[15.157s] -- Installing: /home/user/hcc_lab2/install/tello_msgs/include/tello_msgs/msg/detail/flight_data__type_support.cpp
[15.157s] -- Installing: /home/user/hcc_lab2/install/tello_msgs/lib/libtello_msgs__rosidl_typesupport_introspection_cpp.so
[15.157s] -- Set runtime path of "/home/user/hcc_lab2/install/tello_msgs/lib/libtello_msgs__rosidl_typesupport_introspection_cpp.so" to ""
[15.158s] -- Installing: /home/user/hcc_lab2/install/tello_msgs/lib/libtello_msgs__rosidl_typesupport_cpp.so
[15.158s] -- Set runtime path of "/home/user/hcc_lab2/install/tello_msgs/lib/libtello_msgs__rosidl_typesupport_cpp.so" to ""
[15.158s] -- Installing: /home/user/hcc_lab2/install/tello_msgs/share/tello_msgs/environment/pythonpath.sh
[15.158s] -- Installing: /home/user/hcc_lab2/install/tello_msgs/share/tello_msgs/environment/pythonpath.dsv
[15.159s] -- Installing: /home/user/hcc_lab2/install/tello_msgs/lib/python3.8/site-packages/tello_msgs/__init__.py
[15.211s] Compiling '/home/user/hcc_lab2/install/tello_msgs/lib/python3.8/site-packages/tello_msgs/__init__.py'...
[15.220s] -- Installing: /home/user/hcc_lab2/install/tello_msgs/lib/python3.8/site-packages/tello_msgs/msg
[15.220s] -- Installing: /home/user/hcc_lab2/install/tello_msgs/lib/python3.8/site-packages/tello_msgs/msg/_tello_response.py
[15.220s] -- Installing: /home/user/hcc_lab2/install/tello_msgs/lib/python3.8/site-packages/tello_msgs/msg/_tello_response_s.c
[15.221s] -- Installing: /home/user/hcc_lab2/install/tello_msgs/lib/python3.8/site-packages/tello_msgs/msg/_flight_data.py
[15.221s] -- Installing: /home/user/hcc_lab2/install/tello_msgs/lib/python3.8/site-packages/tello_msgs/msg/__init__.py
[15.221s] -- Installing: /home/user/hcc_lab2/install/tello_msgs/lib/python3.8/site-packages/tello_msgs/msg/_flight_data_s.c
[15.221s] -- Installing: /home/user/hcc_lab2/install/tello_msgs/lib/python3.8/site-packages/tello_msgs/srv
[15.222s] -- Installing: /home/user/hcc_lab2/install/tello_msgs/lib/python3.8/site-packages/tello_msgs/srv/_tello_action_s.c
[15.223s] -- Installing: /home/user/hcc_lab2/install/tello_msgs/lib/python3.8/site-packages/tello_msgs/srv/__init__.py
[15.223s] -- Installing: /home/user/hcc_lab2/install/tello_msgs/lib/python3.8/site-packages/tello_msgs/srv/_tello_action.py
[15.223s] -- Installing: /home/user/hcc_lab2/install/tello_msgs/lib/python3.8/site-packages/tello_msgs/tello_msgs_s__rosidl_typesupport_fastrtps_c.cpython-38-x86_64-linux-gnu.so
[15.224s] -- Set runtime path of "/home/user/hcc_lab2/install/tello_msgs/lib/python3.8/site-packages/tello_msgs/tello_msgs_s__rosidl_typesupport_fastrtps_c.cpython-38-x86_64-linux-gnu.so" to ""
[15.225s] -- Installing: /home/user/hcc_lab2/install/tello_msgs/lib/python3.8/site-packages/tello_msgs/tello_msgs_s__rosidl_typesupport_introspection_c.cpython-38-x86_64-linux-gnu.so
[15.226s] -- Set runtime path of "/home/user/hcc_lab2/install/tello_msgs/lib/python3.8/site-packages/tello_msgs/tello_msgs_s__rosidl_typesupport_introspection_c.cpython-38-x86_64-linux-gnu.so" to ""
[15.226s] -- Installing: /home/user/hcc_lab2/install/tello_msgs/lib/python3.8/site-packages/tello_msgs/tello_msgs_s__rosidl_typesupport_c.cpython-38-x86_64-linux-gnu.so
[15.227s] -- Set runtime path of "/home/user/hcc_lab2/install/tello_msgs/lib/python3.8/site-packages/tello_msgs/tello_msgs_s__rosidl_typesupport_c.cpython-38-x86_64-linux-gnu.so" to ""
[15.227s] -- Installing: /home/user/hcc_lab2/install/tello_msgs/lib/libtello_msgs__python.so
[15.228s] -- Set runtime path of "/home/user/hcc_lab2/install/tello_msgs/lib/libtello_msgs__python.so" to ""
[15.229s] -- Installing: /home/user/hcc_lab2/install/tello_msgs/share/tello_msgs/msg/FlightData.idl
[15.229s] -- Installing: /home/user/hcc_lab2/install/tello_msgs/share/tello_msgs/msg/TelloResponse.idl
[15.230s] -- Installing: /home/user/hcc_lab2/install/tello_msgs/share/tello_msgs/srv/TelloAction.idl
[15.230s] -- Installing: /home/user/hcc_lab2/install/tello_msgs/share/tello_msgs/msg/FlightData.msg
[15.230s] -- Installing: /home/user/hcc_lab2/install/tello_msgs/share/tello_msgs/msg/TelloResponse.msg
[15.231s] -- Installing: /home/user/hcc_lab2/install/tello_msgs/share/tello_msgs/srv/TelloAction.srv
[15.231s] -- Installing: /home/user/hcc_lab2/install/tello_msgs/share/tello_msgs/srv/TelloAction_Request.msg
[15.232s] -- Installing: /home/user/hcc_lab2/install/tello_msgs/share/tello_msgs/srv/TelloAction_Response.msg
[15.232s] -- Installing: /home/user/hcc_lab2/install/tello_msgs/share/ament_index/resource_index/package_run_dependencies/tello_msgs
[15.233s] -- Installing: /home/user/hcc_lab2/install/tello_msgs/share/ament_index/resource_index/parent_prefix_path/tello_msgs
[15.234s] -- Installing: /home/user/hcc_lab2/install/tello_msgs/share/tello_msgs/environment/ament_prefix_path.sh
[15.234s] -- Installing: /home/user/hcc_lab2/install/tello_msgs/share/tello_msgs/environment/ament_prefix_path.dsv
[15.234s] -- Installing: /home/user/hcc_lab2/install/tello_msgs/share/tello_msgs/environment/path.sh
[15.235s] -- Installing: /home/user/hcc_lab2/install/tello_msgs/share/tello_msgs/environment/path.dsv
[15.235s] -- Installing: /home/user/hcc_lab2/install/tello_msgs/share/tello_msgs/local_setup.bash
[15.235s] -- Installing: /home/user/hcc_lab2/install/tello_msgs/share/tello_msgs/local_setup.sh
[15.235s] -- Installing: /home/user/hcc_lab2/install/tello_msgs/share/tello_msgs/local_setup.zsh
[15.235s] -- Installing: /home/user/hcc_lab2/install/tello_msgs/share/tello_msgs/local_setup.dsv
[15.237s] -- Installing: /home/user/hcc_lab2/install/tello_msgs/share/tello_msgs/package.dsv
[15.237s] -- Installing: /home/user/hcc_lab2/install/tello_msgs/share/ament_index/resource_index/packages/tello_msgs
[15.237s] -- Installing: /home/user/hcc_lab2/install/tello_msgs/share/tello_msgs/cmake/tello_msgs__rosidl_generator_cExport.cmake
[15.238s] -- Installing: /home/user/hcc_lab2/install/tello_msgs/share/tello_msgs/cmake/tello_msgs__rosidl_generator_cExport-noconfig.cmake
[15.239s] -- Installing: /home/user/hcc_lab2/install/tello_msgs/share/tello_msgs/cmake/tello_msgs__rosidl_typesupport_introspection_cExport.cmake
[15.239s] -- Installing: /home/user/hcc_lab2/install/tello_msgs/share/tello_msgs/cmake/tello_msgs__rosidl_typesupport_introspection_cExport-noconfig.cmake
[15.239s] -- Installing: /home/user/hcc_lab2/install/tello_msgs/share/tello_msgs/cmake/tello_msgs__rosidl_typesupport_cExport.cmake
[15.239s] -- Installing: /home/user/hcc_lab2/install/tello_msgs/share/tello_msgs/cmake/tello_msgs__rosidl_typesupport_cExport-noconfig.cmake
[15.240s] -- Installing: /home/user/hcc_lab2/install/tello_msgs/share/tello_msgs/cmake/tello_msgs__rosidl_generator_cppExport.cmake
[15.241s] -- Installing: /home/user/hcc_lab2/install/tello_msgs/share/tello_msgs/cmake/tello_msgs__rosidl_typesupport_introspection_cppExport.cmake
[15.241s] -- Installing: /home/user/hcc_lab2/install/tello_msgs/share/tello_msgs/cmake/tello_msgs__rosidl_typesupport_introspection_cppExport-noconfig.cmake
[15.242s] -- Installing: /home/user/hcc_lab2/install/tello_msgs/share/tello_msgs/cmake/tello_msgs__rosidl_typesupport_cppExport.cmake
[15.242s] -- Installing: /home/user/hcc_lab2/install/tello_msgs/share/tello_msgs/cmake/tello_msgs__rosidl_typesupport_cppExport-noconfig.cmake
[15.243s] -- Installing: /home/user/hcc_lab2/install/tello_msgs/share/tello_msgs/cmake/rosidl_cmake-extras.cmake
[15.243s] -- Installing: /home/user/hcc_lab2/install/tello_msgs/share/tello_msgs/cmake/ament_cmake_export_dependencies-extras.cmake
[15.246s] -- Installing: /home/user/hcc_lab2/install/tello_msgs/share/tello_msgs/cmake/ament_cmake_export_libraries-extras.cmake
[15.247s] -- Installing: /home/user/hcc_lab2/install/tello_msgs/share/tello_msgs/cmake/ament_cmake_export_targets-extras.cmake
[15.247s] -- Installing: /home/user/hcc_lab2/install/tello_msgs/share/tello_msgs/cmake/ament_cmake_export_include_directories-extras.cmake
[15.247s] -- Installing: /home/user/hcc_lab2/install/tello_msgs/share/tello_msgs/cmake/rosidl_cmake_export_typesupport_libraries-extras.cmake
[15.248s] -- Installing: /home/user/hcc_lab2/install/tello_msgs/share/tello_msgs/cmake/rosidl_cmake_export_typesupport_targets-extras.cmake
[15.248s] -- Installing: /home/user/hcc_lab2/install/tello_msgs/share/tello_msgs/cmake/tello_msgsConfig.cmake
[15.248s] -- Installing: /home/user/hcc_lab2/install/tello_msgs/share/tello_msgs/cmake/tello_msgsConfig-version.cmake
[15.248s] -- Installing: /home/user/hcc_lab2/install/tello_msgs/share/tello_msgs/package.xml
[15.254s] Invoked command in '/home/user/hcc_lab2/build/tello_msgs' returned '0': CMAKE_PREFIX_PATH=/opt/ros/foxy /usr/bin/cmake --install /home/user/hcc_lab2/build/tello_msgs
