-- Found ament_cmake: 0.9.12 (/opt/ros/foxy/share/ament_cmake/cmake)
-- Found PythonInterp: /usr/bin/python3 (found suitable version "3.8.10", minimum required is "3") 
-- Using PYTHON_EXECUTABLE: /usr/bin/python3
-- creating rules for /home/user/hcc_lab2/build/tello_description/urdf/tello.urdf
-- creating rules for /home/user/hcc_lab2/build/tello_description/urdf/tello_1.urdf
-- creating rules for /home/user/hcc_lab2/build/tello_description/urdf/tello_2.urdf
-- creating rules for /home/user/hcc_lab2/build/tello_description/urdf/tello_3.urdf
-- creating rules for /home/user/hcc_lab2/build/tello_description/urdf/tello_4.urdf
-- creating rules for /home/user/hcc_lab2/build/tello_description/urdf/tello_5.urdf
-- creating rules for /home/user/hcc_lab2/build/tello_description/urdf/tello_6.urdf
-- creating rules for /home/user/hcc_lab2/build/tello_description/urdf/tello_7.urdf
-- creating rules for /home/user/hcc_lab2/build/tello_description/urdf/tello_8.urdf
-- Configuring done
-- Generating done
-- Build files have been written to: /home/user/hcc_lab2/build/tello_description
[35m[1mScanning dependencies of target generate_urdf[0m
[35m[1mScanning dependencies of target generate_urdf_3[0m
[ 11%] [34m[1mGenerate /home/user/hcc_lab2/build/tello_description/urdf/tello.urdf[0m
[35m[1mScanning dependencies of target generate_urdf_6[0m
[35m[1mScanning dependencies of target generate_urdf_1[0m
[ 22%] [34m[1mGenerate /home/user/hcc_lab2/build/tello_description/urdf/tello_3.urdf[0m
[ 33%] [34m[1mGenerate /home/user/hcc_lab2/build/tello_description/urdf/tello_1.urdf[0m
[ 44%] [34m[1mGenerate /home/user/hcc_lab2/build/tello_description/urdf/tello_6.urdf[0m
[ 44%] Built target generate_urdf
[ 44%] Built target generate_urdf_1
[ 44%] Built target generate_urdf_3
[35m[1mScanning dependencies of target generate_urdf_8[0m
[35m[1mScanning dependencies of target generate_urdf_5[0m
[ 55%] [34m[1mGenerate /home/user/hcc_lab2/build/tello_description/urdf/tello_8.urdf[0m
[35m[1mScanning dependencies of target generate_urdf_4[0m
[ 55%] Built target generate_urdf_6
[ 66%] [34m[1mGenerate /home/user/hcc_lab2/build/tello_description/urdf/tello_5.urdf[0m
[ 77%] [34m[1mGenerate /home/user/hcc_lab2/build/tello_description/urdf/tello_4.urdf[0m
[35m[1mScanning dependencies of target generate_urdf_7[0m
[ 77%] Built target generate_urdf_8
[ 88%] [34m[1mGenerate /home/user/hcc_lab2/build/tello_description/urdf/tello_7.urdf[0m
[ 88%] Built target generate_urdf_4
[35m[1mScanning dependencies of target generate_urdf_2[0m
[ 88%] Built target generate_urdf_5
[100%] [34m[1mGenerate /home/user/hcc_lab2/build/tello_description/urdf/tello_2.urdf[0m
[100%] Built target generate_urdf_7
[100%] Built target generate_urdf_2
-- Install configuration: ""
-- Installing: /home/user/hcc_lab2/install/tello_description/share/tello_description/urdf
-- Installing: /home/user/hcc_lab2/install/tello_description/share/tello_description/urdf/tello_2.urdf
-- Installing: /home/user/hcc_lab2/install/tello_description/share/tello_description/urdf/tello_5.urdf
-- Installing: /home/user/hcc_lab2/install/tello_description/share/tello_description/urdf/tello.urdf
-- Installing: /home/user/hcc_lab2/install/tello_description/share/tello_description/urdf/tello_3.urdf
-- Installing: /home/user/hcc_lab2/install/tello_description/share/tello_description/urdf/tello_6.urdf
-- Installing: /home/user/hcc_lab2/install/tello_description/share/tello_description/urdf/tello_8.urdf
-- Installing: /home/user/hcc_lab2/install/tello_description/share/tello_description/urdf/tello_1.urdf
-- Installing: /home/user/hcc_lab2/install/tello_description/share/tello_description/urdf/tello_4.urdf
-- Installing: /home/user/hcc_lab2/install/tello_description/share/tello_description/urdf/tello_7.urdf
-- Installing: /home/user/hcc_lab2/install/tello_description/share/ament_index/resource_index/package_run_dependencies/tello_description
-- Installing: /home/user/hcc_lab2/install/tello_description/share/ament_index/resource_index/parent_prefix_path/tello_description
-- Installing: /home/user/hcc_lab2/install/tello_description/share/tello_description/environment/ament_prefix_path.sh
-- Installing: /home/user/hcc_lab2/install/tello_description/share/tello_description/environment/ament_prefix_path.dsv
-- Installing: /home/user/hcc_lab2/install/tello_description/share/tello_description/environment/path.sh
-- Installing: /home/user/hcc_lab2/install/tello_description/share/tello_description/environment/path.dsv
-- Installing: /home/user/hcc_lab2/install/tello_description/share/tello_description/local_setup.bash
-- Installing: /home/user/hcc_lab2/install/tello_description/share/tello_description/local_setup.sh
-- Installing: /home/user/hcc_lab2/install/tello_description/share/tello_description/local_setup.zsh
-- Installing: /home/user/hcc_lab2/install/tello_description/share/tello_description/local_setup.dsv
-- Installing: /home/user/hcc_lab2/install/tello_description/share/tello_description/package.dsv
-- Installing: /home/user/hcc_lab2/install/tello_description/share/ament_index/resource_index/packages/tello_description
-- Installing: /home/user/hcc_lab2/install/tello_description/share/tello_description/cmake/tello_descriptionConfig.cmake
-- Installing: /home/user/hcc_lab2/install/tello_description/share/tello_description/cmake/tello_descriptionConfig-version.cmake
-- Installing: /home/user/hcc_lab2/install/tello_description/share/tello_description/package.xml
