[0.064s] Invoking command in '/home/user/hcc_lab2/build/tello_description': CMAKE_PREFIX_PATH=/opt/ros/foxy /usr/bin/cmake /home/user/hcc_lab2/src/tello_ros/tello_description -DCMAKE_INSTALL_PREFIX=/home/user/hcc_lab2/install/tello_description
[0.119s] -- Found ament_cmake: 0.9.12 (/opt/ros/foxy/share/ament_cmake/cmake)
[0.193s] -- Found PythonInterp: /usr/bin/python3 (found suitable version "3.8.10", minimum required is "3") 
[0.193s] -- Using PYTHON_EXECUTABLE: /usr/bin/python3
[0.604s] -- creating rules for /home/user/hcc_lab2/build/tello_description/urdf/tello.urdf
[0.605s] -- creating rules for /home/user/hcc_lab2/build/tello_description/urdf/tello_1.urdf
[0.613s] -- creating rules for /home/user/hcc_lab2/build/tello_description/urdf/tello_2.urdf
[0.614s] -- creating rules for /home/user/hcc_lab2/build/tello_description/urdf/tello_3.urdf
[0.614s] -- creating rules for /home/user/hcc_lab2/build/tello_description/urdf/tello_4.urdf
[0.614s] -- creating rules for /home/user/hcc_lab2/build/tello_description/urdf/tello_5.urdf
[0.614s] -- creating rules for /home/user/hcc_lab2/build/tello_description/urdf/tello_6.urdf
[0.615s] -- creating rules for /home/user/hcc_lab2/build/tello_description/urdf/tello_7.urdf
[0.615s] -- creating rules for /home/user/hcc_lab2/build/tello_description/urdf/tello_8.urdf
[0.852s] -- Configuring done
[0.865s] -- Generating done
[0.872s] -- Build files have been written to: /home/user/hcc_lab2/build/tello_description
[0.881s] Invoked command in '/home/user/hcc_lab2/build/tello_description' returned '0': CMAKE_PREFIX_PATH=/opt/ros/foxy /usr/bin/cmake /home/user/hcc_lab2/src/tello_ros/tello_description -DCMAKE_INSTALL_PREFIX=/home/user/hcc_lab2/install/tello_description
[0.884s] Invoking command in '/home/user/hcc_lab2/build/tello_description': CMAKE_PREFIX_PATH=/opt/ros/foxy /usr/bin/cmake --build /home/user/hcc_lab2/build/tello_description -- -j4 -l4
[0.974s] [35m[1mScanning dependencies of target generate_urdf[0m
[0.993s] [35m[1mScanning dependencies of target generate_urdf_3[0m
[1.000s] [ 11%] [34m[1mGenerate /home/user/hcc_lab2/build/tello_description/urdf/tello.urdf[0m
[1.011s] [35m[1mScanning dependencies of target generate_urdf_6[0m
[1.011s] [35m[1mScanning dependencies of target generate_urdf_1[0m
[1.038s] [ 22%] [34m[1mGenerate /home/user/hcc_lab2/build/tello_description/urdf/tello_3.urdf[0m
[1.042s] [ 33%] [34m[1mGenerate /home/user/hcc_lab2/build/tello_description/urdf/tello_1.urdf[0m
[1.096s] [ 44%] [34m[1mGenerate /home/user/hcc_lab2/build/tello_description/urdf/tello_6.urdf[0m
[1.128s] [ 44%] Built target generate_urdf
[1.136s] [ 44%] Built target generate_urdf_1
[1.157s] [ 44%] Built target generate_urdf_3
[1.204s] [35m[1mScanning dependencies of target generate_urdf_8[0m
[1.221s] [35m[1mScanning dependencies of target generate_urdf_5[0m
[1.235s] [ 55%] [34m[1mGenerate /home/user/hcc_lab2/build/tello_description/urdf/tello_8.urdf[0m
[1.248s] [35m[1mScanning dependencies of target generate_urdf_4[0m
[1.265s] [ 55%] Built target generate_urdf_6
[1.316s] [ 66%] [34m[1mGenerate /home/user/hcc_lab2/build/tello_description/urdf/tello_5.urdf[0m
[1.317s] [ 77%] [34m[1mGenerate /home/user/hcc_lab2/build/tello_description/urdf/tello_4.urdf[0m
[1.322s] [35m[1mScanning dependencies of target generate_urdf_7[0m
[1.356s] [ 77%] Built target generate_urdf_8
[1.372s] [ 88%] [34m[1mGenerate /home/user/hcc_lab2/build/tello_description/urdf/tello_7.urdf[0m
[1.443s] [ 88%] Built target generate_urdf_4
[1.483s] [35m[1mScanning dependencies of target generate_urdf_2[0m
[1.486s] [ 88%] Built target generate_urdf_5
[1.519s] [100%] [34m[1mGenerate /home/user/hcc_lab2/build/tello_description/urdf/tello_2.urdf[0m
[1.522s] [100%] Built target generate_urdf_7
[1.601s] [100%] Built target generate_urdf_2
[1.633s] Invoked command in '/home/user/hcc_lab2/build/tello_description' returned '0': CMAKE_PREFIX_PATH=/opt/ros/foxy /usr/bin/cmake --build /home/user/hcc_lab2/build/tello_description -- -j4 -l4
[1.659s] Invoking command in '/home/user/hcc_lab2/build/tello_description': CMAKE_PREFIX_PATH=/opt/ros/foxy /usr/bin/cmake --install /home/user/hcc_lab2/build/tello_description
[1.681s] -- Install configuration: ""
[1.682s] -- Installing: /home/user/hcc_lab2/install/tello_description/share/tello_description/urdf
[1.682s] -- Installing: /home/user/hcc_lab2/install/tello_description/share/tello_description/urdf/tello_2.urdf
[1.682s] -- Installing: /home/user/hcc_lab2/install/tello_description/share/tello_description/urdf/tello_5.urdf
[1.682s] -- Installing: /home/user/hcc_lab2/install/tello_description/share/tello_description/urdf/tello.urdf
[1.683s] -- Installing: /home/user/hcc_lab2/install/tello_description/share/tello_description/urdf/tello_3.urdf
[1.683s] -- Installing: /home/user/hcc_lab2/install/tello_description/share/tello_description/urdf/tello_6.urdf
[1.683s] -- Installing: /home/user/hcc_lab2/install/tello_description/share/tello_description/urdf/tello_8.urdf
[1.683s] -- Installing: /home/user/hcc_lab2/install/tello_description/share/tello_description/urdf/tello_1.urdf
[1.684s] -- Installing: /home/user/hcc_lab2/install/tello_description/share/tello_description/urdf/tello_4.urdf
[1.684s] -- Installing: /home/user/hcc_lab2/install/tello_description/share/tello_description/urdf/tello_7.urdf
[1.684s] -- Installing: /home/user/hcc_lab2/install/tello_description/share/ament_index/resource_index/package_run_dependencies/tello_description
[1.685s] -- Installing: /home/user/hcc_lab2/install/tello_description/share/ament_index/resource_index/parent_prefix_path/tello_description
[1.685s] -- Installing: /home/user/hcc_lab2/install/tello_description/share/tello_description/environment/ament_prefix_path.sh
[1.686s] -- Installing: /home/user/hcc_lab2/install/tello_description/share/tello_description/environment/ament_prefix_path.dsv
[1.686s] -- Installing: /home/user/hcc_lab2/install/tello_description/share/tello_description/environment/path.sh
[1.687s] -- Installing: /home/user/hcc_lab2/install/tello_description/share/tello_description/environment/path.dsv
[1.687s] -- Installing: /home/user/hcc_lab2/install/tello_description/share/tello_description/local_setup.bash
[1.688s] -- Installing: /home/user/hcc_lab2/install/tello_description/share/tello_description/local_setup.sh
[1.696s] -- Installing: /home/user/hcc_lab2/install/tello_description/share/tello_description/local_setup.zsh
[1.698s] -- Installing: /home/user/hcc_lab2/install/tello_description/share/tello_description/local_setup.dsv
[1.699s] -- Installing: /home/user/hcc_lab2/install/tello_description/share/tello_description/package.dsv
[1.699s] -- Installing: /home/user/hcc_lab2/install/tello_description/share/ament_index/resource_index/packages/tello_description
[1.700s] -- Installing: /home/user/hcc_lab2/install/tello_description/share/tello_description/cmake/tello_descriptionConfig.cmake
[1.700s] -- Installing: /home/user/hcc_lab2/install/tello_description/share/tello_description/cmake/tello_descriptionConfig-version.cmake
[1.700s] -- Installing: /home/user/hcc_lab2/install/tello_description/share/tello_description/package.xml
[1.724s] Invoked command in '/home/user/hcc_lab2/build/tello_description' returned '0': CMAKE_PREFIX_PATH=/opt/ros/foxy /usr/bin/cmake --install /home/user/hcc_lab2/build/tello_description
