[1.070s] Invoking command in '/home/user/hcc_lab2/src/tello_localization': PYTHONPATH=/home/user/hcc_lab2/build/tello_localization/prefix_override:/usr/lib/python3/dist-packages/colcon_core/task/python/colcon_distutils_commands:/home/user/hcc_lab2/install/tello_localization/lib/python3.8/site-packages:${PYTHONPATH} /usr/bin/python3 -W ignore:setup.py install is deprecated -W ignore:easy_install command is deprecated setup.py egg_info --egg-base ../../build/tello_localization build --build-base /home/user/hcc_lab2/build/tello_localization/build install --record /home/user/hcc_lab2/build/tello_localization/install.log --single-version-externally-managed install_data
[1.625s] running egg_info
[1.627s] writing ../../build/tello_localization/tello_localization.egg-info/PKG-INFO
[1.628s] writing dependency_links to ../../build/tello_localization/tello_localization.egg-info/dependency_links.txt
[1.628s] writing entry points to ../../build/tello_localization/tello_localization.egg-info/entry_points.txt
[1.629s] writing requirements to ../../build/tello_localization/tello_localization.egg-info/requires.txt
[1.629s] writing top-level names to ../../build/tello_localization/tello_localization.egg-info/top_level.txt
[1.681s] reading manifest file '../../build/tello_localization/tello_localization.egg-info/SOURCES.txt'
[1.683s] writing manifest file '../../build/tello_localization/tello_localization.egg-info/SOURCES.txt'
[1.683s] running build
[1.683s] running build_py
[1.685s] running install
[1.686s] running install_lib
[1.688s] byte-compiling /home/user/hcc_lab2/install/tello_localization/lib/python3.8/site-packages/tello_localization/ekf_localization_node.py to ekf_localization_node.cpython-38.pyc
[1.689s] byte-compiling /home/user/hcc_lab2/install/tello_localization/lib/python3.8/site-packages/tello_localization/apriltag_detector_node.py to apriltag_detector_node.cpython-38.pyc
[1.691s]   File "/home/user/hcc_lab2/install/tello_localization/lib/python3.8/site-packages/tello_localization/ekf_localization_node.py", line 36
[1.692s]     self.Sigma = ???                                        # TODO
[1.692s]                  ^
[1.692s] SyntaxError: invalid syntax
[1.692s] 
[1.693s]   File "/home/user/hcc_lab2/install/tello_localization/lib/python3.8/site-packages/tello_localization/apriltag_detector_node.py", line 24
[1.693s]     FX = ???
[1.693s]          ^
[1.693s] SyntaxError: invalid syntax
[1.708s] 
[1.709s] running install_data
[1.709s] running install_egg_info
[1.712s] removing '/home/user/hcc_lab2/install/tello_localization/lib/python3.8/site-packages/tello_localization-0.1.0-py3.8.egg-info' (and everything under it)
[1.714s] Copying ../../build/tello_localization/tello_localization.egg-info to /home/user/hcc_lab2/install/tello_localization/lib/python3.8/site-packages/tello_localization-0.1.0-py3.8.egg-info
[1.715s] running install_scripts
[1.736s] Installing apriltag_detector_node script to /home/user/hcc_lab2/install/tello_localization/lib/tello_localization
[1.737s] Installing control_tello_ekf script to /home/user/hcc_lab2/install/tello_localization/lib/tello_localization
[1.738s] Installing ekf_localization_node script to /home/user/hcc_lab2/install/tello_localization/lib/tello_localization
[1.739s] Installing tag_tf_broadcaster script to /home/user/hcc_lab2/install/tello_localization/lib/tello_localization
[1.740s] writing list of installed files to '/home/user/hcc_lab2/build/tello_localization/install.log'
[1.782s] Invoked command in '/home/user/hcc_lab2/src/tello_localization' returned '0': PYTHONPATH=/home/user/hcc_lab2/build/tello_localization/prefix_override:/usr/lib/python3/dist-packages/colcon_core/task/python/colcon_distutils_commands:/home/user/hcc_lab2/install/tello_localization/lib/python3.8/site-packages:${PYTHONPATH} /usr/bin/python3 -W ignore:setup.py install is deprecated -W ignore:easy_install command is deprecated setup.py egg_info --egg-base ../../build/tello_localization build --build-base /home/user/hcc_lab2/build/tello_localization/build install --record /home/user/hcc_lab2/build/tello_localization/install.log --single-version-externally-managed install_data
