[0.885s] Invoking command in '/home/user/hcc_lab2/src/tello_localization': PYTHONPATH=/home/user/hcc_lab2/build/tello_localization/prefix_override:/usr/lib/python3/dist-packages/colcon_core/task/python/colcon_distutils_commands:/home/user/hcc_lab2/install/tello_localization/lib/python3.8/site-packages:${PYTHONPATH} /usr/bin/python3 -W ignore:setup.py install is deprecated -W ignore:easy_install command is deprecated setup.py egg_info --egg-base ../../build/tello_localization build --build-base /home/user/hcc_lab2/build/tello_localization/build install --record /home/user/hcc_lab2/build/tello_localization/install.log --single-version-externally-managed install_data
[1.146s] running egg_info
[1.146s] writing ../../build/tello_localization/tello_localization.egg-info/PKG-INFO
[1.148s] writing dependency_links to ../../build/tello_localization/tello_localization.egg-info/dependency_links.txt
[1.149s] writing entry points to ../../build/tello_localization/tello_localization.egg-info/entry_points.txt
[1.150s] writing requirements to ../../build/tello_localization/tello_localization.egg-info/requires.txt
[1.151s] writing top-level names to ../../build/tello_localization/tello_localization.egg-info/top_level.txt
[1.192s] reading manifest file '../../build/tello_localization/tello_localization.egg-info/SOURCES.txt'
[1.194s] writing manifest file '../../build/tello_localization/tello_localization.egg-info/SOURCES.txt'
[1.195s] running build
[1.195s] running build_py
[1.195s] copying tello_localization/ekf_localization_node.py -> /home/user/hcc_lab2/build/tello_localization/build/lib/tello_localization
[1.196s] running install
[1.197s] running install_lib
[1.199s] copying /home/user/hcc_lab2/build/tello_localization/build/lib/tello_localization/ekf_localization_node.py -> /home/user/hcc_lab2/install/tello_localization/lib/python3.8/site-packages/tello_localization
[1.200s] byte-compiling /home/user/hcc_lab2/install/tello_localization/lib/python3.8/site-packages/tello_localization/ekf_localization_node.py to ekf_localization_node.cpython-38.pyc
[1.204s] running install_data
[1.204s] running install_egg_info
[1.207s] removing '/home/user/hcc_lab2/install/tello_localization/lib/python3.8/site-packages/tello_localization-0.1.0-py3.8.egg-info' (and everything under it)
[1.207s] Copying ../../build/tello_localization/tello_localization.egg-info to /home/user/hcc_lab2/install/tello_localization/lib/python3.8/site-packages/tello_localization-0.1.0-py3.8.egg-info
[1.208s] running install_scripts
[1.230s] Installing apriltag_detector_node script to /home/user/hcc_lab2/install/tello_localization/lib/tello_localization
[1.231s] Installing control_tello_ekf script to /home/user/hcc_lab2/install/tello_localization/lib/tello_localization
[1.233s] Installing ekf_localization_node script to /home/user/hcc_lab2/install/tello_localization/lib/tello_localization
[1.233s] Installing tag_tf_broadcaster script to /home/user/hcc_lab2/install/tello_localization/lib/tello_localization
[1.234s] writing list of installed files to '/home/user/hcc_lab2/build/tello_localization/install.log'
[1.266s] Invoked command in '/home/user/hcc_lab2/src/tello_localization' returned '0': PYTHONPATH=/home/user/hcc_lab2/build/tello_localization/prefix_override:/usr/lib/python3/dist-packages/colcon_core/task/python/colcon_distutils_commands:/home/user/hcc_lab2/install/tello_localization/lib/python3.8/site-packages:${PYTHONPATH} /usr/bin/python3 -W ignore:setup.py install is deprecated -W ignore:easy_install command is deprecated setup.py egg_info --egg-base ../../build/tello_localization build --build-base /home/user/hcc_lab2/build/tello_localization/build install --record /home/user/hcc_lab2/build/tello_localization/install.log --single-version-externally-managed install_data
